 0 6 7 12 13 
 1 7 8 13 14 
 2 8 9 15 
 3 9 10 16 17 
 4 10 11 17 18 
 5 6 11 19 
 6 0 5 12 19 20 
 7 0 1 12 13 21 22 
 8 1 2 14 15 23 
 9 2 3 15 16 25 
 10 3 4 17 18 26 27 
 11 4 5 18 19 28 
 12 0 6 7 20 21 31 
 13 0 1 7 21 22 32 
 14 1 8 22 23 33 34 
 15 2 8 9 23 24 34 35 
 16 3 9 25 26 36 
 17 3 4 10 18 26 27 37 
 18 4 10 11 17 27 28 38 
 19 5 6 11 28 29 30 39 
 20 6 12 21 30 31 40 41 
 21 7 12 13 20 22 31 32 41 42 
 22 7 13 14 21 32 33 43 
 23 8 14 15 33 34 44 
 24 15 25 34 35 45 46 
 25 9 16 24 26 35 36 46 47 
 26 10 16 17 25 36 37 47 48 
 27 10 17 18 37 38 49 
 28 11 18 19 38 39 50 
 29 19 30 39 51 
 30 19 20 29 40 51 52 
 31 12 20 21 41 53 
 32 13 21 22 42 43 55 
 33 14 22 23 43 44 56 
 34 14 15 23 24 44 45 57 58 
 35 15 24 25 45 46 59 
 36 16 25 26 47 60 
 37 17 26 27 38 48 49 62 
 38 18 27 28 37 49 50 63 
 39 19 28 29 50 51 64 65 
 40 20 30 41 52 53 66 
 41 20 21 31 40 53 54 67 
 42 21 32 54 55 68 
 43 22 32 33 44 55 56 69 70 
 44 23 33 34 43 56 57 70 71 
 45 24 34 35 46 58 59 72 
 46 24 25 35 45 59 60 73 
 47 25 26 36 60 61 74 
 48 26 37 61 62 75 
 49 27 37 38 62 63 76 77 
 50 28 38 39 63 64 77 78 
 51 29 30 39 65 79 
 52 30 40 53 65 66 79 80 
 53 31 40 41 52 66 67 81 
 54 41 42 55 67 68 82 
 55 32 42 43 54 68 69 83 
 56 33 43 44 57 69 70 84 
 57 34 44 56 58 70 71 85 
 58 34 45 57 59 71 72 86 
 59 35 45 46 58 60 72 73 87 
 60 36 46 47 59 73 74 88 
 61 47 48 62 74 75 89 
 62 37 48 49 61 75 76 90 
 63 38 49 50 64 76 77 91 
 64 39 50 63 65 77 78 92 
 65 39 51 52 64 78 79 93 
 66 40 52 53 79 80 81 94 
 67 41 53 54 68 81 82 95 
 68 42 54 55 67 82 83 96 
 69 43 55 56 70 83 84 97 
 70 43 44 56 57 69 84 85 98 
 71 44 57 58 72 85 86 99 
 72 45 58 59 71 86 87 100 
 73 46 59 60 74 87 88 101 
 74 47 60 61 73 75 88 89 102 
 75 48 61 62 74 89 90 103 
 76 49 62 63 77 90 91 104 
 77 49 50 63 64 76 91 92 105 
 78 50 64 65 79 92 93 106 
 79 51 52 65 66 78 80 93 107 
 80 52 66 79 81 93 94 107 108 
 81 53 66 67 80 82 94 95 109 
 82 54 67 68 81 83 95 96 110 
 83 55 68 69 82 84 96 97 111 
 84 56 69 70 83 85 97 98 112 
 85 57 70 71 84 86 98 99 113 
 86 58 71 72 85 87 99 100 114 
 87 59 72 73 86 88 100 101 115 
 88 60 73 74 87 89 101 102 116 
 89 61 74 75 88 90 102 103 117 
 90 62 75 76 89 91 103 104 118 
 91 63 76 77 90 92 104 105 119 
 92 64 77 78 91 93 105 106 120 
 93 65 78 79 80 92 106 107 121 
 94 66 80 81 95 107 108 109 122 
 95 67 81 82 94 96 109 110 133 
 96 68 82 83 95 97 110 111 
 97 69 83 84 96 98 111 112 136 
 98 70 84 85 97 99 112 113 125 137 
 99 71 85 86 98 100 113 114 
 100 72 86 87 99 101 114 115 140 
 101 73 87 88 100 102 115 116 126 
 102 74 88 89 101 103 116 117 143 
 103 75 89 90 102 104 117 118 144 
 104 76 90 91 103 105 118 119 146 
 105 77 91 92 104 106 119 120 129 147 
 106 78 92 93 105 107 120 121 
 107 79 80 93 94 106 108 121 130 
 108 80 94 107 109 121 122 130 131 132 150 151 166 
 109 81 94 95 108 110 122 123 131 132 133 151 152 167 
 110 82 95 96 109 111 123 133 134 152 153 168 
 111 83 96 97 110 112 134 135 136 153 154 155 169 
 112 84 97 98 111 113 124 125 136 137 154 155 156 170 
 113 85 98 99 112 114 125 137 138 139 156 157 
 114 86 99 100 113 115 138 139 140 157 158 171 
 115 87 100 101 114 116 126 140 141 142 158 159 172 
 116 88 101 102 115 117 126 127 141 142 143 159 160 173 
 117 89 102 103 116 118 127 143 144 145 160 161 174 
 118 90 103 104 117 119 144 145 146 161 162 163 175 
 119 91 104 105 118 120 128 129 146 147 162 163 164 176 
 120 92 105 106 119 121 129 147 148 149 164 165 177 
 121 93 106 107 108 120 130 148 149 150 165 177 
 122 94 108 109 123 130 131 132 151 152 
 123 109 110 122 132 133 134 151 152 
 124 112 125 135 136 137 155 156 
 125 98 112 113 124 137 138 139 155 156 
 126 101 115 116 127 140 141 142 159 160 
 127 116 117 126 142 143 144 159 160 161 
 128 119 129 145 146 147 163 164 
 129 105 119 120 128 147 148 149 163 164 
 130 107 108 121 122 131 149 150 151 165 166 177 
 131 108 109 122 130 132 150 151 166 167 
 132 108 109 122 123 131 133 150 151 152 166 167 
 133 95 109 110 123 132 134 152 153 167 168 
 134 110 111 123 133 135 152 153 154 168 169 
 135 111 124 134 136 153 154 155 168 169 
 136 97 111 112 124 135 137 154 155 169 170 
 137 98 112 113 124 125 136 138 154 155 156 157 169 170 171 
 138 113 114 125 137 139 156 157 170 171 
 139 113 114 125 138 140 156 157 158 171 172 
 140 100 114 115 126 139 141 157 158 159 171 172 
 141 115 116 126 140 142 158 159 172 173 
 142 115 116 126 127 141 143 158 159 160 172 173 
 143 102 116 117 127 142 144 160 161 173 174 
 144 103 117 118 127 143 145 160 161 162 174 175 
 145 117 118 128 144 146 161 162 163 174 175 
 146 104 118 119 128 145 147 162 163 175 176 
 147 105 119 120 128 129 146 148 162 163 164 165 175 176 177 
 148 120 121 129 147 149 164 165 176 177 
 149 120 121 129 130 148 150 164 165 166 177 
 150 108 121 130 131 132 149 151 165 166 167 177 178 185 
 151 108 109 122 123 130 131 132 150 152 166 167 178 179 
 152 109 110 122 123 132 133 134 151 153 167 168 178 179 
 153 110 111 133 134 135 152 154 167 168 169 179 180 
 154 111 112 134 135 136 137 153 155 168 169 170 179 180 
 155 111 112 124 125 135 136 137 154 156 169 170 180 181 
 156 112 113 124 125 137 138 139 155 157 170 171 180 181 
 157 113 114 137 138 139 140 156 158 170 171 172 181 182 
 158 114 115 139 140 141 142 157 159 171 172 173 181 182 
 159 115 116 126 127 140 141 142 158 160 172 173 182 183 
 160 116 117 126 127 142 143 144 159 161 173 174 182 183 
 161 117 118 127 143 144 145 160 162 173 174 175 183 184 
 162 118 119 144 145 146 147 161 163 174 175 176 183 184 
 163 118 119 128 129 145 146 147 162 164 175 176 184 185 
 164 119 120 128 129 147 148 149 163 165 176 177 184 185 
 165 120 121 130 147 148 149 150 164 166 176 177 178 185 
 166 108 130 131 132 149 150 151 165 167 177 178 179 185 
 167 109 131 132 133 150 151 152 153 166 168 178 179 
 168 110 133 134 135 152 153 154 167 169 178 179 180 
 169 111 134 135 136 137 153 154 155 168 170 179 180 181 
 170 112 136 137 138 154 155 156 157 169 171 180 181 
 171 114 137 138 139 140 156 157 158 170 172 180 181 182 
 172 115 139 140 141 142 157 158 159 171 173 181 182 183 
 173 116 141 142 143 158 159 160 161 172 174 182 183 
 174 117 143 144 145 160 161 162 173 175 182 183 184 
 175 118 144 145 146 147 161 162 163 174 176 183 184 185 
 176 119 146 147 148 162 163 164 165 175 177 184 185 
 177 120 121 130 147 148 149 150 164 165 166 176 178 184 185 
 178 150 151 152 165 166 167 168 177 179 185 
 179 151 152 153 154 166 167 168 169 178 180 
 180 153 154 155 156 168 169 170 171 179 181 
 181 155 156 157 158 169 170 171 172 180 182 
 182 157 158 159 160 171 172 173 174 181 183 
 183 159 160 161 162 172 173 174 175 182 184 
 184 161 162 163 164 174 175 176 177 183 185 
 185 150 163 164 165 166 175 176 177 178 184 
