    -14.58      -6.48     -27.58    0  104     149.94 0 0
    -12.10       9.50     -27.48    1  124     150.75 0 0
      2.11      15.71     -27.39    2  154     149.94 0 0
     14.55       5.18     -27.47    3  125     150.64 0 0
     12.05      -9.85     -27.51    4  100     150.50 0 0
     -1.93     -15.44     -27.35    5  138     150.36 0 0
    -10.27     -12.10     -22.39    6  249     144.67 0 0
    -15.88       2.31     -22.43    7  317     144.42 0 0
     -5.33      14.57     -22.54    8  299     145.46 0 0
     10.45      11.69     -22.56    9  320     145.19 0 0
     15.91      -2.38     -22.53   10  270     144.47 0 0
      5.16     -14.72     -22.47   11  288     145.24 0 0
    -15.89     -11.81     -17.55   12  424     131.56 0 0
    -19.28       2.84     -17.53   13  399     131.97 0 0
    -11.91      15.96     -17.42   14  370     131.17 0 0
      2.97      19.79     -17.46   15  444     131.10 0 0
     15.80      11.72     -17.41   16  414     131.51 0 0
     19.43      -3.16     -17.43   17  465     131.53 0 0
     12.21     -15.74     -17.59   18  467     131.44 0 0
     -2.70     -19.62     -17.47   19  454     131.42 0 0
    -17.57     -16.97     -12.74   20  327     117.55 0 0
    -24.03      -3.47     -12.74   21  350     117.69 0 0
    -21.78      11.24     -12.67   22  330     117.34 0 0
    -10.85      22.07     -12.65   23  353     117.22 0 0
      4.22      24.07     -12.59   24  318     117.26 0 0
     17.37      17.00     -12.76   25  342     117.70 0 0
     24.35       3.74     -12.69   26  314     117.25 0 0
     22.00     -11.32     -12.73   27  321     117.24 0 0
     10.65     -21.87     -12.71   28  323     117.60 0 0
     -4.26     -24.00     -12.73   29  292     117.57 0 0
    -11.00     -22.36      -7.69   30  461     107.14 0 0
    -21.64     -11.44      -7.67   31  399     107.41 0 0
    -24.55       3.37      -7.79   32  425     107.45 0 0
    -17.77      17.21      -7.70   33  426     107.29 0 0
     -4.56      24.41      -7.67   34  427     107.17 0 0
     10.53      22.58      -7.67   35  425     107.11 0 0
     21.86      11.95      -7.77   36  416     107.32 0 0
     24.23      -3.75      -7.77   37  431     107.59 0 0
     17.90     -17.17      -7.74   38  444     107.34 0 0
      4.25     -24.32      -7.77   39  389     107.48 0 0
    -15.83     -24.82      -2.95   40  296      95.73 0 0
    -26.05     -14.18      -2.92   41  302      95.63 0 0
    -29.64       0.72      -2.73   42  287      95.25 0 0
    -25.32      15.69      -2.91   43  302      95.59 0 0
    -14.56      26.03      -2.90   44  278      95.56 0 0
      1.14      29.46      -2.85   45  305      95.51 0 0
     15.52      25.25      -2.93   46  323      95.65 0 0
     25.99      13.92      -2.84   47  290      95.51 0 0
     29.62      -0.94      -2.88   48  270      95.55 0 0
     25.37     -15.58      -2.86   49  304      95.49 0 0
     14.09     -26.08      -2.90   50  350      95.58 0 0
     -0.96     -29.42      -2.92   51  286      95.67 0 0
    -15.24     -29.35       2.12   52  378      86.32 0 0
    -26.39     -20.46       2.08   53  387      86.43 0 0
    -32.38      -6.29       2.07   54  428      86.41 0 0
    -32.17       8.07       2.08   55  413      86.40 0 0
    -25.13      21.41       2.03   56  355      86.48 0 0
    -13.51      30.11       2.15   57  364      86.27 0 0
      0.83      32.79       2.21   58  380      86.14 0 0
     15.10      29.63       2.12   59  406      86.35 0 0
     26.36      20.25       2.01   60  400      86.55 0 0
     32.26       6.21       2.05   61  407      86.43 0 0
     32.19      -7.95       2.16   62  413      86.28 0 0
     25.34     -21.49       2.02   63  383      86.52 0 0
     13.66     -30.36       2.09   64  445      86.41 0 0
     -1.03     -32.96       2.05   65  391      86.45 0 0
    -18.73     -28.06       7.16   66  580      78.01 0 0
    -28.90     -16.76       7.26   67  590      77.74 0 0
    -33.41      -2.76       7.20   68  567      77.88 0 0
    -31.58      12.30       7.15   69  521      78.09 0 0
    -23.25      24.51       7.29   70  536      77.83 0 0
     -9.90      31.95       7.24   71  526      77.79 0 0
      4.63      33.36       7.22   72  528      77.91 0 0
     18.86      27.73       7.21   73  527      77.87 0 0
     28.86      16.91       7.26   74  556      77.75 0 0
     33.59       2.73       7.28   75  576      77.82 0 0
     31.09     -12.30       7.22   76  536      77.81 0 0
     23.11     -24.39       7.26   77  540      77.80 0 0
     10.03     -31.96       7.13   78  547      77.98 0 0
     -4.87     -33.23       7.16   79  564      77.96 0 0
    -11.77     -29.45      12.54   80  636      68.43 0 0
    -23.55     -21.24      12.63   81  653      68.29 0 0
    -30.43      -9.05      12.58   82  633      68.39 0 0
    -31.52       5.00      12.67   83  648      68.34 0 0
    -26.25      17.86      12.44   84  620      68.60 0 0
    -15.66      27.76      12.53   85  691      68.54 0 0
     -2.16      31.69      12.58   86  665      68.40 0 0
     11.76      29.49      12.50   87  637      68.50 0 0
     23.50      21.72      12.59   88  646      68.53 0 0
     30.42       9.34      12.64   89  645      68.34 0 0
     31.34      -4.81      12.63   90  657      68.28 0 0
     26.14     -17.95      12.57   91  623      68.37 0 0
     15.78     -27.62      12.57   92  632      68.43 0 0
      2.38     -31.87      12.63   93  618      68.44 0 0
    -16.71     -24.42      17.98   94  666      58.72 0 0
    -25.76     -14.94      18.02   95  715      58.82 0 0
    -29.65      -2.35      18.03   96  681      58.77 0 0
    -27.54      10.82      18.05   97  728      58.61 0 0
    -20.03      21.85      18.05   98  700      58.66 0 0
     -8.55      28.24      17.94   99  706      58.70 0 0
      4.58      29.17      18.00  100  707      58.63 0 0
     16.53      24.69      18.04  101  699      58.74 0 0
     25.76      14.72      17.99  102  739      58.77 0 0
     29.37       1.96      18.04  103  655      58.50 0 0
     27.53     -10.93      18.05  104  684      58.64 0 0
     20.24     -21.88      18.05  105  708      58.80 0 0
      8.70     -28.24      17.93  106  727      58.76 0 0
     -4.47     -29.11      18.03  107  639      58.53 0 0
    -10.77     -26.02      23.42  108  637      50.25 0 0
    -20.93     -18.81      23.51  109  698      50.12 0 0
    -26.96      -7.99      23.51  110  643      50.10 0 0
    -27.59       4.49      23.46  111  688      49.99 0 0
    -22.95      15.98      23.47  112  662      50.00 0 0
    -13.78      24.52      23.53  113  672      50.08 0 0
     -1.70      28.08      23.51  114  648      50.12 0 0
     10.55      26.08      23.46  115  715      50.18 0 0
     20.85      18.89      23.55  116  649      50.07 0 0
     26.98       7.84      23.58  117  669      50.00 0 0
     27.60      -4.62      23.49  118  672      50.00 0 0
     23.04     -16.08      23.54  119  704      50.05 0 0
     13.36     -24.49      23.48  120  666      49.92 0 0
      1.69     -28.23      23.43  121  672      50.36 0 0
    -19.04     -26.02      32.30  122  242      44.95 0 0
    -25.83     -18.84      32.91  123  150      44.17 0 0
    -25.97      18.81      33.69  124  132      43.59 0 0
    -19.33      25.72      32.28  125  207      44.91 0 0
     19.25      25.91      32.18  126  205      45.09 0 0
     25.97      18.60      32.87  127  132      44.18 0 0
     26.00     -18.96      33.05  128  134      44.24 0 0
     19.31     -25.77      32.40  129  201      44.83 0 0
     -4.26     -26.96      32.46  130  302      40.06 0 0
    -12.00     -25.77      32.72  131  267      40.99 0 0
    -18.86     -19.12      32.42  132  352      39.64 0 0
    -26.01     -12.34      31.69  133  314      42.25 0 0
    -27.02      -4.16      33.18  134  316      39.49 0 0
    -27.01       4.26      33.08  135  297      39.58 0 0
    -26.00      12.12      32.11  136  326      41.78 0 0
    -19.01      18.98      31.98  137  365      40.03 0 0
    -11.65      25.85      32.51  138  219      41.09 0 0
     -4.67      27.02      32.53  139  310      40.13 0 0
      4.36      27.11      32.38  140  313      40.30 0 0
     12.10      26.04      32.74  141  242      41.25 0 0
     18.74      19.26      32.15  142  348      39.89 0 0
     25.85      12.36      31.77  143  302      42.04 0 0
     27.03       4.04      32.66  144  275      39.92 0 0
     27.04      -4.06      32.49  145  311      40.08 0 0
     25.94     -12.07      31.96  146  341      41.84 0 0
     18.95     -19.05      31.58  147  319      40.39 0 0
     11.92     -25.90      32.68  148  258      41.10 0 0
      4.59     -27.09      32.72  149  322      40.02 0 0
     -4.25     -21.90      32.11  150  500      34.79 0 0
    -12.12     -19.12      31.92  151  483      35.34 0 0
    -19.00     -12.18      31.89  152  512      35.29 0 0
    -21.82      -4.36      32.50  153  514      34.39 0 0
    -21.87       4.37      32.63  154  487      34.36 0 0
    -19.17      12.20      31.96  155  443      35.41 0 0
    -12.25      19.05      31.93  156  466      35.35 0 0
     -4.44      21.83      32.26  157  447      34.62 0 0
      4.41      21.78      32.56  158  461      34.31 0 0
     12.13      19.03      31.62  159  514      35.51 0 0
     19.06      12.19      31.95  160  507      35.30 0 0
     21.86       4.38      32.71  161  519      34.27 0 0
     21.75      -4.44      32.41  162  447      34.41 0 0
     18.99     -12.12      31.91  163  481      35.23 0 0
     12.14     -19.04      31.70  164  446      35.46 0 0
      4.28     -21.81      32.60  165  515      34.29 0 0
     -4.37     -16.57      32.37  166  629      27.90 0 0
    -11.99     -12.14      31.82  167  646      28.21 0 0
    -16.57      -4.22      32.43  168  610      27.81 0 0
    -16.53       4.40      32.06  169  650      28.08 0 0
    -12.13      12.03      31.77  170  644      28.27 0 0
     -4.35      16.58      32.26  171  632      27.99 0 0
      4.39      16.54      32.47  172  662      27.79 0 0
     12.19      12.08      31.82  173  611      28.34 0 0
     16.55       4.33      32.07  174  635      28.08 0 0
     16.60      -4.37      32.46  175  687      27.87 0 0
     12.15     -12.06      31.83  176  637      28.28 0 0
      4.38     -16.59      32.11  177  612      28.13 0 0
     -4.47     -11.20      33.14  178  881      20.00 0 0
    -11.17      -4.51      33.08  179  832      20.01 0 0
    -11.16       4.44      33.01  180  827      19.99 0 0
     -4.38      11.14      33.12  181  857      19.87 0 0
      4.38      11.25      32.78  182  887      20.22 0 0
     11.18       4.50      33.04  183  904      20.03 0 0
     11.16      -4.44      33.18  184  888      19.91 0 0
      4.41     -11.15      32.99  185  855      19.97 0 0
