   0       0.14       1.32       0.42      2.117
   1       2.02       0.65       0.52      3.385
   2       1.50      -0.94       0.61      2.886
   3      -0.17      -2.62       0.53      4.390
   4      -2.07      -1.00       0.49      3.818
   5      -1.32       1.21       0.65      2.757
   6       0.01       1.01       0.61      1.419
   7       0.62      -0.03       0.57      0.366
   8       0.89      -0.89       0.46      1.744
   9       0.17      -1.42       0.44      2.401
  10      -0.59      -0.04       0.47      0.470
  11      -1.06       0.74       0.53      1.908
  12       0.52       0.76       0.45      0.806
  13       1.21       0.12       0.47      1.110
  14       0.66      -0.45       0.58      0.568
  15       0.25      -0.70       0.54      0.741
  16      -0.61      -0.85       0.59      0.821
  17      -1.06      -0.44       0.57      1.355
  18      -0.36       0.67       0.41      0.468
  19       0.02       0.87       0.53      0.423
  20       0.59       2.35       0.26      2.848
  21       2.02       1.48       0.26      2.758
  22       2.20      -0.07       0.33      2.205
  23       1.91      -1.17       0.35      2.560
  24       0.88      -2.23       0.41      2.667
  25      -0.79      -2.32       0.24      2.657
  26      -1.70      -1.21       0.31      2.128
  27      -1.98      -0.01       0.27      2.091
  28      -2.11       1.37       0.29      2.900
  29      -0.92       2.30       0.27      2.912
  30       0.31       1.62       0.31      0.969
  31       1.60       1.32       0.33      1.068
  32       1.75       0.03       0.21      0.860
  33       1.55      -0.95       0.30      0.962
  34       0.39      -1.64       0.33      0.416
  35      -0.78      -1.40       0.33      0.392
  36      -1.38      -0.81       0.23      0.535
  37      -2.07      -0.41       0.23      1.695
  38      -1.42       0.99       0.26      0.774
  39      -0.70       1.73       0.23      1.058
  40       0.47       2.26       0.05      1.517
  41       1.60       1.12       0.08      0.449
  42       1.96       0.15       0.27      0.400
  43       1.76      -0.61       0.09      0.752
  44       0.74      -1.62       0.10      0.300
  45       0.57      -2.14       0.15      1.184
  46      -0.78      -1.83       0.07      0.579
  47      -1.66      -1.38       0.16      0.778
  48      -1.98      -0.37       0.12      0.784
  49      -1.71       0.72       0.14      0.506
  50      -1.21       1.57       0.10      0.600
  51      -0.39       2.18       0.08      0.863
  52       0.48       2.01       0.12      0.912
  53       1.38       0.97       0.08      0.331
  54       1.94       0.97       0.07      1.006
  55       1.90      -0.28       0.08      0.456
  56       1.95      -0.90       0.03      0.987
  57       1.21      -1.74       0.15      0.794
  58       0.27      -2.29       0.21      0.801
  59      -0.62      -1.73       0.12      0.537
  60      -1.41      -1.18       0.01      0.223
  61      -2.06      -1.05       0.05      1.084
  62      -1.88       0.40       0.16      0.474
  63      -1.74       0.82       0.02      0.839
  64      -1.06       1.49       0.09      0.662
  65      -0.47       2.12       0.05      0.919
  66       0.74       1.67      -0.09      0.672
  67       1.53       1.58       0.01      1.199
  68       1.97       0.55      -0.05      0.846
  69       1.73      -0.06      -0.10      0.982
  70       1.40      -1.08       0.04      0.767
  71       1.20      -1.80      -0.01      1.180
  72      -0.01      -1.87      -0.03      0.686
  73      -0.61      -2.00      -0.04      1.154
  74      -1.57      -1.43       0.01      0.997
  75      -1.79      -0.58       0.03      0.947
  76      -2.22       0.06      -0.03      1.366
  77      -1.54       1.20       0.01      0.811
  78      -1.07       1.79      -0.12      0.911
  79      -0.23       2.00      -0.09      0.959
  80       0.00       2.27      -0.21      1.616
  81       0.82       2.23      -0.12      2.041
  82       1.71       1.52      -0.17      1.806
  83       2.02       0.58      -0.08      1.726
  84       2.05      -0.67      -0.31      1.208
  85       1.80      -1.22      -0.22      1.737
  86       1.00      -1.99      -0.17      1.666
  87      -0.01      -2.23      -0.25      1.536
  88      -0.87      -1.75      -0.16      1.371
  89      -1.72      -1.23      -0.11      1.463
  90      -2.20      -0.39      -0.12      1.567
  91      -2.16       0.58      -0.18      1.531
  92      -1.68       1.36      -0.18      1.534
  93      -0.78       1.81      -0.12      1.361
  94       0.27       2.53      -0.27      2.385
  95       1.23       1.97      -0.23      2.165
  96       2.00       1.18      -0.22      2.121
  97       2.51       0.27      -0.20      2.403
  98       2.46      -0.70      -0.20      2.577
  99       1.93      -1.83      -0.31      2.525
 100       0.98      -2.47      -0.25      2.606
 101      -0.45      -2.26      -0.21      1.991
 102      -1.23      -2.19      -0.26      2.454
 103      -2.28      -1.57      -0.21      2.766
 104      -2.52      -0.38      -0.20      2.518
 105      -2.25       0.67      -0.20      2.321
 106      -1.78       1.83      -0.32      2.292
 107      -0.87       2.53      -0.22      2.541
 108      -0.64       2.88      -0.33      3.146
 109       0.73       2.83      -0.24      3.147
 110       1.95       2.11      -0.24      3.008
 111       2.83       1.05      -0.29      3.093
 112       2.97      -0.32      -0.28      3.033
 113       2.50      -1.41      -0.22      3.028
 114       1.71      -2.35      -0.24      3.086
 115       0.42      -2.82      -0.29      2.930
 116      -0.81      -2.75      -0.20      3.052
 117      -1.93      -2.26      -0.17      3.245
 118      -2.82      -1.18      -0.26      3.232
 119      -2.88       0.22      -0.21      3.031
 120      -2.92       1.44      -0.27      3.556
 121      -1.72       2.20      -0.32      2.957
 122       0.41       0.43      -1.44      0.742
 123       0.62       0.61      -0.83      0.169
 124       0.48      -0.64      -0.05      0.689
 125       0.12      -0.73      -1.46      0.807
 126      -0.20      -0.54      -1.56      0.893
 127      -0.48      -0.85      -0.87      0.498
 128      -0.45       0.49      -0.69      0.161
 129      -0.14       0.68      -1.34      0.708
 130       0.24       0.45      -3.28      2.215
 131       0.45       0.68      -1.02      0.167
 132       0.59       0.33      -1.32      0.511
 133       0.44       0.11      -2.05      1.347
 134       0.39       0.34      -2.56      1.672
 135       0.40      -0.24      -2.66      1.740
 136       0.45      -0.33      -1.63      0.880
 137       0.44      -0.47      -1.76      0.846
 138       0.80      -0.60      -1.23      0.644
 139      -0.17      -0.39      -3.21      2.294
 140      -0.14      -0.30      -3.36      2.444
 141      -0.35      -0.41      -1.00      0.390
 142      -0.71      -0.19      -1.59      0.862
 143      -0.60      -0.09      -1.97      1.160
 144      -0.38      -0.46      -3.08      2.129
 145      -0.37       0.44      -3.25      2.278
 146      -0.51       0.38      -1.78      0.948
 147      -0.50       0.40      -2.16      1.209
 148      -0.53       0.55      -1.06      0.380
 149       0.09       0.32      -3.02      2.173
 150       0.25       0.21      -3.63      2.539
 151       0.33       0.33      -1.82      0.965
 152       0.45       0.27      -1.85      0.896
 153       0.29       0.14      -3.24      2.132
 154       0.24      -0.13      -3.11      2.099
 155       0.28      -0.25      -1.78      1.020
 156       0.20      -0.40      -1.81      0.967
 157       0.06      -0.28      -3.48      2.358
 158      -0.09      -0.33      -3.18      2.050
 159      -0.32      -0.42      -2.12      1.124
 160      -0.39      -0.26      -1.79      0.913
 161      -0.25      -0.12      -3.03      2.007
 162      -0.36       0.06      -3.33      2.144
 163      -0.46       0.33      -1.83      0.837
 164      -0.31       0.41      -2.04      1.077
 165      -0.22       0.30      -3.14      2.036
 166       0.13       0.24      -3.37      1.944
 167       0.46       0.31      -1.92      0.669
 168       0.24       0.28      -3.31      1.870
 169       0.28      -0.10      -3.68      2.121
 170       0.32      -0.42      -1.97      0.721
 171       0.15      -0.23      -3.48      2.033
 172      -0.11      -0.27      -3.27      1.833
 173      -0.26      -0.37      -1.92      0.793
 174      -0.26      -0.17      -3.67      2.119
 175      -0.21       0.13      -3.28      1.913
 176      -0.30       0.39      -1.91      0.725
 177      -0.12       0.22      -3.63      2.167
 178       0.03       0.31      -2.60      0.931
 179       0.34      -0.01      -2.66      0.963
 180       0.35      -0.06      -2.73      0.919
 181       0.12      -0.37      -2.62      0.796
 182      -0.12      -0.26      -2.96      1.141
 183      -0.33      -0.00      -2.70      0.978
 184      -0.35       0.06      -2.56      0.838
 185      -0.09       0.36      -2.75      0.902
