 0 1 2 3 4 22 23 24 26 27 28 29 30 48 49 50 52 53 54 55 81 82 83 88 89 90 117 118 119 154 
 1 0 2 3 4 5 22 23 24 26 27 28 29 30 31 48 49 50 52 53 54 55 56 81 82 83 88 89 90 91 117 118 
 2 0 1 3 4 5 6 22 23 24 26 27 28 29 30 31 32 48 49 50 52 53 54 55 56 57 81 82 89 90 91 92 117 
 3 0 1 2 4 5 6 7 22 23 26 27 28 29 30 31 32 33 48 49 53 54 55 56 57 58 81 90 91 92 
 4 0 1 2 3 5 6 7 8 9 22 26 27 28 29 30 31 32 33 34 35 48 54 55 56 57 58 59 60 92 93 94 
 5 1 2 3 4 6 7 8 9 10 27 28 29 30 31 32 33 34 35 36 56 57 58 59 60 61 63 94 95 96 
 6 2 3 4 5 7 8 9 10 11 28 29 30 31 32 33 34 35 36 37 57 58 59 60 61 62 63 64 94 95 96 97 99 
 7 3 4 5 6 8 9 10 11 29 30 31 32 33 34 35 36 37 58 59 60 61 62 63 64 65 95 96 97 98 99 100 
 8 4 5 6 7 9 10 11 30 31 32 33 34 35 36 37 59 60 61 62 63 64 65 96 97 98 99 100 101 135 
 9 4 5 6 7 8 10 11 12 30 31 32 33 34 35 36 37 38 63 64 65 66 67 99 100 101 
 10 5 6 7 8 9 11 12 19 20 21 31 32 33 34 35 36 37 38 45 46 47 63 64 65 66 67 68 99 100 101 102 103 
 11 6 7 8 9 10 12 18 19 20 21 32 33 34 35 36 37 38 44 45 46 47 64 65 66 67 68 69 101 102 103 104 105 
 12 9 10 11 17 18 19 20 21 35 36 37 38 43 44 45 46 47 65 66 67 68 69 103 104 105 
 13 14 15 16 17 23 24 25 39 40 41 42 43 49 50 51 70 71 72 73 85 86 87 106 107 108 121 122 123 161 
 14 13 15 16 17 18 23 24 25 39 40 41 42 43 44 49 50 51 70 71 72 73 74 85 86 87 106 107 108 109 122 123 
 15 13 14 16 17 18 19 23 24 25 39 40 41 42 43 44 45 49 50 51 70 71 72 73 74 75 86 87 107 108 109 110 123 
 16 13 14 15 17 18 19 20 24 25 39 40 41 42 43 44 45 46 50 51 71 72 73 74 75 76 87 108 109 110 
 17 12 13 14 15 16 18 19 20 21 25 38 39 40 41 42 43 44 45 46 47 51 72 73 74 75 76 77 78 110 111 112 
 18 11 12 14 15 16 17 19 20 21 37 38 40 41 42 43 44 45 46 47 69 74 75 76 77 78 79 112 113 114 
 19 10 11 12 15 16 17 18 20 21 36 37 38 41 42 43 44 45 46 47 68 69 75 76 77 78 79 80 105 112 113 114 115 
 20 10 11 12 16 17 18 19 21 36 37 38 42 43 44 45 46 47 67 68 69 76 77 78 79 80 104 105 113 114 115 116 
 21 10 11 12 17 18 19 20 36 37 38 43 44 45 46 47 67 68 69 77 78 79 80 103 104 105 114 115 116 142 
 22 0 1 2 3 4 23 24 25 26 27 28 29 30 48 49 50 51 81 82 83 84 85 117 118 119 
 23 0 1 2 3 13 14 15 22 24 25 26 27 28 29 39 40 41 48 49 50 51 81 82 83 84 85 86 117 118 119 120 121 
 24 0 1 2 13 14 15 16 22 23 25 26 27 28 39 40 41 42 48 49 50 51 82 83 84 85 86 87 119 120 121 122 123 
 25 13 14 15 16 17 22 23 24 39 40 41 42 43 48 49 50 51 83 84 85 86 87 121 122 123 
 26 0 1 2 3 4 22 23 24 27 28 29 30 48 49 50 52 53 54 55 56 81 82 83 84 88 89 90 91 117 118 119 124 125 126 154 155 156 192 
 27 0 1 2 3 4 5 22 23 24 26 28 29 30 31 48 49 50 52 53 54 55 56 81 82 83 88 89 90 91 92 117 118 119 124 125 126 154 155 
 28 0 1 2 3 4 5 6 22 23 24 26 27 29 30 31 32 48 49 50 52 53 54 55 56 57 58 81 82 88 89 90 91 92 93 117 118 126 127 154 
 29 0 1 2 3 4 5 6 7 22 23 26 27 28 30 31 32 33 48 49 53 54 55 56 57 58 59 81 89 90 91 92 93 94 117 
 30 0 1 2 3 4 5 6 7 8 9 22 26 27 28 29 31 32 33 34 35 48 54 55 56 57 58 59 60 90 91 92 93 94 95 96 
 31 1 2 3 4 5 6 7 8 9 10 27 28 29 30 32 33 34 35 36 55 56 57 58 59 60 61 63 92 93 94 95 96 97 99 
 32 2 3 4 5 6 7 8 9 10 11 28 29 30 31 33 34 35 36 37 56 57 58 59 60 61 62 63 64 93 94 95 96 97 98 99 100 131 132 135 
 33 3 4 5 6 7 8 9 10 11 29 30 31 32 34 35 36 37 58 59 60 61 62 63 64 65 94 95 96 97 98 99 100 101 132 133 134 135 136 
 34 4 5 6 7 8 9 10 11 30 31 32 33 35 36 37 58 59 60 61 62 63 64 65 66 95 96 97 98 99 100 101 132 133 134 135 136 137 173 
 35 4 5 6 7 8 9 10 11 12 30 31 32 33 34 36 37 38 60 61 62 63 64 65 66 67 68 99 100 101 102 103 135 136 
 36 5 6 7 8 9 10 11 12 19 20 21 31 32 33 34 35 37 38 45 46 47 63 64 65 66 67 68 69 99 100 101 102 103 104 
 37 6 7 8 9 10 11 12 18 19 20 21 32 33 34 35 36 38 44 45 46 47 63 64 65 66 67 68 69 100 101 102 103 104 105 
 38 9 10 11 12 17 18 19 20 21 35 36 37 43 44 45 46 47 64 65 66 67 68 69 78 79 80 101 102 103 104 105 141 142 
 39 13 14 15 16 17 23 24 25 40 41 42 43 49 50 51 70 71 72 73 74 84 85 86 87 106 107 108 109 121 122 123 143 144 145 159 160 161 199 
 40 13 14 15 16 17 18 23 24 25 39 41 42 43 44 49 50 51 70 71 72 73 74 85 86 87 106 107 108 109 110 121 122 123 143 144 145 160 161 
 41 13 14 15 16 17 18 19 23 24 25 39 40 42 43 44 45 49 50 51 70 71 72 73 74 75 76 86 87 106 107 108 109 110 111 122 123 145 146 161 
 42 13 14 15 16 17 18 19 20 24 25 39 40 41 43 44 45 46 50 51 71 72 73 74 75 76 77 87 107 108 109 110 111 112 123 
 43 12 13 14 15 16 17 18 19 20 21 25 38 39 40 41 42 44 45 46 47 51 72 73 74 75 76 77 78 108 109 110 111 112 113 114 
 44 11 12 14 15 16 17 18 19 20 21 37 38 40 41 42 43 45 46 47 69 73 74 75 76 77 78 79 105 110 111 112 113 114 115 
 45 10 11 12 15 16 17 18 19 20 21 36 37 38 41 42 43 44 46 47 68 69 74 75 76 77 78 79 80 104 105 111 112 113 114 115 116 142 150 151 
 46 10 11 12 16 17 18 19 20 21 36 37 38 42 43 44 45 47 67 68 69 76 77 78 79 80 103 104 105 112 113 114 115 116 141 142 151 152 153 
 47 10 11 12 17 18 19 20 21 36 37 38 43 44 45 46 66 67 68 69 76 77 78 79 80 103 104 105 113 114 115 116 140 141 142 151 152 153 180 
 48 0 1 2 3 4 22 23 24 25 26 27 28 29 30 49 50 51 52 53 54 81 82 83 84 85 86 117 118 119 120 121 154 155 
 49 0 1 2 3 13 14 15 22 23 24 25 26 27 28 29 39 40 41 48 50 51 81 82 83 84 85 86 87 117 118 119 120 121 122 
 50 0 1 2 13 14 15 16 22 23 24 25 26 27 28 39 40 41 42 48 49 51 81 82 83 84 85 86 87 118 119 120 121 122 123 
 51 13 14 15 16 17 22 23 24 25 39 40 41 42 43 48 49 50 70 71 72 82 83 84 85 86 87 119 120 121 122 123 160 161 
 52 0 1 2 26 27 28 48 53 54 55 56 81 82 83 88 89 90 91 117 118 119 124 125 126 127 154 155 156 162 163 164 192 193 200 
 53 0 1 2 3 26 27 28 29 48 52 54 55 56 57 81 82 88 89 90 91 92 117 118 124 125 126 127 128 154 155 162 163 164 165 192 200 201 
 54 0 1 2 3 4 26 27 28 29 30 48 52 53 55 56 57 58 81 82 88 89 90 91 92 93 94 117 118 124 125 126 127 128 129 154 162 163 164 165 166 192 201 202 
 55 0 1 2 3 4 26 27 28 29 30 31 52 53 54 56 57 58 59 81 88 89 90 91 92 93 94 95 117 124 125 126 127 128 129 130 154 163 164 165 166 167 202 203 
 56 1 2 3 4 5 26 27 28 29 30 31 32 52 53 54 55 57 58 59 60 89 90 91 92 93 94 95 96 125 126 127 128 129 130 131 164 165 166 167 168 203 204 
 57 2 3 4 5 6 28 29 30 31 32 53 54 55 56 58 59 60 61 90 91 92 93 94 95 96 126 127 128 129 130 131 132 165 166 167 168 169 204 205 206 
 58 3 4 5 6 7 28 29 30 31 32 33 34 54 55 56 57 59 60 61 62 90 91 92 93 94 95 96 97 127 128 129 130 131 132 133 166 167 168 169 170 206 207 
 59 4 5 6 7 8 29 30 31 32 33 34 55 56 57 58 60 61 62 63 91 92 93 94 95 96 97 98 99 128 129 130 131 132 133 134 135 167 168 169 170 171 207 208 
 60 4 5 6 7 8 30 31 32 33 34 35 56 57 58 59 61 62 63 64 92 93 94 95 96 97 98 99 100 129 130 131 132 133 134 135 168 169 170 171 172 173 208 209 
 61 5 6 7 8 31 32 33 34 35 57 58 59 60 62 63 64 94 95 96 97 98 99 100 130 131 132 133 134 135 136 169 170 171 172 173 209 210 
 62 6 7 8 32 33 34 35 58 59 60 61 63 64 65 95 96 97 98 99 100 101 131 132 133 134 135 136 137 170 171 172 173 174 210 
 63 5 6 7 8 9 10 31 32 33 34 35 36 37 59 60 61 62 64 65 66 67 95 96 97 98 99 100 101 102 132 133 134 135 136 137 138 171 172 173 174 175 211 212 
 64 6 7 8 9 10 11 32 33 34 35 36 37 38 60 61 62 63 65 66 67 68 96 97 98 99 100 101 102 103 104 134 135 136 137 138 139 173 174 175 176 212 
 65 7 8 9 10 11 12 33 34 35 36 37 38 62 63 64 66 67 68 69 98 99 100 101 102 103 104 135 136 137 138 139 140 141 173 174 175 176 177 178 213 
 66 9 10 11 12 34 35 36 37 38 47 63 64 65 67 68 69 99 100 101 102 103 104 105 136 137 138 139 140 141 174 175 176 177 178 179 
 67 9 10 11 12 20 21 35 36 37 38 46 47 63 64 65 66 68 69 80 100 101 102 103 104 105 116 136 137 138 139 140 141 142 175 176 177 178 179 180 216 
 68 10 11 12 19 20 21 35 36 37 38 45 46 47 64 65 66 67 69 78 79 80 100 101 102 103 104 105 114 115 116 138 139 140 141 142 153 177 178 179 180 217 
 69 11 12 18 19 20 21 36 37 38 44 45 46 47 65 66 67 68 77 78 79 80 102 103 104 105 113 114 115 116 139 140 141 142 151 152 153 178 179 180 190 191 217 218 
 70 13 14 15 39 40 41 51 71 72 73 74 85 86 87 106 107 108 109 121 122 123 143 144 145 146 159 160 161 181 182 183 198 199 219 
 71 13 14 15 16 39 40 41 42 51 70 72 73 74 75 86 87 106 107 108 109 110 122 123 143 144 145 146 147 160 161 181 182 183 184 199 219 220 
 72 13 14 15 16 17 39 40 41 42 43 51 70 71 73 74 75 76 86 87 106 107 108 109 110 111 112 122 123 143 144 145 146 147 148 161 181 182 183 184 185 199 220 221 
 73 13 14 15 16 17 39 40 41 42 43 44 70 71 72 74 75 76 77 87 106 107 108 109 110 111 112 113 123 143 144 145 146 147 148 149 161 182 183 184 185 186 221 222 
 74 14 15 16 17 18 39 40 41 42 43 44 45 70 71 72 73 75 76 77 78 107 108 109 110 111 112 113 114 144 145 146 147 148 149 150 183 184 185 186 187 222 223 
 75 15 16 17 18 19 41 42 43 44 45 71 72 73 74 76 77 78 79 108 109 110 111 112 113 114 145 146 147 148 149 150 151 184 185 186 187 188 223 224 225 
 76 16 17 18 19 20 41 42 43 44 45 46 47 72 73 74 75 77 78 79 80 108 109 110 111 112 113 114 115 146 147 148 149 150 151 152 185 186 187 188 189 225 226 
 77 17 18 19 20 21 42 43 44 45 46 47 69 73 74 75 76 78 79 80 105 109 110 111 112 113 114 115 116 142 147 148 149 150 151 152 153 186 187 188 189 190 226 227 
 78 17 18 19 20 21 38 43 44 45 46 47 68 69 74 75 76 77 79 80 104 105 110 111 112 113 114 115 116 142 148 149 150 151 152 153 180 187 188 189 190 191 227 228 
 79 18 19 20 21 38 44 45 46 47 68 69 75 76 77 78 80 104 105 112 113 114 115 116 141 142 149 150 151 152 153 180 188 189 190 191 228 229 
 80 19 20 21 38 45 46 47 67 68 69 76 77 78 79 103 104 105 113 114 115 116 140 141 142 150 151 152 153 179 180 189 190 191 229 
 81 0 1 2 3 22 23 26 27 28 29 48 49 50 52 53 54 55 82 83 84 85 88 89 90 91 117 118 119 120 124 125 126 154 155 156 157 162 163 192 193 194 230 231 
 82 0 1 2 22 23 24 26 27 28 48 49 50 51 52 53 54 81 83 84 85 86 88 89 90 117 118 119 120 121 122 124 154 155 156 157 158 192 193 194 195 231 
 83 0 1 22 23 24 25 26 27 48 49 50 51 52 81 82 84 85 86 87 88 117 118 119 120 121 122 154 155 156 157 158 159 160 192 193 194 195 196 197 232 
 84 22 23 24 25 26 39 48 49 50 51 81 82 83 85 86 87 117 118 119 120 121 122 123 155 156 157 158 159 160 193 194 195 196 197 198 
 85 13 14 22 23 24 25 39 40 48 49 50 51 70 81 82 83 84 86 87 106 118 119 120 121 122 123 155 156 157 158 159 160 161 194 195 196 197 198 199 235 
 86 13 14 15 23 24 25 39 40 41 48 49 50 51 70 71 72 82 83 84 85 87 106 107 108 118 119 120 121 122 123 143 157 158 159 160 161 196 197 198 199 236 
 87 13 14 15 16 24 25 39 40 41 42 49 50 51 70 71 72 73 83 84 85 86 106 107 108 109 120 121 122 123 143 144 145 158 159 160 161 181 182 197 198 199 236 237 
 88 0 1 26 27 28 52 53 54 55 81 82 83 89 90 91 92 117 118 119 124 125 126 127 154 155 156 162 163 164 165 192 193 194 200 201 202 230 231 238 
 89 0 1 2 26 27 28 29 52 53 54 55 56 81 82 88 90 91 92 93 117 118 124 125 126 127 128 154 155 162 163 164 165 166 192 193 200 201 202 203 230 238 239 
 90 0 1 2 3 26 27 28 29 30 52 53 54 55 56 57 58 81 82 88 89 91 92 93 94 117 118 124 125 126 127 128 129 154 155 162 163 164 165 166 167 192 200 201 202 203 204 230 239 240 
 91 1 2 3 26 27 28 29 30 52 53 54 55 56 57 58 59 81 88 89 90 92 93 94 95 117 124 125 126 127 128 129 130 131 154 162 163 164 165 166 167 168 192 201 202 203 204 205 240 241 
 92 2 3 4 27 28 29 30 31 53 54 55 56 57 58 59 60 88 89 90 91 93 94 95 96 125 126 127 128 129 130 131 132 163 164 165 166 167 168 169 202 203 204 205 206 241 242 
 93 4 28 29 30 31 32 54 55 56 57 58 59 60 89 90 91 92 94 95 96 97 126 127 128 129 130 131 132 164 165 166 167 168 169 170 203 204 205 206 207 242 243 244 
 94 4 5 6 29 30 31 32 33 54 55 56 57 58 59 60 61 90 91 92 93 95 96 97 98 126 127 128 129 130 131 132 133 165 166 167 168 169 170 171 204 205 206 207 208 244 245 
 95 5 6 7 30 31 32 33 34 55 56 57 58 59 60 61 62 63 91 92 93 94 96 97 98 99 127 128 129 130 131 132 133 134 135 166 167 168 169 170 171 172 173 205 206 207 208 209 245 246 
 96 5 6 7 8 30 31 32 33 34 56 57 58 59 60 61 62 63 64 92 93 94 95 97 98 99 100 129 130 131 132 133 134 135 136 167 168 169 170 171 172 173 206 207 208 209 210 211 246 247 
 97 6 7 8 31 32 33 34 58 59 60 61 62 63 64 93 94 95 96 98 99 100 130 131 132 133 134 135 136 168 169 170 171 172 173 174 207 208 209 210 211 247 248 
 98 7 8 32 33 34 59 60 61 62 63 64 65 94 95 96 97 99 100 101 131 132 133 134 135 136 137 169 170 171 172 173 174 175 208 209 210 211 212 248 
 99 6 7 8 9 10 31 32 33 34 35 36 59 60 61 62 63 64 65 66 95 96 97 98 100 101 102 103 131 132 133 134 135 136 137 138 170 171 172 173 174 175 176 209 210 211 212 213 249 250 
 100 7 8 9 10 32 33 34 35 36 37 60 61 62 63 64 65 66 67 68 96 97 98 99 101 102 103 104 133 134 135 136 137 138 139 140 172 173 174 175 176 177 211 212 213 214 250 
 101 8 9 10 11 33 34 35 36 37 38 62 63 64 65 66 67 68 98 99 100 102 103 104 105 135 136 137 138 139 140 141 173 174 175 176 177 178 179 211 212 213 214 215 216 251 
 102 10 11 35 36 37 38 63 64 65 66 67 68 69 99 100 101 103 104 105 135 136 137 138 139 140 141 142 174 175 176 177 178 179 212 213 214 215 216 217 
 103 10 11 12 21 35 36 37 38 46 47 64 65 66 67 68 69 80 99 100 101 102 104 105 116 136 137 138 139 140 141 142 174 175 176 177 178 179 180 213 214 215 216 217 218 254 
 104 11 12 20 21 36 37 38 45 46 47 64 65 66 67 68 69 78 79 80 100 101 102 103 105 114 115 116 137 138 139 140 141 142 152 153 176 177 178 179 180 191 215 216 217 218 255 
 105 11 12 19 20 21 37 38 44 45 46 47 66 67 68 69 77 78 79 80 101 102 103 104 113 114 115 116 139 140 141 142 150 151 152 153 177 178 179 180 189 190 191 216 217 218 228 229 255 256 
 106 13 14 39 40 41 70 71 72 73 85 86 87 107 108 109 110 121 122 123 143 144 145 146 159 160 161 181 182 183 184 197 198 199 219 220 221 236 237 257 
 107 13 14 15 39 40 41 42 70 71 72 73 74 86 87 106 108 109 110 111 122 123 143 144 145 146 147 160 161 181 182 183 184 185 198 199 219 220 221 222 237 257 258 
 108 13 14 15 16 39 40 41 42 43 70 71 72 73 74 75 76 86 87 106 107 109 110 111 112 122 123 143 144 145 146 147 148 160 161 181 182 183 184 185 186 199 219 220 221 222 223 237 258 259 
 109 14 15 16 39 40 41 42 43 70 71 72 73 74 75 76 77 87 106 107 108 110 111 112 113 123 143 144 145 146 147 148 149 150 161 181 182 183 184 185 186 187 199 220 221 222 223 224 259 260 
 110 15 16 17 40 41 42 43 44 71 72 73 74 75 76 77 78 106 107 108 109 111 112 113 114 144 145 146 147 148 149 150 151 182 183 184 185 186 187 188 221 222 223 224 225 260 261 
 111 17 41 42 43 44 45 72 73 74 75 76 77 78 107 108 109 110 112 113 114 115 145 146 147 148 149 150 151 183 184 185 186 187 188 189 222 223 224 225 226 261 262 263 
 112 17 18 19 42 43 44 45 46 72 73 74 75 76 77 78 79 108 109 110 111 113 114 115 116 145 146 147 148 149 150 151 152 184 185 186 187 188 189 190 223 224 225 226 227 263 264 
 113 18 19 20 43 44 45 46 47 69 73 74 75 76 77 78 79 80 105 109 110 111 112 114 115 116 142 146 147 148 149 150 151 152 153 180 185 186 187 188 189 190 191 224 225 226 227 228 264 265 
 114 18 19 20 21 43 44 45 46 47 68 69 74 75 76 77 78 79 80 104 105 110 111 112 113 115 116 141 142 148 149 150 151 152 153 180 186 187 188 189 190 191 218 225 226 227 228 229 265 266 
 115 19 20 21 44 45 46 47 68 69 76 77 78 79 80 104 105 111 112 113 114 116 141 142 149 150 151 152 153 179 180 187 188 189 190 191 218 226 227 228 229 266 267 
 116 20 21 45 46 47 67 68 69 77 78 79 80 103 104 105 112 113 114 115 140 141 142 150 151 152 153 178 179 180 188 189 190 191 217 218 227 228 229 267 
 117 0 1 2 22 23 26 27 28 29 48 49 52 53 54 55 81 82 83 84 88 89 90 91 118 119 120 121 124 125 126 127 154 155 156 157 162 163 164 192 193 194 195 200 201 230 231 232 268 269 
 118 0 1 22 23 26 27 28 48 49 50 52 53 54 81 82 83 84 85 86 88 89 90 117 119 120 121 122 124 125 154 155 156 157 158 159 162 192 193 194 195 196 230 231 232 233 269 
 119 0 22 23 24 26 27 48 49 50 51 52 81 82 83 84 85 86 88 117 118 120 121 122 123 154 155 156 157 158 159 160 192 193 194 195 196 197 198 230 231 232 233 234 235 270 
 120 23 24 48 49 50 51 81 82 83 84 85 86 87 117 118 119 121 122 123 154 155 156 157 158 159 160 161 193 194 195 196 197 198 231 232 233 234 235 236 
 121 13 23 24 25 39 40 48 49 50 51 70 82 83 84 85 86 87 106 117 118 119 120 122 123 155 156 157 158 159 160 161 193 194 195 196 197 198 199 232 233 234 235 236 237 273 
 122 13 14 24 25 39 40 41 49 50 51 70 71 72 82 83 84 85 86 87 106 107 108 118 119 120 121 123 143 144 156 157 158 159 160 161 181 195 196 197 198 199 234 235 236 237 274 
 123 13 14 15 24 25 39 40 41 42 50 51 70 71 72 73 84 85 86 87 106 107 108 109 119 120 121 122 143 144 145 146 158 159 160 161 181 182 183 196 197 198 199 219 220 235 236 237 274 275 
 124 26 27 52 53 54 55 81 82 88 89 90 91 117 118 125 126 127 128 154 155 156 162 163 164 165 192 193 194 200 201 202 203 230 231 238 239 240 268 276 277 
 125 26 27 52 53 54 55 56 81 88 89 90 91 92 117 118 124 126 127 128 129 154 155 162 163 164 165 166 192 193 200 201 202 203 204 230 231 238 239 240 241 268 276 277 278 
 126 26 27 28 52 53 54 55 56 57 81 88 89 90 91 92 93 94 117 124 125 127 128 129 130 154 155 162 163 164 165 166 167 168 192 200 201 202 203 204 205 230 238 239 240 241 242 268 277 278 279 
 127 28 52 53 54 55 56 57 58 88 89 90 91 92 93 94 95 117 124 125 126 128 129 130 131 154 162 163 164 165 166 167 168 169 192 200 201 202 203 204 205 206 230 239 240 241 242 243 278 279 280 
 128 53 54 55 56 57 58 59 89 90 91 92 93 94 95 124 125 126 127 129 130 131 132 163 164 165 166 167 168 169 170 201 202 203 204 205 206 207 240 241 242 243 244 279 280 281 
 129 54 55 56 57 58 59 60 90 91 92 93 94 95 96 125 126 127 128 130 131 132 133 164 165 166 167 168 169 170 202 203 204 205 206 207 208 241 242 243 244 245 280 281 282 
 130 55 56 57 58 59 60 61 91 92 93 94 95 96 97 126 127 128 129 131 132 133 134 164 165 166 167 168 169 170 171 203 204 205 206 207 208 209 242 243 244 245 246 281 282 283 
 131 32 56 57 58 59 60 61 62 91 92 93 94 95 96 97 98 99 127 128 129 130 132 133 134 135 165 166 167 168 169 170 171 172 173 204 205 206 207 208 209 210 211 243 244 245 246 247 282 283 284 
 132 32 33 34 57 58 59 60 61 62 63 92 93 94 95 96 97 98 99 128 129 130 131 133 134 135 136 166 167 168 169 170 171 172 173 205 206 207 208 209 210 211 244 245 246 247 248 249 283 284 285 
 133 33 34 58 59 60 61 62 63 94 95 96 97 98 99 100 129 130 131 132 134 135 136 168 169 170 171 172 173 174 206 207 208 209 210 211 212 245 246 247 248 249 284 285 286 
 134 33 34 59 60 61 62 63 64 95 96 97 98 99 100 130 131 132 133 135 136 137 169 170 171 172 173 174 175 207 208 209 210 211 212 246 247 248 249 285 286 
 135 8 32 33 34 35 59 60 61 62 63 64 65 95 96 97 98 99 100 101 102 131 132 133 134 136 137 138 169 170 171 172 173 174 175 176 207 208 209 210 211 212 213 246 247 248 249 250 251 287 
 136 33 34 35 61 62 63 64 65 66 67 96 97 98 99 100 101 102 103 132 133 134 135 137 138 139 140 171 172 173 174 175 176 177 209 210 211 212 213 214 215 249 250 251 252 288 
 137 34 62 63 64 65 66 67 98 99 100 101 102 103 104 134 135 136 138 139 140 141 172 173 174 175 176 177 178 211 212 213 214 215 216 249 250 251 252 253 289 
 138 63 64 65 66 67 68 99 100 101 102 103 104 135 136 137 139 140 141 173 174 175 176 177 178 179 212 213 214 215 216 217 250 251 252 253 254 290 291 
 139 64 65 66 67 68 69 100 101 102 103 104 105 136 137 138 140 141 142 174 175 176 177 178 179 180 212 213 214 215 216 217 251 252 253 254 255 290 291 
 140 47 65 66 67 68 69 80 100 101 102 103 104 105 116 136 137 138 139 141 142 153 175 176 177 178 179 180 191 213 214 215 216 217 218 252 253 254 255 256 292 
 141 38 46 47 65 66 67 68 69 79 80 101 102 103 104 105 114 115 116 137 138 139 140 142 151 152 153 176 177 178 179 180 190 191 214 215 216 217 218 228 229 253 254 255 256 293 
 142 21 38 45 46 47 67 68 69 77 78 79 80 102 103 104 105 113 114 115 116 139 140 141 150 151 152 153 177 178 179 180 188 189 190 191 216 217 218 226 227 228 229 254 255 256 265 266 267 294 
 143 39 40 70 71 72 73 86 87 106 107 108 109 122 123 144 145 146 147 159 160 161 181 182 183 184 197 198 199 219 220 221 222 236 237 257 258 259 275 295 296 
 144 39 40 70 71 72 73 74 87 106 107 108 109 110 122 123 143 145 146 147 148 160 161 181 182 183 184 185 198 199 219 220 221 222 223 236 237 257 258 259 260 275 295 296 297 
 145 39 40 41 70 71 72 73 74 75 87 106 107 108 109 110 111 112 123 143 144 146 147 148 149 160 161 181 182 183 184 185 186 187 199 219 220 221 222 223 224 237 257 258 259 260 261 275 296 297 298 
 146 41 70 71 72 73 74 75 76 106 107 108 109 110 111 112 113 123 143 144 145 147 148 149 150 161 181 182 183 184 185 186 187 188 199 219 220 221 222 223 224 225 237 258 259 260 261 262 297 298 299 
 147 71 72 73 74 75 76 77 107 108 109 110 111 112 113 143 144 145 146 148 149 150 151 182 183 184 185 186 187 188 189 220 221 222 223 224 225 226 259 260 261 262 263 298 299 300 
 148 72 73 74 75 76 77 78 108 109 110 111 112 113 114 144 145 146 147 149 150 151 152 183 184 185 186 187 188 189 221 222 223 224 225 226 227 260 261 262 263 264 299 300 301 
 149 73 74 75 76 77 78 79 109 110 111 112 113 114 115 145 146 147 148 150 151 152 153 183 184 185 186 187 188 189 190 222 223 224 225 226 227 228 261 262 263 264 265 300 301 302 
 150 45 74 75 76 77 78 79 80 105 109 110 111 112 113 114 115 116 142 146 147 148 149 151 152 153 180 184 185 186 187 188 189 190 191 218 223 224 225 226 227 228 229 262 263 264 265 266 301 302 303 
 151 45 46 47 69 75 76 77 78 79 80 105 110 111 112 113 114 115 116 141 142 147 148 149 150 152 153 180 185 186 187 188 189 190 191 218 224 225 226 227 228 229 256 263 264 265 266 267 302 303 304 
 152 46 47 69 76 77 78 79 80 104 105 112 113 114 115 116 141 142 148 149 150 151 153 179 180 187 188 189 190 191 217 218 225 226 227 228 229 256 264 265 266 267 303 304 305 
 153 46 47 68 69 77 78 79 80 104 105 113 114 115 116 140 141 142 149 150 151 152 178 179 180 188 189 190 191 217 218 226 227 228 229 256 265 266 267 304 305 
 154 0 26 27 28 48 52 53 54 55 81 82 83 88 89 90 91 117 118 119 120 124 125 126 127 155 156 157 162 163 164 165 192 193 194 195 200 201 202 203 230 231 232 238 239 240 268 269 270 306 
 155 26 27 48 52 53 81 82 83 84 85 88 89 90 117 118 119 120 121 124 125 126 154 156 157 158 159 162 163 192 193 194 195 196 200 201 230 231 232 233 234 268 269 270 271 307 
 156 26 52 81 82 83 84 85 88 117 118 119 120 121 122 124 154 155 157 158 159 160 162 192 193 194 195 196 197 230 231 232 233 234 235 268 269 270 271 272 308 
 157 81 82 83 84 85 86 117 118 119 120 121 122 154 155 156 158 159 160 192 193 194 195 196 197 198 231 232 233 234 235 236 269 270 271 272 273 309 310 
 158 82 83 84 85 86 87 118 119 120 121 122 123 155 156 157 159 160 161 193 194 195 196 197 198 199 231 232 233 234 235 236 270 271 272 273 274 309 310 
 159 39 70 83 84 85 86 87 106 118 119 120 121 122 123 143 155 156 157 158 160 161 181 194 195 196 197 198 199 232 233 234 235 236 237 271 272 273 274 275 311 
 160 39 40 51 70 71 83 84 85 86 87 106 107 108 119 120 121 122 123 143 144 145 156 157 158 159 161 181 182 195 196 197 198 199 219 220 233 234 235 236 237 272 273 274 275 312 
 161 13 39 40 41 51 70 71 72 73 85 86 87 106 107 108 109 120 121 122 123 143 144 145 146 158 159 160 181 182 183 184 196 197 198 199 219 220 221 222 235 236 237 257 258 259 273 274 275 313 
 162 52 53 54 81 88 89 90 91 117 118 124 125 126 127 154 155 156 163 164 165 166 192 193 194 200 201 202 203 230 231 232 238 239 240 241 268 269 276 277 278 306 314 315 
 163 52 53 54 55 81 88 89 90 91 92 117 124 125 126 127 128 154 155 162 164 165 166 167 192 193 200 201 202 203 204 230 231 238 239 240 241 242 268 269 276 277 278 279 306 314 315 316 
 164 52 53 54 55 56 88 89 90 91 92 93 117 124 125 126 127 128 129 130 154 162 163 165 166 167 168 192 193 200 201 202 203 204 205 206 230 238 239 240 241 242 243 268 276 277 278 279 280 306 315 316 317 
 165 53 54 55 56 57 88 89 90 91 92 93 94 124 125 126 127 128 129 130 131 154 162 163 164 166 167 168 169 192 200 201 202 203 204 205 206 207 230 238 239 240 241 242 243 244 268 277 278 279 280 281 316 317 318 
 166 54 55 56 57 58 89 90 91 92 93 94 95 125 126 127 128 129 130 131 132 162 163 164 165 167 168 169 170 201 202 203 204 205 206 207 208 239 240 241 242 243 244 245 278 279 280 281 282 317 318 319 
 167 55 56 57 58 59 90 91 92 93 94 95 96 126 127 128 129 130 131 132 163 164 165 166 168 169 170 171 202 203 204 205 206 207 208 240 241 242 243 244 245 246 279 280 281 282 283 318 319 320 
 168 56 57 58 59 60 91 92 93 94 95 96 97 126 127 128 129 130 131 132 133 164 165 166 167 169 170 171 172 202 203 204 205 206 207 208 209 241 242 243 244 245 246 247 280 281 282 283 284 319 320 321 
 169 57 58 59 60 61 92 93 94 95 96 97 98 127 128 129 130 131 132 133 134 135 165 166 167 168 170 171 172 173 203 204 205 206 207 208 209 210 211 242 243 244 245 246 247 248 249 281 282 283 284 285 320 321 322 
 170 58 59 60 61 62 93 94 95 96 97 98 99 128 129 130 131 132 133 134 135 166 167 168 169 171 172 173 174 204 205 206 207 208 209 210 211 243 244 245 246 247 248 249 282 283 284 285 286 287 321 322 323 
 171 59 60 61 62 63 94 95 96 97 98 99 130 131 132 133 134 135 136 167 168 169 170 172 173 174 206 207 208 209 210 211 212 244 245 246 247 248 249 250 283 284 285 286 287 322 323 324 
 172 60 61 62 63 95 96 97 98 99 100 131 132 133 134 135 136 137 168 169 170 171 173 174 175 207 208 209 210 211 212 213 245 246 247 248 249 250 284 285 286 287 323 324 
 173 34 60 61 62 63 64 65 95 96 97 98 99 100 101 131 132 133 134 135 136 137 138 169 170 171 172 174 175 176 207 208 209 210 211 212 213 214 245 246 247 248 249 250 251 284 285 286 287 288 289 325 
 174 62 63 64 65 66 97 98 99 100 101 102 103 133 134 135 136 137 138 139 170 171 172 173 175 176 177 178 209 210 211 212 213 214 215 247 248 249 250 251 252 253 287 288 289 290 326 
 175 63 64 65 66 67 98 99 100 101 102 103 134 135 136 137 138 139 140 172 173 174 176 177 178 179 210 211 212 213 214 215 216 249 250 251 252 253 254 287 288 289 290 291 327 
 176 64 65 66 67 99 100 101 102 103 104 135 136 137 138 139 140 141 173 174 175 177 178 179 211 212 213 214 215 216 217 250 251 252 253 254 255 288 289 290 291 292 328 329 
 177 65 66 67 68 100 101 102 103 104 105 136 137 138 139 140 141 142 174 175 176 178 179 180 212 213 214 215 216 217 218 250 251 252 253 254 255 289 290 291 292 293 328 329 
 178 65 66 67 68 69 101 102 103 104 105 116 137 138 139 140 141 142 153 174 175 176 177 179 180 191 213 214 215 216 217 218 229 251 252 253 254 255 256 290 291 292 293 294 330 
 179 66 67 68 69 80 101 102 103 104 105 115 116 138 139 140 141 142 152 153 175 176 177 178 180 189 190 191 214 215 216 217 218 228 229 252 253 254 255 256 266 267 291 292 293 294 331 
 180 47 67 68 69 78 79 80 103 104 105 113 114 115 116 139 140 141 142 150 151 152 153 177 178 179 188 189 190 191 215 216 217 218 226 227 228 229 254 255 256 264 265 266 267 292 293 294 303 304 305 332 
 181 70 71 72 87 106 107 108 109 122 123 143 144 145 146 159 160 161 182 183 184 185 197 198 199 219 220 221 222 235 236 237 257 258 259 260 274 275 295 296 297 313 333 334 
 182 70 71 72 73 87 106 107 108 109 110 123 143 144 145 146 147 160 161 181 183 184 185 186 198 199 219 220 221 222 223 236 237 257 258 259 260 261 274 275 295 296 297 298 313 333 334 335 
 183 70 71 72 73 74 106 107 108 109 110 111 123 143 144 145 146 147 148 149 161 181 182 184 185 186 187 198 199 219 220 221 222 223 224 225 237 257 258 259 260 261 262 275 295 296 297 298 299 313 334 335 336 
 184 71 72 73 74 75 106 107 108 109 110 111 112 143 144 145 146 147 148 149 150 161 181 182 183 185 186 187 188 199 219 220 221 222 223 224 225 226 237 257 258 259 260 261 262 263 275 296 297 298 299 300 335 336 337 
 185 72 73 74 75 76 107 108 109 110 111 112 113 144 145 146 147 148 149 150 151 181 182 183 184 186 187 188 189 220 221 222 223 224 225 226 227 258 259 260 261 262 263 264 297 298 299 300 301 336 337 338 
 186 73 74 75 76 77 108 109 110 111 112 113 114 145 146 147 148 149 150 151 182 183 184 185 187 188 189 190 221 222 223 224 225 226 227 259 260 261 262 263 264 265 298 299 300 301 302 337 338 339 
 187 74 75 76 77 78 109 110 111 112 113 114 115 145 146 147 148 149 150 151 152 183 184 185 186 188 189 190 191 221 222 223 224 225 226 227 228 260 261 262 263 264 265 266 299 300 301 302 303 338 339 340 
 188 75 76 77 78 79 110 111 112 113 114 115 116 142 146 147 148 149 150 151 152 153 180 184 185 186 187 189 190 191 218 222 223 224 225 226 227 228 229 256 261 262 263 264 265 266 267 300 301 302 303 304 339 340 341 
 189 76 77 78 79 80 105 111 112 113 114 115 116 142 147 148 149 150 151 152 153 179 180 185 186 187 188 190 191 218 223 224 225 226 227 228 229 256 262 263 264 265 266 267 294 301 302 303 304 305 340 341 342 
 190 69 77 78 79 80 105 112 113 114 115 116 141 142 149 150 151 152 153 179 180 186 187 188 189 191 217 218 225 226 227 228 229 255 256 263 264 265 266 267 294 302 303 304 305 341 342 343 
 191 69 78 79 80 104 105 113 114 115 116 140 141 142 150 151 152 153 178 179 180 187 188 189 190 216 217 218 226 227 228 229 255 256 264 265 266 267 294 303 304 305 342 343 
 192 26 52 53 54 81 82 83 88 89 90 91 117 118 119 124 125 126 127 154 155 156 157 162 163 164 165 193 194 195 200 201 202 203 230 231 232 233 238 239 240 241 268 269 270 276 277 278 306 307 308 344 
 193 52 81 82 83 84 88 89 117 118 119 120 121 124 125 154 155 156 157 158 162 163 164 192 194 195 196 197 200 201 230 231 232 233 234 238 239 268 269 270 271 272 306 307 308 309 345 
 194 81 82 83 84 85 88 117 118 119 120 121 124 154 155 156 157 158 159 162 192 193 195 196 197 198 200 230 231 232 233 234 235 268 269 270 271 272 273 306 307 308 309 310 346 
 195 82 83 84 85 117 118 119 120 121 122 154 155 156 157 158 159 160 192 193 194 196 197 198 230 231 232 233 234 235 236 269 270 271 272 273 274 307 308 309 310 311 347 348 
 196 83 84 85 86 118 119 120 121 122 123 155 156 157 158 159 160 161 193 194 195 197 198 199 231 232 233 234 235 236 237 269 270 271 272 273 274 308 309 310 311 312 347 348 
 197 83 84 85 86 87 106 119 120 121 122 123 143 156 157 158 159 160 161 181 193 194 195 196 198 199 219 232 233 234 235 236 237 270 271 272 273 274 275 309 310 311 312 313 349 
 198 70 84 85 86 87 106 107 119 120 121 122 123 143 144 157 158 159 160 161 181 182 183 194 195 196 197 199 219 220 233 234 235 236 237 257 258 271 272 273 274 275 310 311 312 313 350 
 199 39 70 71 72 85 86 87 106 107 108 109 121 122 123 143 144 145 146 158 159 160 161 181 182 183 184 196 197 198 219 220 221 222 234 235 236 237 257 258 259 260 273 274 275 295 296 297 311 312 313 351 
 200 52 53 88 89 90 117 124 125 126 127 154 155 162 163 164 165 192 193 194 201 202 203 204 230 231 232 238 239 240 241 268 269 270 276 277 278 279 306 307 314 315 316 344 352 353 
 201 53 54 88 89 90 91 117 124 125 126 127 128 154 155 162 163 164 165 166 192 193 200 202 203 204 205 230 231 238 239 240 241 242 268 269 276 277 278 279 280 306 307 314 315 316 317 344 352 353 354 
 202 54 55 88 89 90 91 92 124 125 126 127 128 129 154 162 163 164 165 166 167 168 192 200 201 203 204 205 206 230 231 238 239 240 241 242 243 244 268 276 277 278 279 280 281 306 314 315 316 317 318 344 353 354 355 
 203 55 56 89 90 91 92 93 124 125 126 127 128 129 130 154 162 163 164 165 166 167 168 169 192 200 201 202 204 205 206 207 230 238 239 240 241 242 243 244 245 268 276 277 278 279 280 281 282 306 315 316 317 318 319 354 355 356 
 204 56 57 90 91 92 93 94 125 126 127 128 129 130 131 163 164 165 166 167 168 169 170 200 201 202 203 205 206 207 208 239 240 241 242 243 244 245 246 277 278 279 280 281 282 283 316 317 318 319 320 355 356 357 
 205 57 91 92 93 94 95 126 127 128 129 130 131 132 164 165 166 167 168 169 170 201 202 203 204 206 207 208 209 240 241 242 243 244 245 246 278 279 280 281 282 283 284 317 318 319 320 321 356 357 358 
 206 57 58 92 93 94 95 96 127 128 129 130 131 132 133 164 165 166 167 168 169 170 171 202 203 204 205 207 208 209 210 240 241 242 243 244 245 246 247 279 280 281 282 283 284 285 318 319 320 321 322 357 358 359 
 207 58 59 93 94 95 96 97 128 129 130 131 132 133 134 135 165 166 167 168 169 170 171 172 173 203 204 205 206 208 209 210 211 241 242 243 244 245 246 247 248 249 280 281 282 283 284 285 286 287 319 320 321 322 323 358 359 360 
 208 59 60 94 95 96 97 98 129 130 131 132 133 134 135 166 167 168 169 170 171 172 173 204 205 206 207 209 210 211 212 242 243 244 245 246 247 248 249 281 282 283 284 285 286 287 320 321 322 323 324 325 359 360 361 
 209 60 61 95 96 97 98 99 130 131 132 133 134 135 136 168 169 170 171 172 173 174 205 206 207 208 210 211 212 244 245 246 247 248 249 250 282 283 284 285 286 287 288 321 322 323 324 325 360 361 362 
 210 61 62 96 97 98 99 131 132 133 134 135 136 169 170 171 172 173 174 175 206 207 208 209 211 212 213 245 246 247 248 249 250 251 283 284 285 286 287 288 322 323 324 325 361 362 
 211 63 96 97 98 99 100 101 131 132 133 134 135 136 137 169 170 171 172 173 174 175 176 207 208 209 210 212 213 214 245 246 247 248 249 250 251 252 283 284 285 286 287 288 289 322 323 324 325 326 327 363 
 212 63 64 98 99 100 101 102 133 134 135 136 137 138 139 171 172 173 174 175 176 177 208 209 210 211 213 214 215 216 247 248 249 250 251 252 253 285 286 287 288 289 290 291 325 326 327 328 364 
 213 65 99 100 101 102 103 135 136 137 138 139 140 172 173 174 175 176 177 178 210 211 212 214 215 216 217 248 249 250 251 252 253 254 287 288 289 290 291 292 325 326 327 328 329 365 
 214 100 101 102 103 136 137 138 139 140 141 173 174 175 176 177 178 179 211 212 213 215 216 217 249 250 251 252 253 254 255 288 289 290 291 292 293 326 327 328 329 330 366 367 
 215 101 102 103 104 136 137 138 139 140 141 174 175 176 177 178 179 180 212 213 214 216 217 218 250 251 252 253 254 255 256 288 289 290 291 292 293 327 328 329 330 331 366 367 
 216 67 101 102 103 104 105 137 138 139 140 141 142 175 176 177 178 179 180 191 212 213 214 215 217 218 229 251 252 253 254 255 256 267 289 290 291 292 293 294 328 329 330 331 332 368 
 217 68 69 102 103 104 105 116 138 139 140 141 142 152 153 176 177 178 179 180 190 191 213 214 215 216 218 227 228 229 252 253 254 255 256 266 267 290 291 292 293 294 304 305 329 330 331 332 369 
 218 69 103 104 105 114 115 116 140 141 142 150 151 152 153 177 178 179 180 188 189 190 191 215 216 217 226 227 228 229 253 254 255 256 264 265 266 267 292 293 294 302 303 304 305 330 331 332 341 342 343 370 
 219 70 71 106 107 108 123 143 144 145 146 160 161 181 182 183 184 197 198 199 220 221 222 223 235 236 237 257 258 259 260 273 274 275 295 296 297 298 312 313 333 334 335 351 371 372 
 220 71 72 106 107 108 109 123 143 144 145 146 147 160 161 181 182 183 184 185 198 199 219 221 222 223 224 236 237 257 258 259 260 261 274 275 295 296 297 298 299 312 313 333 334 335 336 351 371 372 373 
 221 72 73 106 107 108 109 110 143 144 145 146 147 148 161 181 182 183 184 185 186 187 199 219 220 222 223 224 225 236 237 257 258 259 260 261 262 263 275 295 296 297 298 299 300 313 333 334 335 336 337 351 372 373 374 
 222 73 74 107 108 109 110 111 143 144 145 146 147 148 149 161 181 182 183 184 185 186 187 188 199 219 220 221 223 224 225 226 237 257 258 259 260 261 262 263 264 275 295 296 297 298 299 300 301 313 334 335 336 337 338 373 374 375 
 223 74 75 108 109 110 111 112 144 145 146 147 148 149 150 182 183 184 185 186 187 188 189 219 220 221 222 224 225 226 227 258 259 260 261 262 263 264 265 296 297 298 299 300 301 302 335 336 337 338 339 374 375 376 
 224 75 109 110 111 112 113 145 146 147 148 149 150 151 183 184 185 186 187 188 189 220 221 222 223 225 226 227 228 259 260 261 262 263 264 265 297 298 299 300 301 302 303 336 337 338 339 340 375 376 377 
 225 75 76 110 111 112 113 114 146 147 148 149 150 151 152 183 184 185 186 187 188 189 190 221 222 223 224 226 227 228 229 259 260 261 262 263 264 265 266 298 299 300 301 302 303 304 337 338 339 340 341 376 377 378 
 226 76 77 111 112 113 114 115 142 147 148 149 150 151 152 153 180 184 185 186 187 188 189 190 191 218 222 223 224 225 227 228 229 256 260 261 262 263 264 265 266 267 294 299 300 301 302 303 304 305 338 339 340 341 342 377 378 379 
 227 77 78 112 113 114 115 116 142 148 149 150 151 152 153 180 185 186 187 188 189 190 191 217 218 223 224 225 226 228 229 256 261 262 263 264 265 266 267 294 300 301 302 303 304 305 332 339 340 341 342 343 378 379 380 
 228 78 79 105 113 114 115 116 141 142 149 150 151 152 153 179 180 187 188 189 190 191 217 218 224 225 226 227 229 255 256 263 264 265 266 267 293 294 301 302 303 304 305 332 340 341 342 343 379 380 381 
 229 79 80 105 114 115 116 141 142 150 151 152 153 178 179 180 188 189 190 191 216 217 218 225 226 227 228 254 255 256 264 265 266 267 293 294 302 303 304 305 332 341 342 343 380 381 
 230 81 88 89 90 117 118 119 124 125 126 127 154 155 156 162 163 164 165 192 193 194 195 200 201 202 203 231 232 233 238 239 240 241 268 269 270 271 276 277 278 279 306 307 308 314 315 316 344 345 346 382 
 231 81 82 88 117 118 119 120 124 125 154 155 156 157 158 162 163 192 193 194 195 196 200 201 202 230 232 233 234 235 238 239 268 269 270 271 272 276 277 306 307 308 309 310 344 345 346 347 383 
 232 83 117 118 119 120 121 154 155 156 157 158 159 162 192 193 194 195 196 197 200 230 231 233 234 235 236 238 268 269 270 271 272 273 306 307 308 309 310 311 344 345 346 347 348 384 
 233 118 119 120 121 155 156 157 158 159 160 192 193 194 195 196 197 198 230 231 232 234 235 236 268 269 270 271 272 273 274 307 308 309 310 311 312 345 346 347 348 349 385 386 
 234 119 120 121 122 155 156 157 158 159 160 193 194 195 196 197 198 199 231 232 233 235 236 237 269 270 271 272 273 274 275 307 308 309 310 311 312 346 347 348 349 350 385 386 
 235 85 119 120 121 122 123 156 157 158 159 160 161 181 194 195 196 197 198 199 219 231 232 233 234 236 237 257 270 271 272 273 274 275 308 309 310 311 312 313 347 348 349 350 351 387 
 236 86 87 106 120 121 122 123 143 144 157 158 159 160 161 181 182 195 196 197 198 199 219 220 221 232 233 234 235 237 257 258 271 272 273 274 275 295 296 309 310 311 312 313 348 349 350 351 388 
 237 87 106 107 108 121 122 123 143 144 145 146 159 160 161 181 182 183 184 196 197 198 199 219 220 221 222 234 235 236 257 258 259 260 272 273 274 275 295 296 297 298 311 312 313 333 334 335 349 350 351 389 
 238 88 89 124 125 126 154 162 163 164 165 192 193 200 201 202 203 230 231 232 239 240 241 242 268 269 270 276 277 278 279 306 307 308 314 315 316 317 344 345 352 353 354 382 390 391 
 239 89 90 124 125 126 127 154 162 163 164 165 166 192 193 200 201 202 203 204 230 231 238 240 241 242 243 268 269 276 277 278 279 280 306 307 314 315 316 317 318 344 345 352 353 354 355 382 391 392 
 240 90 91 124 125 126 127 128 154 162 163 164 165 166 167 192 200 201 202 203 204 205 206 230 238 239 241 242 243 244 268 269 276 277 278 279 280 281 282 306 314 315 316 317 318 319 344 352 353 354 355 356 382 392 393 
 241 91 92 125 126 127 128 129 162 163 164 165 166 167 168 192 200 201 202 203 204 205 206 207 230 238 239 240 242 243 244 245 268 276 277 278 279 280 281 282 283 306 314 315 316 317 318 319 320 344 353 354 355 356 357 393 394 
 242 92 93 126 127 128 129 130 163 164 165 166 167 168 169 201 202 203 204 205 206 207 208 238 239 240 241 243 244 245 246 277 278 279 280 281 282 283 284 315 316 317 318 319 320 321 354 355 356 357 358 394 395 
 243 93 127 128 129 130 131 164 165 166 167 168 169 170 202 203 204 205 206 207 208 239 240 241 242 244 245 246 247 278 279 280 281 282 283 284 316 317 318 319 320 321 322 355 356 357 358 359 395 
 244 93 94 128 129 130 131 132 165 166 167 168 169 170 171 202 203 204 205 206 207 208 209 240 241 242 243 245 246 247 248 278 279 280 281 282 283 284 285 317 318 319 320 321 322 323 356 357 358 359 360 395 396 
 245 94 95 129 130 131 132 133 166 167 168 169 170 171 172 173 203 204 205 206 207 208 209 210 211 241 242 243 244 246 247 248 249 279 280 281 282 283 284 285 286 287 318 319 320 321 322 323 324 325 357 358 359 360 361 396 397 
 246 95 96 130 131 132 133 134 135 167 168 169 170 171 172 173 204 205 206 207 208 209 210 211 242 243 244 245 247 248 249 250 280 281 282 283 284 285 286 287 319 320 321 322 323 324 325 358 359 360 361 362 363 397 398 
 247 96 97 131 132 133 134 135 168 169 170 171 172 173 174 206 207 208 209 210 211 212 243 244 245 246 248 249 250 282 283 284 285 286 287 288 320 321 322 323 324 325 326 359 360 361 362 363 398 399 
 248 97 98 132 133 134 135 169 170 171 172 173 174 207 208 209 210 211 212 213 244 245 246 247 249 250 251 283 284 285 286 287 288 289 321 322 323 324 325 326 360 361 362 363 399 400 
 249 99 132 133 134 135 136 137 169 170 171 172 173 174 175 207 208 209 210 211 212 213 214 245 246 247 248 250 251 252 283 284 285 286 287 288 289 290 321 322 323 324 325 326 327 360 361 362 363 364 365 401 
 250 99 100 135 136 137 138 171 172 173 174 175 176 177 209 210 211 212 213 214 215 246 247 248 249 251 252 253 254 285 286 287 288 289 290 291 323 324 325 326 327 328 329 363 364 365 366 401 402 
 251 101 135 136 137 138 139 173 174 175 176 177 178 210 211 212 213 214 215 216 248 249 250 252 253 254 255 286 287 288 289 290 291 292 325 326 327 328 329 330 363 364 365 366 367 403 
 252 136 137 138 139 140 174 175 176 177 178 179 211 212 213 214 215 216 217 249 250 251 253 254 255 287 288 289 290 291 292 293 326 327 328 329 330 331 364 365 366 367 368 
 253 137 138 139 140 141 174 175 176 177 178 179 212 213 214 215 216 217 218 250 251 252 254 255 256 288 289 290 291 292 293 294 326 327 328 329 330 331 365 366 367 368 369 
 254 103 138 139 140 141 142 175 176 177 178 179 180 213 214 215 216 217 218 229 250 251 252 253 255 256 267 289 290 291 292 293 294 305 327 328 329 330 331 332 366 367 368 369 370 405 
 255 104 105 139 140 141 142 176 177 178 179 180 190 191 214 215 216 217 218 228 229 251 252 253 254 256 265 266 267 290 291 292 293 294 304 305 328 329 330 331 332 342 343 367 368 369 370 406 407 
 256 105 140 141 142 151 152 153 178 179 180 188 189 190 191 215 216 217 218 226 227 228 229 253 254 255 264 265 266 267 291 292 293 294 302 303 304 305 330 331 332 340 341 342 343 368 369 370 379 380 381 407 
 257 106 107 143 144 145 161 181 182 183 184 198 199 219 220 221 222 235 236 237 258 259 260 261 273 274 275 295 296 297 298 311 312 313 333 334 335 336 350 351 371 372 373 389 408 409 
 258 107 108 143 144 145 146 161 181 182 183 184 185 198 199 219 220 221 222 223 236 237 257 259 260 261 262 274 275 295 296 297 298 299 312 313 333 334 335 336 337 350 351 371 372 373 374 389 409 410 
 259 108 109 143 144 145 146 147 161 181 182 183 184 185 186 199 219 220 221 222 223 224 225 237 257 258 260 261 262 263 274 275 295 296 297 298 299 300 301 313 333 334 335 336 337 338 351 371 372 373 374 375 389 410 411 
 260 109 110 144 145 146 147 148 181 182 183 184 185 186 187 199 219 220 221 222 223 224 225 226 237 257 258 259 261 262 263 264 275 295 296 297 298 299 300 301 302 313 333 334 335 336 337 338 339 351 372 373 374 375 376 411 412 
 261 110 111 145 146 147 148 149 182 183 184 185 186 187 188 220 221 222 223 224 225 226 227 257 258 259 260 262 263 264 265 296 297 298 299 300 301 302 303 334 335 336 337 338 339 340 373 374 375 376 377 412 413 
 262 111 146 147 148 149 150 183 184 185 186 187 188 189 221 222 223 224 225 226 227 258 259 260 261 263 264 265 266 297 298 299 300 301 302 303 335 336 337 338 339 340 341 374 375 376 377 378 413 
 263 111 112 147 148 149 150 151 184 185 186 187 188 189 190 221 222 223 224 225 226 227 228 259 260 261 262 264 265 266 267 297 298 299 300 301 302 303 304 336 337 338 339 340 341 342 375 376 377 378 379 413 414 
 264 112 113 148 149 150 151 152 180 185 186 187 188 189 190 191 218 222 223 224 225 226 227 228 229 256 260 261 262 263 265 266 267 294 298 299 300 301 302 303 304 305 332 337 338 339 340 341 342 343 376 377 378 379 380 414 415 
 265 113 114 142 149 150 151 152 153 180 186 187 188 189 190 191 218 223 224 225 226 227 228 229 255 256 261 262 263 264 266 267 294 299 300 301 302 303 304 305 332 338 339 340 341 342 343 370 377 378 379 380 381 415 416 
 266 114 115 142 150 151 152 153 179 180 187 188 189 190 191 217 218 225 226 227 228 229 255 256 262 263 264 265 267 293 294 301 302 303 304 305 331 332 339 340 341 342 343 370 378 379 380 381 416 417 
 267 115 116 142 151 152 153 179 180 188 189 190 191 216 217 218 226 227 228 229 254 255 256 263 264 265 266 292 293 294 302 303 304 305 331 332 340 341 342 343 370 379 380 381 417 418 
 268 117 124 125 126 154 155 156 162 163 164 165 192 193 194 200 201 202 203 230 231 232 233 238 239 240 241 269 270 271 276 277 278 279 306 307 308 309 314 315 316 317 344 345 346 352 353 354 382 383 384 419 
 269 117 118 154 155 156 157 162 163 192 193 194 195 196 200 201 230 231 232 233 234 238 239 240 268 270 271 272 273 276 277 306 307 308 309 310 314 315 344 345 346 347 348 382 383 384 385 419 420 
 270 119 154 155 156 157 158 192 193 194 195 196 197 200 230 231 232 233 234 235 238 268 269 271 272 273 274 276 306 307 308 309 310 311 344 345 346 347 348 349 382 383 384 385 386 421 
 271 155 156 157 158 159 193 194 195 196 197 198 230 231 232 233 234 235 236 268 269 270 272 273 274 306 307 308 309 310 311 312 345 346 347 348 349 350 383 384 385 386 387 
 272 156 157 158 159 160 193 194 195 196 197 198 231 232 233 234 235 236 237 269 270 271 273 274 275 307 308 309 310 311 312 313 345 346 347 348 349 350 384 385 386 387 388 
 273 121 157 158 159 160 161 194 195 196 197 198 199 219 232 233 234 235 236 237 257 269 270 271 272 274 275 295 308 309 310 311 312 313 346 347 348 349 350 351 385 386 387 388 389 423 
 274 122 123 158 159 160 161 181 182 195 196 197 198 199 219 220 233 234 235 236 237 257 258 259 270 271 272 273 275 295 296 309 310 311 312 313 333 334 347 348 349 350 351 386 387 388 389 424 425 
 275 123 143 144 145 159 160 161 181 182 183 184 197 198 199 219 220 221 222 234 235 236 237 257 258 259 260 272 273 274 295 296 297 298 310 311 312 313 333 334 335 336 349 350 351 371 372 373 387 388 389 425 
 276 124 125 162 163 164 192 200 201 202 203 230 231 238 239 240 241 268 269 270 277 278 279 280 306 307 308 314 315 316 317 344 345 346 352 353 354 355 382 383 390 391 392 419 426 427 
 277 124 125 126 162 163 164 165 192 200 201 202 203 204 230 231 238 239 240 241 242 268 269 276 278 279 280 281 306 307 314 315 316 317 318 344 345 352 353 354 355 356 382 383 390 391 392 393 419 427 428 
 278 125 126 127 162 163 164 165 166 192 200 201 202 203 204 205 230 238 239 240 241 242 243 244 268 276 277 279 280 281 282 306 307 314 315 316 317 318 319 320 344 352 353 354 355 356 357 382 390 391 392 393 394 428 429 
 279 126 127 128 163 164 165 166 167 200 201 202 203 204 205 206 230 238 239 240 241 242 243 244 245 268 276 277 278 280 281 282 283 306 314 315 316 317 318 319 320 321 344 352 353 354 355 356 357 358 382 391 392 393 394 395 429 430 
 280 127 128 129 164 165 166 167 168 201 202 203 204 205 206 207 239 240 241 242 243 244 245 246 276 277 278 279 281 282 283 284 315 316 317 318 319 320 321 322 353 354 355 356 357 358 359 392 393 394 395 396 430 431 
 281 128 129 130 165 166 167 168 169 202 203 204 205 206 207 208 240 241 242 243 244 245 246 277 278 279 280 282 283 284 285 316 317 318 319 320 321 322 354 355 356 357 358 359 360 393 394 395 396 397 431 
 282 129 130 131 166 167 168 169 170 203 204 205 206 207 208 209 240 241 242 243 244 245 246 247 278 279 280 281 283 284 285 286 316 317 318 319 320 321 322 323 355 356 357 358 359 360 361 394 395 396 397 398 431 432 
 283 130 131 132 167 168 169 170 171 204 205 206 207 208 209 210 211 241 242 243 244 245 246 247 248 249 279 280 281 282 284 285 286 287 317 318 319 320 321 322 323 324 325 356 357 358 359 360 361 362 363 395 396 397 398 399 432 433 
 284 131 132 133 168 169 170 171 172 173 205 206 207 208 209 210 211 242 243 244 245 246 247 248 249 280 281 282 283 285 286 287 288 318 319 320 321 322 323 324 325 357 358 359 360 361 362 363 396 397 398 399 400 433 434 
 285 132 133 134 169 170 171 172 173 206 207 208 209 210 211 212 244 245 246 247 248 249 250 281 282 283 284 286 287 288 320 321 322 323 324 325 326 358 359 360 361 362 363 364 397 398 399 400 401 434 435 
 286 133 134 170 171 172 173 207 208 209 210 211 212 245 246 247 248 249 250 251 282 283 284 285 287 288 289 321 322 323 324 325 326 327 359 360 361 362 363 364 398 399 400 401 435 436 
 287 135 170 171 172 173 174 175 207 208 209 210 211 212 213 245 246 247 248 249 250 251 252 283 284 285 286 288 289 290 321 322 323 324 325 326 327 328 359 360 361 362 363 364 365 398 399 400 401 402 403 437 
 288 136 173 174 175 176 209 210 211 212 213 214 215 247 248 249 250 251 252 253 284 285 286 287 289 290 291 292 323 324 325 326 327 328 329 361 362 363 364 365 366 367 400 401 402 403 404 437 438 
 289 137 173 174 175 176 177 211 212 213 214 215 216 248 249 250 251 252 253 254 286 287 288 290 291 292 293 324 325 326 327 328 329 330 363 364 365 366 367 368 401 402 403 404 405 439 
 290 138 139 174 175 176 177 178 212 213 214 215 216 217 249 250 251 252 253 254 255 287 288 289 291 292 293 325 326 327 328 329 330 331 364 365 366 367 368 369 402 403 404 405 
 291 138 139 175 176 177 178 179 212 213 214 215 216 217 250 251 252 253 254 255 256 288 289 290 292 293 294 326 327 328 329 330 331 332 364 365 366 367 368 369 403 404 405 406 
 292 140 176 177 178 179 180 213 214 215 216 217 218 251 252 253 254 255 256 267 288 289 290 291 293 294 305 327 328 329 330 331 332 343 365 366 367 368 369 370 403 404 405 406 407 441 
 293 141 177 178 179 180 214 215 216 217 218 228 229 252 253 254 255 256 266 267 289 290 291 292 294 303 304 305 328 329 330 331 332 342 343 366 367 368 369 370 380 381 404 405 406 407 418 442 443 
 294 142 178 179 180 189 190 191 216 217 218 226 227 228 229 253 254 255 256 264 265 266 267 291 292 293 302 303 304 305 329 330 331 332 340 341 342 343 368 369 370 378 379 380 381 405 406 407 416 417 418 443 
 295 143 144 181 182 183 199 219 220 221 222 236 237 257 258 259 260 273 274 275 296 297 298 299 311 312 313 333 334 335 336 349 350 351 371 372 373 374 388 389 408 409 410 425 444 445 
 296 143 144 145 181 182 183 184 199 219 220 221 222 223 236 237 257 258 259 260 261 274 275 295 297 298 299 300 312 313 333 334 335 336 337 350 351 371 372 373 374 375 388 389 408 409 410 411 425 445 446 
 297 144 145 146 181 182 183 184 185 199 219 220 221 222 223 224 237 257 258 259 260 261 262 263 275 295 296 298 299 300 301 312 313 333 334 335 336 337 338 339 351 371 372 373 374 375 376 389 408 409 410 411 412 446 447 
 298 145 146 147 182 183 184 185 186 219 220 221 222 223 224 225 237 257 258 259 260 261 262 263 264 275 295 296 297 299 300 301 302 313 333 334 335 336 337 338 339 340 351 371 372 373 374 375 376 377 389 409 410 411 412 413 447 448 
 299 146 147 148 183 184 185 186 187 220 221 222 223 224 225 226 258 259 260 261 262 263 264 265 295 296 297 298 300 301 302 303 334 335 336 337 338 339 340 341 372 373 374 375 376 377 378 410 411 412 413 414 448 449 
 300 147 148 149 184 185 186 187 188 221 222 223 224 225 226 227 259 260 261 262 263 264 265 296 297 298 299 301 302 303 304 335 336 337 338 339 340 341 373 374 375 376 377 378 379 411 412 413 414 415 449 
 301 148 149 150 185 186 187 188 189 222 223 224 225 226 227 228 259 260 261 262 263 264 265 266 297 298 299 300 302 303 304 305 335 336 337 338 339 340 341 342 374 375 376 377 378 379 380 412 413 414 415 416 449 450 
 302 149 150 151 186 187 188 189 190 218 223 224 225 226 227 228 229 256 260 261 262 263 264 265 266 267 294 298 299 300 301 303 304 305 332 336 337 338 339 340 341 342 343 370 375 376 377 378 379 380 381 413 414 415 416 417 450 451 
 303 150 151 152 180 187 188 189 190 191 218 224 225 226 227 228 229 256 261 262 263 264 265 266 267 293 294 299 300 301 302 304 305 332 337 338 339 340 341 342 343 370 376 377 378 379 380 381 414 415 416 417 418 451 452 
 304 151 152 153 180 188 189 190 191 217 218 225 226 227 228 229 255 256 263 264 265 266 267 293 294 300 301 302 303 305 331 332 339 340 341 342 343 369 370 377 378 379 380 381 407 415 416 417 418 452 453 
 305 152 153 180 189 190 191 217 218 226 227 228 229 254 255 256 264 265 266 267 292 293 294 301 302 303 304 330 331 332 340 341 342 343 369 370 378 379 380 381 407 416 417 418 453 454 
 306 154 162 163 164 192 193 194 200 201 202 203 230 231 232 238 239 240 241 268 269 270 271 276 277 278 279 307 308 309 314 315 316 317 344 345 346 347 352 353 354 355 382 383 384 390 391 392 419 420 421 455 
 307 155 192 193 194 195 200 201 230 231 232 233 234 238 239 268 269 270 271 272 276 277 278 306 308 309 310 311 314 315 344 345 346 347 348 352 353 382 383 384 385 386 390 419 420 421 422 455 456 
 308 156 192 193 194 195 196 230 231 232 233 234 235 238 268 269 270 271 272 273 276 306 307 309 310 311 312 314 344 345 346 347 348 349 382 383 384 385 386 387 419 420 421 422 423 457 
 309 157 158 193 194 195 196 197 231 232 233 234 235 236 268 269 270 271 272 273 274 306 307 308 310 311 312 344 345 346 347 348 349 350 383 384 385 386 387 388 420 421 422 423 
 310 157 158 194 195 196 197 198 231 232 233 234 235 236 269 270 271 272 273 274 275 307 308 309 311 312 313 345 346 347 348 349 350 351 383 384 385 386 387 388 421 422 423 424 
 311 159 195 196 197 198 199 232 233 234 235 236 237 257 270 271 272 273 274 275 295 307 308 309 310 312 313 333 346 347 348 349 350 351 384 385 386 387 388 389 421 422 423 424 425 459 
 312 160 196 197 198 199 219 220 233 234 235 236 237 257 258 271 272 273 274 275 295 296 297 308 309 310 311 313 333 334 347 348 349 350 351 371 372 385 386 387 388 389 408 422 423 424 425 460 461 
 313 161 181 182 183 197 198 199 219 220 221 222 235 236 237 257 258 259 260 272 273 274 275 295 296 297 298 310 311 312 333 334 335 336 348 349 350 351 371 372 373 374 387 388 389 408 409 410 423 424 425 461 
 314 162 163 200 201 202 230 238 239 240 241 268 269 276 277 278 279 306 307 308 315 316 317 318 344 345 346 352 353 354 355 382 383 384 390 391 392 393 419 420 426 427 428 455 
 315 162 163 164 200 201 202 203 230 238 239 240 241 242 268 269 276 277 278 279 280 306 307 314 316 317 318 319 344 345 352 353 354 355 356 382 383 390 391 392 393 394 419 426 427 428 429 455 
 316 163 164 165 200 201 202 203 204 230 238 239 240 241 242 243 268 276 277 278 279 280 281 282 306 314 315 317 318 319 320 344 345 352 353 354 355 356 357 358 382 390 391 392 393 394 395 419 426 427 428 429 430 
 317 164 165 166 201 202 203 204 205 238 239 240 241 242 243 244 268 276 277 278 279 280 281 282 283 306 314 315 316 318 319 320 321 344 352 353 354 355 356 357 358 359 382 390 391 392 393 394 395 396 427 428 429 430 431 
 318 165 166 167 202 203 204 205 206 239 240 241 242 243 244 245 277 278 279 280 281 282 283 284 314 315 316 317 319 320 321 322 353 354 355 356 357 358 359 360 391 392 393 394 395 396 397 428 429 430 431 432 
 319 166 167 168 203 204 205 206 207 240 241 242 243 244 245 246 278 279 280 281 282 283 284 315 316 317 318 320 321 322 323 354 355 356 357 358 359 360 392 393 394 395 396 397 398 429 430 431 432 433 
 320 167 168 169 204 205 206 207 208 241 242 243 244 245 246 247 278 279 280 281 282 283 284 285 316 317 318 319 321 322 323 324 354 355 356 357 358 359 360 361 393 394 395 396 397 398 399 430 431 432 433 434 
 321 168 169 170 205 206 207 208 209 242 243 244 245 246 247 248 249 279 280 281 282 283 284 285 286 287 317 318 319 320 322 323 324 325 355 356 357 358 359 360 361 362 363 394 395 396 397 398 399 400 431 432 433 434 435 
 322 169 170 171 206 207 208 209 210 211 243 244 245 246 247 248 249 280 281 282 283 284 285 286 287 318 319 320 321 323 324 325 326 356 357 358 359 360 361 362 363 395 396 397 398 399 400 401 432 433 434 435 436 
 323 170 171 172 207 208 209 210 211 244 245 246 247 248 249 250 282 283 284 285 286 287 288 319 320 321 322 324 325 326 358 359 360 361 362 363 364 396 397 398 399 400 401 433 434 435 436 437 
 324 171 172 208 209 210 211 245 246 247 248 249 250 283 284 285 286 287 288 289 320 321 322 323 325 326 327 359 360 361 362 363 364 365 397 398 399 400 401 402 434 435 436 437 
 325 173 208 209 210 211 212 213 245 246 247 248 249 250 251 283 284 285 286 287 288 289 290 321 322 323 324 326 327 328 359 360 361 362 363 364 365 366 397 398 399 400 401 402 403 434 435 436 437 438 439 470 
 326 174 211 212 213 214 247 248 249 250 251 252 253 285 286 287 288 289 290 291 322 323 324 325 327 328 329 330 361 362 363 364 365 366 367 399 400 401 402 403 404 405 436 437 438 439 440 
 327 175 211 212 213 214 215 249 250 251 252 253 254 286 287 288 289 290 291 292 324 325 326 328 329 330 331 362 363 364 365 366 367 368 400 401 402 403 404 405 437 438 439 440 441 
 328 176 177 212 213 214 215 216 250 251 252 253 254 255 287 288 289 290 291 292 293 325 326 327 329 330 331 363 364 365 366 367 368 369 401 402 403 404 405 406 438 439 440 441 
 329 176 177 213 214 215 216 217 250 251 252 253 254 255 288 289 290 291 292 293 294 326 327 328 330 331 332 364 365 366 367 368 369 370 402 403 404 405 406 407 439 440 441 442 
 330 178 214 215 216 217 218 251 252 253 254 255 256 289 290 291 292 293 294 305 326 327 328 329 331 332 343 365 366 367 368 369 370 381 403 404 405 406 407 418 439 440 441 442 443 
 331 179 215 216 217 218 252 253 254 255 256 266 267 290 291 292 293 294 304 305 327 328 329 330 332 341 342 343 366 367 368 369 370 380 381 403 404 405 406 407 417 418 440 441 442 443 454 
 332 180 216 217 218 227 228 229 254 255 256 264 265 266 267 291 292 293 294 302 303 304 305 329 330 331 340 341 342 343 367 368 369 370 378 379 380 381 405 406 407 415 416 417 418 441 442 443 452 453 454 483 
 333 181 182 219 220 221 237 257 258 259 260 274 275 295 296 297 298 311 312 313 334 335 336 337 349 350 351 371 372 373 374 387 388 389 408 409 410 411 424 425 444 445 446 461 
 334 181 182 183 219 220 221 222 237 257 258 259 260 261 274 275 295 296 297 298 299 312 313 333 335 336 337 338 350 351 371 372 373 374 375 388 389 408 409 410 411 412 425 444 445 446 447 461 
 335 182 183 184 219 220 221 222 223 237 257 258 259 260 261 262 275 295 296 297 298 299 300 301 313 333 334 336 337 338 339 350 351 371 372 373 374 375 376 377 389 408 409 410 411 412 413 425 444 445 446 447 448 
 336 183 184 185 220 221 222 223 224 257 258 259 260 261 262 263 275 295 296 297 298 299 300 301 302 313 333 334 335 337 338 339 340 351 371 372 373 374 375 376 377 378 389 408 409 410 411 412 413 414 445 446 447 448 449 
 337 184 185 186 221 222 223 224 225 258 259 260 261 262 263 264 296 297 298 299 300 301 302 303 333 334 335 336 338 339 340 341 372 373 374 375 376 377 378 379 409 410 411 412 413 414 415 446 447 448 449 450 
 338 185 186 187 222 223 224 225 226 259 260 261 262 263 264 265 297 298 299 300 301 302 303 334 335 336 337 339 340 341 342 373 374 375 376 377 378 379 410 411 412 413 414 415 416 447 448 449 450 451 
 339 186 187 188 223 224 225 226 227 260 261 262 263 264 265 266 297 298 299 300 301 302 303 304 335 336 337 338 340 341 342 343 373 374 375 376 377 378 379 380 411 412 413 414 415 416 417 448 449 450 451 452 
 340 187 188 189 224 225 226 227 228 256 261 262 263 264 265 266 267 294 298 299 300 301 302 303 304 305 332 336 337 338 339 341 342 343 370 374 375 376 377 378 379 380 381 412 413 414 415 416 417 418 449 450 451 452 453 
 341 188 189 190 218 225 226 227 228 229 256 262 263 264 265 266 267 294 299 300 301 302 303 304 305 331 332 337 338 339 340 342 343 370 375 376 377 378 379 380 381 407 413 414 415 416 417 418 450 451 452 453 454 
 342 189 190 191 218 226 227 228 229 255 256 263 264 265 266 267 293 294 301 302 303 304 305 331 332 338 339 340 341 343 369 370 377 378 379 380 381 407 414 415 416 417 418 443 451 452 453 454 
 343 190 191 218 227 228 229 255 256 264 265 266 267 292 293 294 302 303 304 305 330 331 332 339 340 341 342 368 369 370 378 379 380 381 406 407 415 416 417 418 443 452 453 454 
 344 192 200 201 202 230 231 232 238 239 240 241 268 269 270 276 277 278 279 306 307 308 309 314 315 316 317 345 346 347 352 353 354 355 382 383 384 385 390 391 392 393 419 420 421 426 427 428 455 456 457 462 
 345 193 230 231 232 233 238 239 268 269 270 271 272 276 277 306 307 308 309 310 314 315 316 344 346 347 348 349 352 353 382 383 384 385 386 390 391 419 420 421 422 423 426 455 456 457 458 
 346 194 230 231 232 233 234 268 269 270 271 272 273 276 306 307 308 309 310 311 314 344 345 347 348 349 350 352 382 383 384 385 386 387 390 419 420 421 422 423 455 456 457 458 459 
 347 195 196 231 232 233 234 235 269 270 271 272 273 274 306 307 308 309 310 311 312 344 345 346 348 349 350 382 383 384 385 386 387 388 419 420 421 422 423 424 456 457 458 459 
 348 195 196 232 233 234 235 236 269 270 271 272 273 274 307 308 309 310 311 312 313 345 346 347 349 350 351 383 384 385 386 387 388 389 420 421 422 423 424 425 457 458 459 460 
 349 197 233 234 235 236 237 270 271 272 273 274 275 295 308 309 310 311 312 313 333 345 346 347 348 350 351 371 384 385 386 387 388 389 408 421 422 423 424 425 457 458 459 460 461 
 350 198 234 235 236 237 257 258 271 272 273 274 275 295 296 309 310 311 312 313 333 334 335 346 347 348 349 351 371 372 385 386 387 388 389 408 409 421 422 423 424 425 444 458 459 460 461 
 351 199 219 220 221 235 236 237 257 258 259 260 273 274 275 295 296 297 298 310 311 312 313 333 334 335 336 348 349 350 371 372 373 374 386 387 388 389 408 409 410 411 423 424 425 444 445 446 459 460 461 475 
 352 200 201 238 239 240 268 276 277 278 279 306 307 314 315 316 317 344 345 346 353 354 355 356 382 383 384 390 391 392 393 419 420 426 427 428 429 455 456 462 463 
 353 200 201 202 238 239 240 241 268 276 277 278 279 280 306 307 314 315 316 317 318 344 345 352 354 355 356 357 382 383 390 391 392 393 394 419 420 426 427 428 429 430 455 462 463 
 354 201 202 203 238 239 240 241 242 268 276 277 278 279 280 281 306 314 315 316 317 318 319 320 344 352 353 355 356 357 358 382 383 390 391 392 393 394 395 396 419 426 427 428 429 430 431 455 462 463 464 
 355 202 203 204 239 240 241 242 243 276 277 278 279 280 281 282 306 314 315 316 317 318 319 320 321 344 352 353 354 356 357 358 359 382 390 391 392 393 394 395 396 397 419 426 427 428 429 430 431 432 464 
 356 203 204 205 240 241 242 243 244 277 278 279 280 281 282 283 315 316 317 318 319 320 321 322 352 353 354 355 357 358 359 360 391 392 393 394 395 396 397 427 428 429 430 431 432 433 
 357 204 205 206 241 242 243 244 245 278 279 280 281 282 283 284 316 317 318 319 320 321 322 353 354 355 356 358 359 360 361 392 393 394 395 396 397 398 428 429 430 431 432 433 434 
 358 205 206 207 242 243 244 245 246 279 280 281 282 283 284 285 316 317 318 319 320 321 322 323 354 355 356 357 359 360 361 362 393 394 395 396 397 398 399 429 430 431 432 433 434 435 
 359 206 207 208 243 244 245 246 247 280 281 282 283 284 285 286 287 317 318 319 320 321 322 323 324 325 355 356 357 358 360 361 362 363 393 394 395 396 397 398 399 400 401 430 431 432 433 434 435 436 468 
 360 207 208 209 244 245 246 247 248 249 281 282 283 284 285 286 287 318 319 320 321 322 323 324 325 356 357 358 359 361 362 363 364 394 395 396 397 398 399 400 401 431 432 433 434 435 436 437 468 469 470 
 361 208 209 210 245 246 247 248 249 282 283 284 285 286 287 288 320 321 322 323 324 325 326 357 358 359 360 362 363 364 396 397 398 399 400 401 402 432 433 434 435 436 437 469 470 
 362 209 210 246 247 248 249 283 284 285 286 287 288 321 322 323 324 325 326 327 358 359 360 361 363 364 365 397 398 399 400 401 402 433 434 435 436 437 438 469 470 
 363 211 246 247 248 249 250 251 283 284 285 286 287 288 289 321 322 323 324 325 326 327 328 359 360 361 362 364 365 366 397 398 399 400 401 402 403 404 433 434 435 436 437 438 439 468 469 470 471 496 
 364 212 249 250 251 252 285 286 287 288 289 290 291 323 324 325 326 327 328 329 360 361 362 363 365 366 367 368 398 399 400 401 402 403 404 405 435 436 437 438 439 440 441 469 470 471 
 365 213 249 250 251 252 253 287 288 289 290 291 292 324 325 326 327 328 329 330 362 363 364 366 367 368 369 400 401 402 403 404 405 406 436 437 438 439 440 441 470 
 366 214 215 250 251 252 253 254 288 289 290 291 292 293 325 326 327 328 329 330 331 363 364 365 367 368 369 401 402 403 404 405 406 437 438 439 440 441 442 
 367 214 215 251 252 253 254 255 288 289 290 291 292 293 326 327 328 329 330 331 332 364 365 366 368 369 370 402 403 404 405 406 407 438 439 440 441 442 443 
 368 216 252 253 254 255 256 289 290 291 292 293 294 327 328 329 330 331 332 343 364 365 366 367 369 370 381 402 403 404 405 406 407 418 439 440 441 442 443 454 483 
 369 217 253 254 255 256 290 291 292 293 294 304 305 328 329 330 331 332 342 343 365 366 367 368 370 379 380 381 403 404 405 406 407 416 417 418 439 440 441 442 443 453 454 474 482 483 
 370 218 254 255 256 265 266 267 292 293 294 302 303 304 305 329 330 331 332 340 341 342 343 367 368 369 378 379 380 381 404 405 406 407 415 416 417 418 441 442 443 451 452 453 454 474 481 482 483 509 
 371 219 220 257 258 259 275 295 296 297 298 312 313 333 334 335 336 349 350 351 372 373 374 375 387 388 389 408 409 410 411 424 425 444 445 446 447 460 461 475 476 
 372 219 220 221 257 258 259 260 275 295 296 297 298 299 312 313 333 334 335 336 337 350 351 371 373 374 375 376 388 389 408 409 410 411 412 424 425 444 445 446 447 448 461 475 476 
 373 220 221 222 257 258 259 260 261 275 295 296 297 298 299 300 313 333 334 335 336 337 338 339 351 371 372 374 375 376 377 388 389 408 409 410 411 412 413 414 425 444 445 446 447 448 449 461 475 476 477 
 374 221 222 223 258 259 260 261 262 295 296 297 298 299 300 301 313 333 334 335 336 337 338 339 340 351 371 372 373 375 376 377 378 389 408 409 410 411 412 413 414 415 425 444 445 446 447 448 449 450 477 
 375 222 223 224 259 260 261 262 263 296 297 298 299 300 301 302 334 335 336 337 338 339 340 341 371 372 373 374 376 377 378 379 409 410 411 412 413 414 415 445 446 447 448 449 450 451 
 376 223 224 225 260 261 262 263 264 297 298 299 300 301 302 303 335 336 337 338 339 340 341 372 373 374 375 377 378 379 380 410 411 412 413 414 415 416 446 447 448 449 450 451 452 
 377 224 225 226 261 262 263 264 265 298 299 300 301 302 303 304 335 336 337 338 339 340 341 342 373 374 375 376 378 379 380 381 411 412 413 414 415 416 417 447 448 449 450 451 452 453 
 378 225 226 227 262 263 264 265 266 294 299 300 301 302 303 304 305 332 336 337 338 339 340 341 342 343 370 374 375 376 377 379 380 381 407 411 412 413 414 415 416 417 418 448 449 450 451 452 453 454 481 
 379 226 227 228 256 263 264 265 266 267 294 300 301 302 303 304 305 332 337 338 339 340 341 342 343 369 370 375 376 377 378 380 381 407 412 413 414 415 416 417 418 443 449 450 451 452 453 454 481 482 483 
 380 227 228 229 256 264 265 266 267 293 294 301 302 303 304 305 331 332 339 340 341 342 343 369 370 376 377 378 379 381 406 407 414 415 416 417 418 443 450 451 452 453 454 482 483 
 381 228 229 256 265 266 267 293 294 302 303 304 305 330 331 332 340 341 342 343 368 369 370 377 378 379 380 406 407 415 416 417 418 442 443 451 452 453 454 482 483 
 382 230 238 239 240 268 269 270 276 277 278 279 306 307 308 314 315 316 317 344 345 346 347 352 353 354 355 383 384 385 390 391 392 393 419 420 421 422 426 427 428 429 455 456 457 462 463 464 484 488 
 383 231 268 269 270 271 276 277 306 307 308 309 310 314 315 344 345 346 347 348 352 353 354 382 384 385 386 387 390 391 392 419 420 421 422 423 426 427 455 456 457 458 459 462 463 484 
 384 232 268 269 270 271 272 306 307 308 309 310 311 314 344 345 346 347 348 349 352 382 383 385 386 387 388 390 419 420 421 422 423 424 426 455 456 457 458 459 462 
 385 233 234 269 270 271 272 273 307 308 309 310 311 312 344 345 346 347 348 349 350 382 383 384 386 387 388 419 420 421 422 423 424 455 456 457 458 459 460 
 386 233 234 270 271 272 273 274 307 308 309 310 311 312 345 346 347 348 349 350 351 383 384 385 387 388 389 420 421 422 423 424 425 456 457 458 459 460 461 
 387 235 271 272 273 274 275 308 309 310 311 312 313 333 346 347 348 349 350 351 371 383 384 385 386 388 389 408 420 421 422 423 424 425 444 457 458 459 460 461 475 
 388 236 272 273 274 275 295 296 309 310 311 312 313 333 334 347 348 349 350 351 371 372 373 384 385 386 387 389 408 409 410 421 422 423 424 425 444 445 457 458 459 460 461 475 476 487 
 389 237 257 258 259 273 274 275 295 296 297 298 311 312 313 333 334 335 336 348 349 350 351 371 372 373 374 386 387 388 408 409 410 411 422 423 424 425 444 445 446 447 459 460 461 475 476 477 487 501 
 390 238 276 277 278 306 307 314 315 316 317 344 345 346 352 353 354 355 382 383 384 391 392 393 394 419 420 421 426 427 428 429 455 456 457 462 463 464 488 489 
 391 238 239 276 277 278 279 306 314 315 316 317 318 344 345 352 353 354 355 356 382 383 390 392 393 394 395 419 420 426 427 428 429 430 455 456 462 463 464 465 488 489 490 
 392 239 240 276 277 278 279 280 306 314 315 316 317 318 319 344 352 353 354 355 356 357 382 383 390 391 393 394 395 396 419 420 426 427 428 429 430 431 432 455 456 462 463 464 465 466 488 489 490 491 
 393 240 241 277 278 279 280 281 314 315 316 317 318 319 320 344 352 353 354 355 356 357 358 359 382 390 391 392 394 395 396 397 419 426 427 428 429 430 431 432 433 455 462 463 464 465 466 489 490 491 
 394 241 242 278 279 280 281 282 315 316 317 318 319 320 321 353 354 355 356 357 358 359 360 390 391 392 393 395 396 397 398 427 428 429 430 431 432 433 434 463 464 465 466 467 490 491 492 
 395 242 243 244 279 280 281 282 283 316 317 318 319 320 321 322 354 355 356 357 358 359 360 391 392 393 394 396 397 398 399 428 429 430 431 432 433 434 464 465 466 467 468 492 
 396 244 245 280 281 282 283 284 317 318 319 320 321 322 323 354 355 356 357 358 359 360 361 392 393 394 395 397 398 399 400 428 429 430 431 432 433 434 435 465 466 467 468 469 492 493 494 
 397 245 246 281 282 283 284 285 318 319 320 321 322 323 324 325 355 356 357 358 359 360 361 362 363 393 394 395 396 398 399 400 401 429 430 431 432 433 434 435 436 437 466 467 468 469 470 493 494 495 
 398 246 247 282 283 284 285 286 287 319 320 321 322 323 324 325 357 358 359 360 361 362 363 364 394 395 396 397 399 400 401 402 430 431 432 433 434 435 436 437 438 466 467 468 469 470 493 494 495 496 
 399 247 248 283 284 285 286 287 320 321 322 323 324 325 326 358 359 360 361 362 363 364 395 396 397 398 400 401 402 432 433 434 435 436 437 438 467 468 469 470 494 495 496 
 400 248 284 285 286 287 288 321 322 323 324 325 326 327 359 360 361 362 363 364 365 396 397 398 399 401 402 403 433 434 435 436 437 438 439 468 469 470 495 496 
 401 249 250 285 286 287 288 289 322 323 324 325 326 327 328 359 360 361 362 363 364 365 366 397 398 399 400 402 403 404 405 433 434 435 436 437 438 439 440 467 468 469 470 471 472 494 495 496 497 498 
 402 250 287 288 289 290 324 325 326 327 328 329 361 362 363 364 365 366 367 368 398 399 400 401 403 404 405 406 434 435 436 437 438 439 440 441 442 468 469 470 471 472 473 495 496 497 498 
 403 251 287 288 289 290 291 292 325 326 327 328 329 330 331 363 364 365 366 367 368 369 400 401 402 404 405 406 407 436 437 438 439 440 441 442 469 470 471 472 473 474 496 497 498 499 
 404 288 289 290 291 292 293 326 327 328 329 330 331 363 364 365 366 367 368 369 370 401 402 403 405 406 407 437 438 439 440 441 442 443 471 472 473 474 498 499 
 405 254 289 290 291 292 293 294 326 327 328 329 330 331 332 364 365 366 367 368 369 370 401 402 403 404 406 407 418 438 439 440 441 442 443 454 471 472 473 474 482 483 498 499 500 509 
 406 255 291 292 293 294 328 329 330 331 332 343 365 366 367 368 369 370 380 381 402 403 404 405 407 416 417 418 438 439 440 441 442 443 452 453 454 472 473 474 481 482 483 499 500 508 509 
 407 255 256 292 293 294 304 305 329 330 331 332 341 342 343 367 368 369 370 378 379 380 381 403 404 405 406 415 416 417 418 440 441 442 443 451 452 453 454 473 474 480 481 482 483 499 500 507 508 509 
 408 257 295 296 297 312 313 333 334 335 336 349 350 351 371 372 373 374 387 388 389 409 410 411 412 423 424 425 444 445 446 447 459 460 461 475 476 477 501 502 
 409 257 258 295 296 297 298 313 333 334 335 336 337 350 351 371 372 373 374 375 388 389 408 410 411 412 413 424 425 444 445 446 447 448 460 461 475 476 477 478 501 502 503 
 410 258 259 295 296 297 298 299 313 333 334 335 336 337 338 351 371 372 373 374 375 376 388 389 408 409 411 412 413 414 424 425 444 445 446 447 448 449 450 460 461 475 476 477 478 479 501 502 503 504 
 411 259 260 296 297 298 299 300 333 334 335 336 337 338 339 351 371 372 373 374 375 376 377 378 389 408 409 410 412 413 414 415 425 444 445 446 447 448 449 450 451 461 475 476 477 478 479 502 503 504 
 412 260 261 297 298 299 300 301 334 335 336 337 338 339 340 372 373 374 375 376 377 378 379 408 409 410 411 413 414 415 416 445 446 447 448 449 450 451 452 476 477 478 479 480 503 504 505 
 413 261 262 263 298 299 300 301 302 335 336 337 338 339 340 341 373 374 375 376 377 378 379 409 410 411 412 414 415 416 417 446 447 448 449 450 451 452 477 478 479 480 481 505 
 414 263 264 299 300 301 302 303 336 337 338 339 340 341 342 373 374 375 376 377 378 379 380 410 411 412 413 415 416 417 418 446 447 448 449 450 451 452 453 478 479 480 481 482 505 506 507 
 415 264 265 300 301 302 303 304 332 337 338 339 340 341 342 343 370 374 375 376 377 378 379 380 381 407 411 412 413 414 416 417 418 443 447 448 449 450 451 452 453 454 479 480 481 482 483 506 507 508 
 416 265 266 294 301 302 303 304 305 332 338 339 340 341 342 343 369 370 376 377 378 379 380 381 406 407 412 413 414 415 417 418 442 443 448 449 450 451 452 453 454 479 480 481 482 483 506 507 508 509 
 417 266 267 294 302 303 304 305 331 332 339 340 341 342 343 369 370 377 378 379 380 381 406 407 413 414 415 416 418 442 443 450 451 452 453 454 480 481 482 483 507 508 509 
 418 267 293 294 303 304 305 330 331 332 340 341 342 343 368 369 370 378 379 380 381 405 406 407 414 415 416 417 441 442 443 451 452 453 454 481 482 483 508 509 
 419 268 269 276 277 306 307 308 314 315 316 344 345 346 347 352 353 354 355 382 383 384 385 390 391 392 393 420 421 422 423 426 427 428 429 455 456 457 458 462 463 464 465 484 485 488 489 490 510 511 
 420 269 306 307 308 309 314 344 345 346 347 348 352 353 382 383 384 385 386 387 390 391 392 419 421 422 423 424 426 427 428 455 456 457 458 459 460 462 463 464 484 485 486 488 489 510 511 
 421 270 306 307 308 309 310 311 344 345 346 347 348 349 350 382 383 384 385 386 387 388 390 419 420 422 423 424 425 426 455 456 457 458 459 460 462 463 484 485 486 487 488 510 511 512 
 422 307 308 309 310 311 312 345 346 347 348 349 350 382 383 384 385 386 387 388 389 419 420 421 423 424 425 455 456 457 458 459 460 461 484 485 486 487 511 512 
 423 273 308 309 310 311 312 313 345 346 347 348 349 350 351 383 384 385 386 387 388 389 408 419 420 421 422 424 425 444 456 457 458 459 460 461 475 476 484 485 486 487 501 511 512 513 
 424 274 310 311 312 313 333 347 348 349 350 351 371 372 384 385 386 387 388 389 408 409 410 420 421 422 423 425 444 445 446 456 457 458 459 460 461 475 476 477 485 486 487 501 502 512 513 
 425 274 275 295 296 311 312 313 333 334 335 348 349 350 351 371 372 373 374 386 387 388 389 408 409 410 411 421 422 423 424 444 445 446 447 458 459 460 461 475 476 477 478 486 487 501 502 503 512 513 
 426 276 314 315 316 344 345 352 353 354 355 382 383 384 390 391 392 393 419 420 421 427 428 429 430 455 456 457 462 463 464 484 488 489 490 
 427 276 277 314 315 316 317 344 352 353 354 355 356 382 383 390 391 392 393 394 419 420 426 428 429 430 431 455 456 462 463 464 465 484 488 489 490 491 
 428 277 278 314 315 316 317 318 344 352 353 354 355 356 357 382 390 391 392 393 394 395 396 419 420 426 427 429 430 431 432 455 456 462 463 464 465 466 484 488 489 490 491 492 
 429 278 279 315 316 317 318 319 352 353 354 355 356 357 358 382 390 391 392 393 394 395 396 397 419 426 427 428 430 431 432 433 455 462 463 464 465 466 467 488 489 490 491 492 
 430 279 280 316 317 318 319 320 353 354 355 356 357 358 359 391 392 393 394 395 396 397 398 426 427 428 429 431 432 433 434 462 463 464 465 466 467 468 489 490 491 492 493 
 431 280 281 282 317 318 319 320 321 354 355 356 357 358 359 360 392 393 394 395 396 397 398 427 428 429 430 432 433 434 435 464 465 466 467 468 490 491 492 493 494 
 432 282 283 318 319 320 321 322 355 356 357 358 359 360 361 392 393 394 395 396 397 398 399 428 429 430 431 433 434 435 436 464 465 466 467 468 469 470 491 492 493 494 495 
 433 283 284 319 320 321 322 323 356 357 358 359 360 361 362 363 393 394 395 396 397 398 399 400 401 429 430 431 432 434 435 436 437 465 466 467 468 469 470 492 493 494 495 496 
 434 284 285 320 321 322 323 324 325 357 358 359 360 361 362 363 394 395 396 397 398 399 400 401 402 430 431 432 433 435 436 437 438 466 467 468 469 470 471 492 493 494 495 496 
 435 285 286 321 322 323 324 325 358 359 360 361 362 363 364 396 397 398 399 400 401 402 431 432 433 434 436 437 438 467 468 469 470 471 493 494 495 496 
 436 286 322 323 324 325 326 359 360 361 362 363 364 365 397 398 399 400 401 402 403 432 433 434 435 437 438 439 468 469 470 471 494 495 496 
 437 287 288 323 324 325 326 327 360 361 362 363 364 365 366 397 398 399 400 401 402 403 404 433 434 435 436 438 439 440 441 467 468 469 470 471 472 473 493 494 495 496 497 498 
 438 288 325 326 327 328 362 363 364 365 366 367 398 399 400 401 402 403 404 405 406 434 435 436 437 439 440 441 442 468 469 470 471 472 473 474 494 495 496 497 498 499 
 439 289 325 326 327 328 329 330 363 364 365 366 367 368 369 400 401 402 403 404 405 406 436 437 438 440 441 442 443 469 470 471 472 473 474 495 496 497 498 499 500 
 440 326 327 328 329 330 331 364 365 366 367 368 369 401 402 403 404 405 406 407 437 438 439 441 442 443 470 471 472 473 474 483 497 498 499 500 
 441 292 327 328 329 330 331 332 364 365 366 367 368 369 370 402 403 404 405 406 407 418 437 438 439 440 442 443 454 471 472 473 474 482 483 497 498 499 500 508 509 
 442 293 329 330 331 332 366 367 368 369 370 381 402 403 404 405 406 407 416 417 418 438 439 440 441 443 452 453 454 471 472 473 474 481 482 483 498 499 500 507 508 509 
 443 293 294 330 331 332 342 343 367 368 369 370 379 380 381 404 405 406 407 415 416 417 418 439 440 441 442 451 452 453 454 472 473 474 480 481 482 483 499 500 506 507 508 509 
 444 295 333 334 335 350 351 371 372 373 374 387 388 389 408 409 410 411 423 424 425 445 446 447 448 459 460 461 475 476 477 487 501 502 503 
 445 295 296 333 334 335 336 351 371 372 373 374 375 388 389 408 409 410 411 412 424 425 444 446 447 448 449 460 461 475 476 477 478 487 501 502 503 504 
 446 296 297 333 334 335 336 337 351 371 372 373 374 375 376 389 408 409 410 411 412 413 414 424 425 444 445 447 448 449 450 460 461 475 476 477 478 479 487 501 502 503 504 505 
 447 297 298 334 335 336 337 338 371 372 373 374 375 376 377 389 408 409 410 411 412 413 414 415 425 444 445 446 448 449 450 451 461 475 476 477 478 479 480 501 502 503 504 505 
 448 298 299 335 336 337 338 339 372 373 374 375 376 377 378 409 410 411 412 413 414 415 416 444 445 446 447 449 450 451 452 475 476 477 478 479 480 481 502 503 504 505 506 
 449 299 300 301 336 337 338 339 340 373 374 375 376 377 378 379 410 411 412 413 414 415 416 445 446 447 448 450 451 452 453 477 478 479 480 481 503 504 505 506 507 
 450 301 302 337 338 339 340 341 374 375 376 377 378 379 380 410 411 412 413 414 415 416 417 446 447 448 449 451 452 453 454 477 478 479 480 481 482 483 504 505 506 507 508 
 451 302 303 338 339 340 341 342 370 375 376 377 378 379 380 381 407 411 412 413 414 415 416 417 418 443 447 448 449 450 452 453 454 478 479 480 481 482 483 505 506 507 508 509 
 452 303 304 332 339 340 341 342 343 370 376 377 378 379 380 381 406 407 412 413 414 415 416 417 418 442 443 448 449 450 451 453 454 474 479 480 481 482 483 505 506 507 508 509 
 453 304 305 332 340 341 342 343 369 370 377 378 379 380 381 406 407 414 415 416 417 418 442 443 449 450 451 452 454 474 480 481 482 483 506 507 508 509 
 454 305 331 332 341 342 343 368 369 370 378 379 380 381 405 406 407 415 416 417 418 441 442 443 450 451 452 453 474 481 482 483 507 508 509 
 455 306 307 314 315 344 345 346 352 353 354 382 383 384 385 390 391 392 393 419 420 421 422 426 427 428 429 456 457 458 459 462 463 464 465 484 485 486 488 489 490 491 510 511 
 456 307 344 345 346 347 352 382 383 384 385 386 390 391 392 419 420 421 422 423 424 426 427 428 455 457 458 459 460 462 463 464 484 485 486 487 488 489 490 510 511 512 
 457 308 344 345 346 347 348 349 382 383 384 385 386 387 388 390 419 420 421 422 423 424 426 455 456 458 459 460 461 462 463 484 485 486 487 488 489 510 511 512 513 
 458 345 346 347 348 349 350 383 384 385 386 387 388 419 420 421 422 423 424 425 455 456 457 459 460 461 462 475 484 485 486 487 510 511 512 513 
 459 311 346 347 348 349 350 351 383 384 385 386 387 388 389 408 420 421 422 423 424 425 444 455 456 457 458 460 461 475 476 484 485 486 487 501 502 510 511 512 513 
 460 312 348 349 350 351 371 385 386 387 388 389 408 409 410 420 421 422 423 424 425 444 445 446 456 457 458 459 461 475 476 477 484 485 486 487 501 502 503 511 512 513 
 461 312 313 333 334 349 350 351 371 372 373 386 387 388 389 408 409 410 411 422 423 424 425 444 445 446 447 457 458 459 460 475 476 477 478 485 486 487 501 502 503 504 512 513 
 462 344 352 353 354 382 383 384 390 391 392 393 419 420 421 426 427 428 429 430 455 456 457 458 463 464 465 466 484 485 486 488 489 490 491 492 510 511 512 
 463 352 353 354 382 383 390 391 392 393 394 419 420 421 426 427 428 429 430 455 456 457 462 464 465 466 467 484 485 486 488 489 490 491 492 493 510 511 512 
 464 354 355 382 390 391 392 393 394 395 419 420 426 427 428 429 430 431 432 455 456 462 463 465 466 467 468 484 485 486 488 489 490 491 492 493 494 510 511 512 
 465 391 392 393 394 395 396 419 427 428 429 430 431 432 433 455 462 463 464 466 467 468 469 484 485 488 489 490 491 492 493 494 495 510 511 
 466 392 393 394 395 396 397 398 428 429 430 431 432 433 434 462 463 464 465 467 468 469 470 471 484 488 489 490 491 492 493 494 495 496 497 510 
 467 394 395 396 397 398 399 401 429 430 431 432 433 434 435 437 463 464 465 466 468 469 470 471 472 489 490 491 492 493 494 495 496 497 498 
 468 359 360 363 395 396 397 398 399 400 401 402 430 431 432 433 434 435 436 437 438 464 465 466 467 469 470 471 472 473 490 491 492 493 494 495 496 497 498 499 
 469 360 361 362 363 364 396 397 398 399 400 401 402 403 432 433 434 435 436 437 438 439 465 466 467 468 470 471 472 473 491 492 493 494 495 496 497 498 499 
 470 325 360 361 362 363 364 365 397 398 399 400 401 402 403 432 433 434 435 436 437 438 439 440 466 467 468 469 471 472 473 492 493 494 495 496 497 498 499 
 471 363 364 401 402 403 404 405 434 435 436 437 438 439 440 441 442 466 467 468 469 470 472 473 474 492 493 494 495 496 497 498 499 500 
 472 401 402 403 404 405 406 437 438 439 440 441 442 443 467 468 469 470 471 473 474 481 482 483 493 494 495 496 497 498 499 500 507 508 509 
 473 402 403 404 405 406 407 437 438 439 440 441 442 443 468 469 470 471 472 474 480 481 482 483 494 495 496 497 498 499 500 506 507 508 509 
 474 369 370 403 404 405 406 407 438 439 440 441 442 443 452 453 454 471 472 473 479 480 481 482 483 497 498 499 500 505 506 507 508 509 
 475 351 371 372 373 387 388 389 408 409 410 411 423 424 425 444 445 446 447 448 458 459 460 461 476 477 478 479 485 486 487 501 502 503 504 505 511 512 513 
 476 371 372 373 388 389 408 409 410 411 412 423 424 425 444 445 446 447 448 459 460 461 475 477 478 479 480 485 486 487 501 502 503 504 505 506 511 512 513 
 477 373 374 389 408 409 410 411 412 413 424 425 444 445 446 447 448 449 450 460 461 475 476 478 479 480 481 485 486 487 501 502 503 504 505 506 507 511 512 513 
 478 409 410 411 412 413 414 425 445 446 447 448 449 450 451 461 475 476 477 479 480 481 482 486 487 501 502 503 504 505 506 507 508 512 513 
 479 410 411 412 413 414 415 416 446 447 448 449 450 451 452 474 475 476 477 478 480 481 482 483 487 500 501 502 503 504 505 506 507 508 509 513 
 480 407 412 413 414 415 416 417 443 447 448 449 450 451 452 453 473 474 476 477 478 479 481 482 483 499 500 502 503 504 505 506 507 508 509 
 481 370 378 379 406 407 413 414 415 416 417 418 442 443 448 449 450 451 452 453 454 472 473 474 477 478 479 480 482 483 498 499 500 503 504 505 506 507 508 509 
 482 369 370 379 380 381 405 406 407 414 415 416 417 418 441 442 443 450 451 452 453 454 472 473 474 478 479 480 481 483 498 499 500 504 505 506 507 508 509 
 483 332 368 369 370 379 380 381 405 406 407 415 416 417 418 440 441 442 443 450 451 452 453 454 472 473 474 479 480 481 482 498 499 500 505 506 507 508 509 
 484 382 383 419 420 421 422 423 426 427 428 455 456 457 458 459 460 462 463 464 465 466 485 486 487 488 489 490 491 492 510 511 512 513 
 485 419 420 421 422 423 424 455 456 457 458 459 460 461 462 463 464 465 475 476 477 484 486 487 488 489 490 491 501 502 503 510 511 512 513 
 486 420 421 422 423 424 425 455 456 457 458 459 460 461 462 463 464 475 476 477 478 484 485 487 488 489 490 501 502 503 504 510 511 512 513 
 487 388 389 421 422 423 424 425 444 445 446 456 457 458 459 460 461 475 476 477 478 479 484 485 486 501 502 503 504 505 510 511 512 513 
 488 382 390 391 392 419 420 421 426 427 428 429 455 456 457 462 463 464 465 466 484 485 486 489 490 491 492 510 511 512 
 489 390 391 392 393 419 420 426 427 428 429 430 455 456 457 462 463 464 465 466 467 484 485 486 488 490 491 492 493 510 511 512 
 490 391 392 393 394 419 426 427 428 429 430 431 455 456 462 463 464 465 466 467 468 484 485 486 488 489 491 492 493 494 510 511 512 
 491 392 393 394 427 428 429 430 431 432 455 462 463 464 465 466 467 468 469 484 485 488 489 490 492 493 494 495 510 511 
 492 394 395 396 428 429 430 431 432 433 434 462 463 464 465 466 467 468 469 470 471 484 488 489 490 491 493 494 495 496 497 510 
 493 396 397 398 430 431 432 433 434 435 437 463 464 465 466 467 468 469 470 471 472 489 490 491 492 494 495 496 497 498 
 494 396 397 398 399 401 431 432 433 434 435 436 437 438 464 465 466 467 468 469 470 471 472 473 490 491 492 493 495 496 497 498 499 
 495 397 398 399 400 401 402 432 433 434 435 436 437 438 439 465 466 467 468 469 470 471 472 473 491 492 493 494 496 497 498 499 
 496 363 398 399 400 401 402 403 433 434 435 436 437 438 439 466 467 468 469 470 471 472 473 492 493 494 495 497 498 499 
 497 401 402 403 437 438 439 440 441 466 467 468 469 470 471 472 473 474 492 493 494 495 496 498 499 500 
 498 401 402 403 404 405 437 438 439 440 441 442 467 468 469 470 471 472 473 474 481 482 483 493 494 495 496 497 499 500 507 508 509 
 499 403 404 405 406 407 438 439 440 441 442 443 468 469 470 471 472 473 474 480 481 482 483 494 495 496 497 498 500 506 507 508 509 
 500 405 406 407 439 440 441 442 443 471 472 473 474 479 480 481 482 483 497 498 499 505 506 507 508 509 
 501 389 408 409 410 423 424 425 444 445 446 447 459 460 461 475 476 477 478 479 485 486 487 502 503 504 505 511 512 513 
 502 408 409 410 411 424 425 444 445 446 447 448 459 460 461 475 476 477 478 479 480 485 486 487 501 503 504 505 506 511 512 513 
 503 409 410 411 412 425 444 445 446 447 448 449 460 461 475 476 477 478 479 480 481 485 486 487 501 502 504 505 506 507 511 512 513 
 504 410 411 412 445 446 447 448 449 450 461 475 476 477 478 479 480 481 482 486 487 501 502 503 505 506 507 508 512 513 
 505 412 413 414 446 447 448 449 450 451 452 474 475 476 477 478 479 480 481 482 483 487 500 501 502 503 504 506 507 508 509 513 
 506 414 415 416 443 448 449 450 451 452 453 473 474 476 477 478 479 480 481 482 483 499 500 502 503 504 505 507 508 509 
 507 407 414 415 416 417 442 443 449 450 451 452 453 454 472 473 474 477 478 479 480 481 482 483 498 499 500 503 504 505 506 508 509 
 508 406 407 415 416 417 418 441 442 443 450 451 452 453 454 472 473 474 478 479 480 481 482 483 498 499 500 504 505 506 507 509 
 509 370 405 406 407 416 417 418 441 442 443 451 452 453 454 472 473 474 479 480 481 482 483 498 499 500 505 506 507 508 
 510 419 420 421 455 456 457 458 459 462 463 464 465 466 484 485 486 487 488 489 490 491 492 511 512 513 
 511 419 420 421 422 423 455 456 457 458 459 460 462 463 464 465 475 476 477 484 485 486 487 488 489 490 491 501 502 503 510 512 513 
 512 421 422 423 424 425 456 457 458 459 460 461 462 463 464 475 476 477 478 484 485 486 487 488 489 490 501 502 503 504 510 511 513 
 513 423 424 425 457 458 459 460 461 475 476 477 478 479 484 485 486 487 501 502 503 504 505 510 511 512 
