   0  278      19.04       6.23      70.44 
   0  275      14.12      10.75      70.49 
   0  316      20.08      12.51      68.98 
   0  267      25.08       7.90      68.02 
   0  303      23.76       1.73      68.85 
   0  312      17.65      -0.36      70.67 
   0  255      13.02       4.22      71.64 
   1  315      -0.02      19.96      69.63 
   1  244      -5.88      16.62      70.55 
   1  312      -5.71      23.00      68.75 
   1  308       0.05      26.23      67.88 
   1  289       5.71      23.19      68.71 
   1  317       5.64      16.54      70.59 
   1  280      -0.01      13.60      71.46 
   2  283     -18.98       6.24      70.36 
   2  276     -17.52      -0.33      71.02 
   2  305     -23.67       1.67      68.88 
   2  289     -25.03       7.98      67.81 
   2  296     -20.28      12.65      68.87 
   2  273     -14.11      10.61      70.70 
   2  266     -12.83       4.19      71.63 
   3  301     -11.91     -16.17      70.25 
   3  293      -5.18     -16.85      70.85 
   3  291      -8.94     -22.04      69.03 
   3  273     -15.48     -21.20      67.98 
   3  297     -18.23     -15.22      68.86 
   3  277     -14.47     -10.27      70.69 
   3  239      -7.83     -10.87      71.60 
   4  272      11.80     -16.25      70.12 
   4  272      14.68     -10.25      70.79 
   4  301      18.23     -15.22      68.88 
   4  259      15.44     -21.22      68.20 
   4  280       8.74     -21.89      69.05 
   4  277       5.06     -16.76      70.70 
   4  298       7.89     -10.95      71.80 
   5  217      24.01      33.15      62.93 
   5  241      17.70      33.86      64.31 
   5  220      20.80      38.30      60.94 
   5  210      27.14      37.42      58.98 
   5  220      29.94      31.78      60.99 
   5  250      26.72      27.30      64.38 
   5  240      20.44      28.40      65.94 
   6  207     -24.29      33.17      63.49 
   6  241     -27.16      27.45      65.14 
   6  218     -30.44      32.08      61.34 
   6  177     -27.22      37.72      59.68 
   6  218     -21.13      38.76      61.24 
   6  259     -17.62      33.95      64.92 
   6  271     -20.72      28.59      66.74 
   7  240     -38.23     -12.67      61.96 
   7  276     -33.66     -16.88      63.58 
   7  208     -39.02     -18.93      60.09 
   7  223     -43.67     -14.14      58.29 
   7  239     -42.26      -7.82      60.04 
   7  245     -37.59      -6.08      63.73 
   7  209     -32.83     -10.90      65.65 
   8  250       0.13     -41.12      63.28 
   8  226       5.63     -38.03      64.62 
   8  219       5.61     -43.49      61.00 
   8  232       0.00     -46.31      59.39 
   8  263      -5.86     -43.55      61.16 
   8  253      -5.84     -37.90      64.60 
   8  259       0.10     -35.31      66.39 
   9  251      37.67     -12.34      61.11 
   9  291      36.82      -5.81      62.80 
   9  224      42.04      -7.70      59.22 
   9  224      42.59     -14.01      57.11 
   9  189      38.36     -18.50      59.09 
   9  256      33.25     -16.92      62.69 
   9  254      32.41     -10.56      64.60 
  10  234      40.43      13.03      58.68 
  10  250      36.09      17.61      60.33 
  10  240      41.10      19.50      56.58 
  10  232      45.32      14.51      54.55 
  10  249      44.54       8.68      56.60 
  10  264      39.69       6.90      60.47 
  10  252      35.41      11.46      62.45 
  11  284       0.04      42.56      58.79 
  11  309      -5.72      39.77      60.56 
  11  207      -5.92      45.11      56.45 
  11  274      -0.07      47.95      54.72 
  11  239       5.75      45.12      56.54 
  11  249       5.68      39.70      60.39 
  11  286      -0.02      37.12      62.45 
  12  266     -40.62      13.38      58.98 
  12  295     -39.74       6.85      60.66 
  12  230     -44.64       8.43      56.55 
  12  228     -45.48      14.77      54.65 
  12  253     -41.32      19.31      56.66 
  12  274     -36.06      17.89      60.64 
  12  276     -35.26      11.49      62.37 
  13  235     -25.23     -34.78      58.98 
  13  248     -18.92     -35.87      60.60 
  13  235     -21.93     -40.12      56.88 
  13  233     -28.21     -38.81      54.80 
  13  239     -31.31     -33.33      56.94 
  13  247     -28.09     -28.97      60.64 
  13  243     -22.01     -30.19      62.55 
  14  222      25.04     -34.51      58.61 
  14  262      28.19     -28.87      60.42 
  14  263      31.18     -33.28      56.52 
  14  243      28.21     -38.77      54.61 
  14  250      21.94     -40.00      56.52 
  14  268      18.81     -35.48      60.22 
  14  282      21.78     -29.96      62.54 
