   0       0.23       0.12       1.00       0.00
   0      -0.04       0.43       0.54       0.00
   0       0.18       0.32       0.76       0.00
   0       0.62      -0.05       0.65       0.00
   0       0.49      -0.11       0.63       0.00
   0       0.12      -0.33       0.72       0.00
   0       0.05       0.01       0.83       0.00
   1      -0.02       0.23       0.38       0.00
   1      -0.44       0.02       0.80       0.00
   1      -0.27       0.36       0.72       0.00
   1       0.05       0.56       0.71       0.00
   1       0.27       0.54       0.68       0.00
   1       0.20      -0.07       0.83       0.00
   1      -0.01       0.02       0.84       0.00
   2      -0.18       0.14       0.97       0.00
   2      -0.00      -0.30       1.12       0.00
   2      -0.41      -0.17       0.70       0.00
   2      -0.58       0.04       0.49       0.00
   2      -0.39       0.46       0.70       0.00
   2       0.04       0.29       0.80       0.00
   2       0.13      -0.02       0.87       0.00
   3      -0.29      -0.18       0.86       0.00
   3       0.20      -0.19       0.95       0.00
   3      -0.01      -0.48       0.86       0.00
   3      -0.37      -0.41       0.67       0.00
   3      -0.49      -0.06       0.69       0.00
   3      -0.28       0.00       0.79       0.00
   3       0.18       0.15       0.84       0.00
   4       0.17      -0.25       0.68       0.00
   4       0.48       0.03       0.85       0.00
   4       0.48      -0.05       0.65       0.00
   4       0.32      -0.41       0.83       0.00
   4      -0.20      -0.33       0.83       0.00
   4      -0.33      -0.09       0.75       0.00
   4      -0.13       0.09       1.00       0.00
   5       0.25       0.46       0.70       0.00
   5       0.01       0.26       0.67       0.00
   5       0.02       0.44       0.73       0.00
   5       0.41       0.63       0.48       0.00
   5       0.36       0.31       0.78       0.00
   5       0.23       0.10       0.75       0.00
   5      -0.10       0.13       0.60       0.00
   6      -0.31       0.17       0.68       0.00
   6      -0.45      -0.06       0.91       0.00
   6      -0.63       0.30       0.54       0.00
   6      -0.26       0.62       0.59       0.00
   6      -0.12       0.58       0.44       0.00
   6       0.29       0.04       0.70       0.00
   6       0.05       0.01       0.81       0.00
   7      -0.21      -0.32       0.40       0.00
   7      -0.02      -0.23       0.62       0.00
   7      -0.37      -0.65       0.55       0.00
   7      -0.83      -0.22       0.46       0.00
   7      -0.24       0.11       0.50       0.00
   7      -0.59       0.22       0.77       0.00
   7      -0.01      -0.24       0.98       0.00
   8       0.13      -0.49       0.71       0.00
   8       0.19      -0.24       0.65       0.00
   8       0.17      -0.43       0.45       0.00
   8       0.00      -0.61       0.55       0.00
   8      -0.42      -0.48       0.62       0.00
   8      -0.40      -0.10       0.63       0.00
   8       0.10      -0.15       0.71       0.00
   9       0.22      -0.17       0.48       0.00
   9       0.39       0.31       0.76       0.00
   9       0.60       0.04       0.60       0.00
   9       0.32      -0.27       0.20       0.00
   9       0.28      -0.40       0.47       0.00
   9       0.18      -0.45       0.65       0.00
   9       0.16      -0.09       0.85       0.00
  10       0.18      -0.05       0.43       0.00
  10       0.15       0.21       0.53       0.00
  10       0.32       0.53       0.47       0.00
  10       0.44      -0.07       0.29       0.00
  10       0.40       0.06       0.49       0.00
  10       0.38      -0.15       0.67       0.00
  10       0.20       0.02       0.81       0.00
  11       0.04       0.24       0.54       0.00
  11      -0.28       0.21       0.76       0.00
  11      -0.48       0.47       0.34       0.00
  11      -0.07       0.76       0.46       0.00
  11       0.31       0.47       0.44       0.00
  11       0.24       0.14       0.59       0.00
  11      -0.02       0.10       0.81       0.00
  12      -0.32       0.29       0.64       0.00
  12      -0.38      -0.22       0.78       0.00
  12      -0.45      -0.21       0.36       0.00
  12      -0.55       0.17       0.31       0.00
  12      -0.49       0.32       0.48       0.00
  12      -0.05       0.47       0.76       0.00
  12       0.01       0.03       0.64       0.00
  13      -0.25      -0.40       0.49       0.00
  13       0.04      -0.52       0.56       0.00
  13       0.01      -0.66       0.53       0.00
  13      -0.37      -0.50       0.30       0.00
  13      -0.57      -0.27       0.59       0.00
  13      -0.33      -0.01       0.60       0.00
  13      -0.15      -0.10       0.66       0.00
  14       0.16      -0.27       0.36       0.00
  14       0.53      -0.06       0.62       0.00
  14       0.53      -0.36       0.41       0.00
  14       0.47      -0.59       0.35       0.00
  14       0.10      -0.68       0.41       0.00
  14      -0.04      -0.28       0.42       0.00
  14       0.01      -0.01       0.89       0.00
