   0    0       0.00       0.00       0.00 
   0  120      12.94      14.92      15.57 
   0  118      10.86      15.41      16.32 
   0  146      10.24      14.07      18.01 
   0  161      11.51      12.56      18.93 
   0  127      13.37      12.03      18.00 
   0  120      14.12      13.23      16.28 
   0    0       0.00       0.00       0.00 
   0  116       9.11      19.35      13.07 
   0  104      10.52      18.02      14.09 
   0  119      12.26      17.58      13.06 
   0  114      12.85      18.69      11.35 
   0   88      11.53      19.96      10.41 
   0  148       9.81      20.45      11.38 
   0    0       0.00       0.00       0.00 
   0  154       7.10      16.00      18.11 
   0  133       7.93      17.41      16.73 
   0  133       6.53      18.75      15.53 
   0  140       4.41      18.86      16.30 
   0  134       3.86      17.88      18.18 
   0  135       5.12      16.30      18.77 
   1    0       0.00       0.00       0.00 
   1   96      23.84       2.59       2.10 
   1   90      23.12       4.20       3.18 
   1   93      22.94       4.26       5.10 
   1   93      23.22       2.46       6.36 
   1   90      23.95       0.74       5.26 
   1   95      24.06       0.73       3.01 
   1    0       0.00       0.00       0.00 
   1   71      22.72       7.95      -1.12 
   1   75      23.45       6.37      -0.01 
   1   98      23.56       4.46      -1.10 
   1   83      23.66       4.44      -3.12 
   1   76      23.12       6.20      -4.40 
   1   73      22.31       7.90      -3.22 
   1    0       0.00       0.00       0.00 
   1  100      22.50       7.91       5.41 
   1   98      22.38       7.96       3.21 
   1   87      21.92       9.73       1.90 
   1  104      21.10      11.30       3.18 
   1   88      20.94      11.33       5.28 
   1   98      21.33       9.50       6.16 
   2    0       0.00       0.00       0.00 
   2  153      16.67      -8.30      14.71 
   2  155      16.61      -6.26      15.47 
   2  165      15.20      -5.89      17.14 
   2  174      14.04      -7.59      18.13 
   2  151      14.25      -9.60      17.12 
   2  136      15.33      -9.95      15.35 
   2    0       0.00       0.00       0.00 
   2  127      19.98      -3.38      12.14 
   2  137      18.87      -5.01      13.11 
   2  119      19.11      -7.05      12.15 
   2  126      19.96      -7.33      10.27 
   2  115      21.34      -5.66       9.40 
   2  108      21.08      -3.73      10.34 
   2    0       0.00       0.00       0.00 
   2  152      16.13      -2.40      17.09 
   2  134      17.56      -2.83      15.60 
   2  141      18.50      -1.08      14.48 
   2  140      18.29       0.73      15.44 
   2  167      16.82       1.25      16.97 
   2  169      15.81      -0.49      17.90 
   3    0       0.00       0.00       0.00 
   3   77      15.66     -20.78       2.22 
   3   55      17.10     -19.46       3.25 
   3   69      16.78     -19.36       5.42 
   3   81      15.42     -20.62       6.43 
   3   91      14.11     -21.85       5.48 
   3   73      14.57     -22.12       3.27 
   3    0       0.00       0.00       0.00 
   3   76      19.99     -17.35      -0.86 
   3   62      18.59     -18.69       0.25 
   3   69      17.30     -19.91      -0.91 
   3   63      17.38     -19.78      -2.94 
   3   67      18.48     -18.32      -4.16 
   3   55      20.00     -17.50      -2.92 
   3    0       0.00       0.00       0.00 
   3   86      19.65     -17.03       5.41 
   3   70      19.98     -17.40       3.28 
   3   82      21.22     -16.04       2.24 
   3   74      22.25     -14.38       3.32 
   3   74      22.12     -14.29       5.48 
   3   72      20.81     -15.73       6.53 
   4    0       0.00       0.00       0.00 
   4   69     -17.90     -19.39       2.29 
   4   75     -16.64     -20.69       3.21 
   4   81     -16.52     -20.43       5.63 
   4   76     -17.74     -18.99       6.60 
   4   70     -19.24     -17.97       5.33 
   4   58     -19.44     -17.92       3.27 
   4    0       0.00       0.00       0.00 
   4   61     -13.54     -22.55      -0.87 
   4   74     -15.40     -21.95       0.31 
   4   65     -16.75     -20.57      -0.84 
   4   60     -16.91     -20.96      -2.92 
   4   52     -15.28     -21.84      -4.18 
   4   52     -13.35     -22.41      -3.00 
   4    0       0.00       0.00       0.00 
   4   79     -13.28     -21.86       5.29 
   4   66     -13.60     -22.42       3.22 
   4   47     -12.02     -23.51       2.10 
   4   63     -10.24     -24.44       3.35 
   4   72     -10.41     -24.34       5.50 
   4   64     -11.77     -23.14       6.52 
   5    0       0.00       0.00       0.00 
   5  136     -18.52      -1.11      14.59 
   5  179     -17.58      -2.83      15.62 
   5  152     -16.22      -2.59      17.14 
   5  160     -15.94      -0.49      18.06 
   5  155     -16.97       1.16      17.08 
   5  143     -18.23       0.74      15.44 
   5    0       0.00       0.00       0.00 
   5  123     -19.08      -6.93      12.17 
   5  184     -18.80      -5.07      13.07 
   5  118     -20.08      -3.47      12.14 
   5  117     -21.15      -3.84      10.59 
   5  123     -21.42      -5.68       9.58 
   5  129     -20.13      -7.31      10.42 
   5    0       0.00       0.00       0.00 
   5  155     -15.24      -5.96      17.26 
   5  145     -16.70      -6.35      15.66 
   5  148     -16.77      -8.30      14.80 
   5  136     -15.47      -9.83      15.42 
   5  150     -14.19      -9.59      17.11 
   5  148     -13.88      -7.58      17.91 
   6    0       0.00       0.00       0.00 
   6  113     -21.21       9.43       1.87 
   6   89     -21.55       7.66       3.10 
   6  101     -21.49       7.64       5.15 
   6  125     -20.68       9.24       6.26 
   6  118     -20.50      11.30       5.18 
   6  105     -20.27      11.14       3.08 
   6    0       0.00       0.00       0.00 
   6   87     -22.67       4.11      -1.03 
   6   93     -22.37       5.94      -0.06 
   6   74     -22.09       7.74      -0.96 
   6   68     -22.15       7.82      -3.24 
   6   74     -22.42       5.82      -4.29 
   6   74     -23.16       4.33      -3.27 
   6    0       0.00       0.00       0.00 
   6  113     -22.38       4.19       5.22 
   6   88     -22.45       4.17       3.12 
   6  103     -23.08       2.54       1.81 
   6   96     -23.57       0.54       2.99 
   6  100     -23.30       0.48       5.19 
   6   93     -22.48       2.20       6.23 
   7    0       0.00       0.00       0.00 
   7  137      -6.52      18.61      15.53 
   7  137      -7.83      17.05      16.42 
   7  149      -7.18      15.95      18.11 
   7  116      -5.19      16.31      18.88 
   7  142      -3.79      17.85      18.06 
   7  103      -4.49      18.87      16.36 
   7    0       0.00       0.00       0.00 
   7  118     -12.28      17.55      13.11 
   7  125     -10.31      17.87      13.93 
   7  106      -9.09      19.51      13.16 
   7   92      -9.51      20.43      11.27 
   7  102     -11.58      19.90      10.44 
   7   96     -13.05      18.76      11.30 
   7    0       0.00       0.00       0.00 
   7  119     -10.32      14.24      18.19 
   7  131     -10.94      15.27      16.39 
   7  126     -13.03      15.14      15.80 
   7  124     -14.26      13.48      16.43 
   7  116     -13.32      12.11      17.78 
   7  135     -11.58      12.65      18.84 
