   0     -11.39     -12.62     -15.97       0.00
   0       0.88       1.15       1.12       0.00
   0       0.60       1.26       1.03       0.00
   0       0.65       1.07       1.20       0.00
   0       0.79       1.09       1.43       0.00
   0       0.85       0.94       1.35       0.00
   0       0.94       0.99       1.15       0.00
   0     -10.24     -17.73     -11.18       0.00
   0       0.66       1.23       1.06       0.00
   0       0.85       1.26       1.24       0.00
   0       0.79       1.21       1.04       0.00
   0       0.81       1.34       1.01       0.00
   0       0.73       1.26       0.91       0.00
   0       0.80       1.36       1.04       0.00
   0      -5.24     -16.17     -15.97       0.00
   0       0.63       1.19       1.30       0.00
   0       0.80       1.45       1.44       0.00
   0       0.63       1.42       1.07       0.00
   0       0.40       1.32       1.17       0.00
   0       0.51       1.50       1.53       0.00
   0       0.54       1.28       1.28       0.00
   1     -21.88      -2.19      -3.96       0.00
   1       1.71       0.33       0.14       0.00
   1       1.45       0.26       0.21       0.00
   1       1.52       0.39       0.13       0.00
   1       1.59       0.33       0.40       0.00
   1       1.86       0.30       0.32       0.00
   1       1.72       0.23       0.07       0.00
   1     -21.48      -5.76       2.17       0.00
   1       1.70       0.51       0.04       0.00
   1       1.97       0.62       0.15       0.00
   1       1.63       0.39       0.06       0.00
   1       1.72       0.37       0.06       0.00
   1       1.64       0.44      -0.21       0.00
   1       1.28       0.45      -0.04       0.00
   1     -20.04      -9.05      -3.96       0.00
   1       2.01       0.55       0.44       0.00
   1       1.64       0.53       0.24       0.00
   1       1.63       0.62      -0.06       0.00
   1       1.50       0.57       0.24       0.00
   1       1.59       0.67       0.34       0.00
   1       1.53       0.53       0.20       0.00
   2     -14.01       7.43     -15.03       0.00
   2       1.38      -0.52       1.20       0.00
   2       1.41      -0.31       1.12       0.00
   2       1.29      -0.29       1.27       0.00
   2       1.31      -0.51       1.58       0.00
   2       1.42      -0.68       1.41       0.00
   2       1.23      -0.69       1.16       0.00
   2     -18.65       5.00     -10.24       0.00
   2       1.42      -0.22       1.07       0.00
   2       1.31      -0.31       1.19       0.00
   2       1.45      -0.52       1.08       0.00
   2       1.22      -0.50       0.87       0.00
   2       1.61      -0.37       0.84       0.00
   2       1.44      -0.27       0.94       0.00
   2     -15.85       0.57     -15.03       0.00
   2       1.28      -0.29       1.21       0.00
   2       1.43      -0.38       1.25       0.00
   2       1.36      -0.16       0.97       0.00
   2       1.44      -0.24       1.25       0.00
   2       1.26      -0.06       1.26       0.00
   2       1.25      -0.26       1.35       0.00
   3     -14.60      19.62      -4.17       0.00
   3       0.89      -0.98       0.04       0.00
   3       1.09      -0.90       0.06       0.00
   3       0.95      -0.98       0.23       0.00
   3       1.01      -1.19       0.25       0.00
   3       0.93      -1.18       0.32       0.00
   3       1.20      -1.26       0.11       0.00
   3     -17.49      17.49       1.95       0.00
   3       1.27      -1.10       0.09       0.00
   3       1.11      -1.21       0.19       0.00
   3       1.05      -1.19       0.03       0.00
   3       1.12      -1.05       0.02       0.00
   3       0.99      -0.83      -0.19       0.00
   3       1.28      -1.25       0.04       0.00
   3     -19.62      14.60      -4.17       0.00
   3       1.27      -1.21       0.22       0.00
   3       1.42      -1.39       0.10       0.00
   3       1.42      -1.26       0.06       0.00
   3       1.40      -1.02       0.16       0.00
   3       1.45      -1.11       0.32       0.00
   3       1.38      -1.31       0.35       0.00
   4      16.78      17.78      -4.17       0.00
   4      -0.97      -1.40       0.12       0.00
   4      -1.14      -1.71       0.02       0.00
   4      -1.16      -1.65       0.44       0.00
   4      -1.10      -1.42       0.42       0.00
   4      -1.18      -1.40       0.16       0.00
   4      -1.23      -1.13       0.11       0.00
   4      14.18      20.26       1.95       0.00
   4      -0.79      -1.30       0.07       0.00
   4      -1.22      -1.70       0.25       0.00
   4      -1.14      -1.32       0.10       0.00
   4      -1.30      -1.70       0.05       0.00
   4      -1.09      -1.58      -0.21       0.00
   4      -0.60      -1.15      -0.04       0.00
   4      10.97      21.85      -4.17       0.00
   4      -0.89      -1.01       0.11       0.00
   4      -1.05      -1.36       0.03       0.00
   4      -0.90      -1.45      -0.07       0.00
   4      -0.70      -1.58       0.19       0.00
   4      -1.02      -1.70       0.34       0.00
   4      -0.95      -1.50       0.35       0.00
   5      15.85       0.57     -15.03       0.00
   5      -1.38      -0.20       1.07       0.00
   5      -1.45      -0.38       1.27       0.00
   5      -1.37      -0.48       1.27       0.00
   5      -1.37      -0.26       1.50       0.00
   5      -1.41      -0.15       1.36       0.00
   5      -1.38      -0.23       1.25       0.00
   5      18.65       5.00     -10.24       0.00
   5      -1.43      -0.39       1.10       0.00
   5      -1.24      -0.37       1.16       0.00
   5      -1.52      -0.31       1.06       0.00
   5      -1.51      -0.38       1.19       0.00
   5      -1.68      -0.39       1.02       0.00
   5      -1.39      -0.48       1.02       0.00
   5      14.01       7.43     -15.03       0.00
   5      -1.33      -0.37       1.39       0.00
   5      -1.51      -0.40       1.31       0.00
   5      -1.48      -0.53       1.29       0.00
   5      -1.36      -0.57       1.22       0.00
   5      -1.36      -0.67       1.40       0.00
   5      -1.15      -0.50       1.35       0.00
   6      19.37      -8.87      -3.90       0.00
   6      -1.59       0.49      -0.03       0.00
   6      -1.48       0.41       0.19       0.00
   6      -1.67       0.46       0.24       0.00
   6      -1.56       0.44       0.36       0.00
   6      -1.82       0.82       0.30       0.00
   6      -1.35       0.59       0.19       0.00
   6      20.81      -5.57       2.23       0.00
   6      -1.42       0.23       0.19       0.00
   6      -1.58       0.37       0.15       0.00
   6      -1.74       0.48       0.26       0.00
   6      -1.79       0.56       0.00       0.00
   6      -1.61       0.24      -0.04       0.00
   6      -1.90       0.44      -0.03       0.00
   6      21.21      -2.01      -3.90       0.00
   6      -1.63       0.50       0.31       0.00
   6      -1.45       0.42       0.21       0.00
   6      -1.63       0.47      -0.08       0.00
   6      -1.90       0.22       0.11       0.00
   6      -1.89       0.22       0.31       0.00
   6      -1.53       0.26       0.34       0.00
   7       5.24     -16.17     -15.97       0.00
   7      -0.62       1.28       1.08       0.00
   7      -0.70       1.09       1.13       0.00
   7      -0.71       1.14       1.30       0.00
   7      -0.61       1.28       1.38       0.00
   7      -0.44       1.46       1.41       0.00
   7      -0.48       1.34       1.23       0.00
   7      10.24     -17.73     -11.18       0.00
   7      -0.81       1.19       1.10       0.00
   7      -0.64       1.12       1.08       0.00
   7      -0.65       1.39       1.15       0.00
   7      -0.50       1.34       0.93       0.00
   7      -0.78       1.19       0.93       0.00
   7      -1.02       1.42       0.96       0.00
   7      11.39     -12.62     -15.97       0.00
   7      -0.73       1.24       1.37       0.00
   7      -0.68       1.12       1.10       0.00
   7      -0.98       1.37       1.35       0.00
   7      -1.08       1.24       1.30       0.00
   7      -0.81       1.02       1.13       0.00
   7      -0.85       1.17       1.35       0.00
