\BOOKMARK [0][-]{chapter.1}{Introduction}{}% 1
\BOOKMARK [1][-]{section.1.1}{Notes on Version 1.2}{chapter.1}% 2
\BOOKMARK [1][-]{section.1.2}{Previous Introduction}{chapter.1}% 3
\BOOKMARK [0][-]{chapter.2}{The Event Generator}{}% 4
\BOOKMARK [1][-]{section.2.1}{The Input File\(s\)}{chapter.2}% 5
\BOOKMARK [2][-]{subsection.2.1.1}{Input of the Level Scheme}{section.2.1}% 6
\BOOKMARK [2][-]{subsection.2.1.2}{Input of the dEdX Tables}{section.2.1}% 7
\BOOKMARK [2][-]{subsection.2.1.3}{Including atomic background into the simulation}{section.2.1}% 8
\BOOKMARK [1][-]{section.2.2}{Starting the Simulation}{chapter.2}% 9
\BOOKMARK [1][-]{section.2.3}{The Output Rootfile}{chapter.2}% 10
\BOOKMARK [0][-]{chapter.3}{The Event Builder}{}% 11
\BOOKMARK [1][-]{section.3.1}{The Input File\(s\)}{chapter.3}% 12
\BOOKMARK [1][-]{section.3.2}{The Geometry Input Files}{chapter.3}% 13
\BOOKMARK [2][-]{subsection.3.2.1}{The DALI2 Geometry Input File}{section.3.2}% 14
\BOOKMARK [2][-]{subsection.3.2.2}{The LABR3 Geometry Input File}{section.3.2}% 15
\BOOKMARK [2][-]{subsection.3.2.3}{The SHOGUN Geometry Input File}{section.3.2}% 16
\BOOKMARK [2][-]{subsection.3.2.4}{det\137place.gawk}{section.3.2}% 17
\BOOKMARK [2][-]{subsection.3.2.5}{The Grape Geometry Input File}{section.3.2}% 18
\BOOKMARK [2][-]{subsection.3.2.6}{The SGT Geometry Input File}{section.3.2}% 19
\BOOKMARK [1][-]{section.3.3}{Starting the Simulation}{chapter.3}% 20
\BOOKMARK [1][-]{section.3.4}{The Output Rootfile}{chapter.3}% 21
\BOOKMARK [0][-]{chapter.4}{The Reconstructor}{}% 22
\BOOKMARK [1][-]{section.4.1}{The Standard Reconstructor}{chapter.4}% 23
\BOOKMARK [1][-]{section.4.2}{RikenReconstructorDLB}{chapter.4}% 24
\BOOKMARK [2][-]{subsection.4.2.1}{The Input File}{section.4.2}% 25
\BOOKMARK [2][-]{subsection.4.2.2}{The Output Rootfile}{section.4.2}% 26
\BOOKMARK [0][-]{chapter.5}{Simulation Examples}{}% 27
\BOOKMARK [1][-]{section.5.1}{DALI2 Efficiency from a 60Co source}{chapter.5}% 28
\BOOKMARK [2][-]{subsection.5.1.1}{Running the Event Generator}{section.5.1}% 29
\BOOKMARK [2][-]{subsection.5.1.2}{Running the Event Builder}{section.5.1}% 30
\BOOKMARK [2][-]{subsection.5.1.3}{Running the Reconstructor}{section.5.1}% 31
\BOOKMARK [0][-]{chapter.6}{To-Do List}{}% 32
