This is pdfTeX, Version 3.1415926-2.5-1.40.14 (TeX Live 2013/Debian) (format=latex 2015.2.22)  10 MAR 2015 16:50
entering extended mode
 restricted \write18 enabled.
 %&-line parsing enabled.
**Manual20140326.tex
(./Manual20140326.tex
LaTeX2e <2011/06/27>
Babel <3.9h> and hyphenation patterns for 52 languages loaded.
(/usr/share/texlive/texmf-dist/tex/latex/base/book.cls
Document Class: book 2007/10/19 v1.4h Standard LaTeX document class
(/usr/share/texlive/texmf-dist/tex/latex/base/bk12.clo
File: bk12.clo 2007/10/19 v1.4h Standard LaTeX file (size option)
)
\c@part=\count79
\c@chapter=\count80
\c@section=\count81
\c@subsection=\count82
\c@subsubsection=\count83
\c@paragraph=\count84
\c@subparagraph=\count85
\c@figure=\count86
\c@table=\count87
\abovecaptionskip=\skip41
\belowcaptionskip=\skip42
\bibindent=\dimen102
)
(/usr/share/texlive/texmf-dist/tex/latex/amsfonts/amssymb.sty
Package: amssymb 2013/01/14 v3.01 AMS font symbols

(/usr/share/texlive/texmf-dist/tex/latex/amsfonts/amsfonts.sty
Package: amsfonts 2013/01/14 v3.01 Basic AMSFonts support
\@emptytoks=\toks14
\symAMSa=\mathgroup4
\symAMSb=\mathgroup5
LaTeX Font Info:    Overwriting math alphabet `\mathfrak' in version `bold'
(Font)                  U/euf/m/n --> U/euf/b/n on input line 106.
))
(/usr/share/texlive/texmf-dist/tex/latex/amsmath/amscd.sty
Package: amscd 1999/11/29 v2.0

(/usr/share/texlive/texmf-dist/tex/latex/amsmath/amsgen.sty
File: amsgen.sty 1999/11/30 v2.0
\@emptytoks=\toks15
\ex@=\dimen103
)
\athelp@=\toks16
\minaw@=\dimen104
\bigaw@=\dimen105
\minCDarrowwidth=\dimen106
)
(/usr/share/texlive/texmf-dist/tex/latex/base/inputenc.sty
Package: inputenc 2008/03/30 v1.1d Input encoding file
\inpenc@prehook=\toks17
\inpenc@posthook=\toks18

(/usr/share/texlive/texmf-dist/tex/latex/base/latin1.def
File: latin1.def 2008/03/30 v1.1d Input encoding file
))
(/usr/share/texlive/texmf-dist/tex/latex/base/fontenc.sty
Package: fontenc 2005/09/27 v1.99g Standard LaTeX package

(/usr/share/texlive/texmf-dist/tex/latex/base/t1enc.def
File: t1enc.def 2005/09/27 v1.99g Standard LaTeX file
LaTeX Font Info:    Redeclaring font encoding T1 on input line 43.
))
(/usr/share/texlive/texmf-dist/tex/latex/amsmath/amsmath.sty
Package: amsmath 2013/01/14 v2.14 AMS math features
\@mathmargin=\skip43

For additional information on amsmath, use the `?' option.
(/usr/share/texlive/texmf-dist/tex/latex/amsmath/amstext.sty
Package: amstext 2000/06/29 v2.01
)
(/usr/share/texlive/texmf-dist/tex/latex/amsmath/amsbsy.sty
Package: amsbsy 1999/11/29 v1.2d
\pmbraise@=\dimen107
)
(/usr/share/texlive/texmf-dist/tex/latex/amsmath/amsopn.sty
Package: amsopn 1999/12/14 v2.01 operator names
)
\inf@bad=\count88
LaTeX Info: Redefining \frac on input line 210.
\uproot@=\count89
\leftroot@=\count90
LaTeX Info: Redefining \overline on input line 306.
\classnum@=\count91
\DOTSCASE@=\count92
LaTeX Info: Redefining \ldots on input line 378.
LaTeX Info: Redefining \dots on input line 381.
LaTeX Info: Redefining \cdots on input line 466.
\Mathstrutbox@=\box26
\strutbox@=\box27
\big@size=\dimen108
LaTeX Font Info:    Redeclaring font encoding OML on input line 566.
LaTeX Font Info:    Redeclaring font encoding OMS on input line 567.
\macc@depth=\count93
\c@MaxMatrixCols=\count94
\dotsspace@=\muskip10
\c@parentequation=\count95
\dspbrk@lvl=\count96
\tag@help=\toks19
\row@=\count97
\column@=\count98
\maxfields@=\count99
\andhelp@=\toks20
\eqnshift@=\dimen109
\alignsep@=\dimen110
\tagshift@=\dimen111
\tagwidth@=\dimen112
\totwidth@=\dimen113
\lineht@=\dimen114
\@envbody=\toks21
\multlinegap=\skip44
\multlinetaggap=\skip45
\mathdisplay@stack=\toks22
LaTeX Info: Redefining \[ on input line 2665.
LaTeX Info: Redefining \] on input line 2666.
)
(/usr/share/texlive/texmf-dist/tex/latex/url/url.sty
\Urlmuskip=\muskip11
Package: url 2013/09/16  ver 3.4  Verb mode for urls, etc.
)
(/usr/share/texlive/texmf-dist/tex/latex/hyperref/hyperref.sty
Package: hyperref 2012/11/06 v6.83m Hypertext links for LaTeX

(/usr/share/texlive/texmf-dist/tex/generic/oberdiek/hobsub-hyperref.sty
Package: hobsub-hyperref 2012/05/28 v1.13 Bundle oberdiek, subset hyperref (HO)


(/usr/share/texlive/texmf-dist/tex/generic/oberdiek/hobsub-generic.sty
Package: hobsub-generic 2012/05/28 v1.13 Bundle oberdiek, subset generic (HO)
Package: hobsub 2012/05/28 v1.13 Construct package bundles (HO)
Package: infwarerr 2010/04/08 v1.3 Providing info/warning/error messages (HO)
Package: ltxcmds 2011/11/09 v1.22 LaTeX kernel commands for general use (HO)
Package: ifluatex 2010/03/01 v1.3 Provides the ifluatex switch (HO)
Package ifluatex Info: LuaTeX not detected.
Package: ifvtex 2010/03/01 v1.5 Detect VTeX and its facilities (HO)
Package ifvtex Info: VTeX not detected.
Package: intcalc 2007/09/27 v1.1 Expandable calculations with integers (HO)
Package: ifpdf 2011/01/30 v2.3 Provides the ifpdf switch (HO)
Package ifpdf Info: pdfTeX in PDF mode is not detected.
Package: etexcmds 2011/02/16 v1.5 Avoid name clashes with e-TeX commands (HO)
Package etexcmds Info: Could not find \expanded.
(etexcmds)             That can mean that you are not using pdfTeX 1.50 or
(etexcmds)             that some package has redefined \expanded.
(etexcmds)             In the latter case, load this package earlier.
Package: kvsetkeys 2012/04/25 v1.16 Key value parser (HO)
Package: kvdefinekeys 2011/04/07 v1.3 Define keys (HO)
Package: pdftexcmds 2011/11/29 v0.20 Utility functions of pdfTeX for LuaTeX (HO
)
Package pdftexcmds Info: LuaTeX not detected.
Package pdftexcmds Info: \pdf@primitive is available.
Package pdftexcmds Info: \pdf@ifprimitive is available.
Package pdftexcmds Info: \pdfdraftmode is ignored in DVI mode.
Package: pdfescape 2011/11/25 v1.13 Implements pdfTeX's escape features (HO)
Package: bigintcalc 2012/04/08 v1.3 Expandable calculations on big integers (HO
)
Package: bitset 2011/01/30 v1.1 Handle bit-vector datatype (HO)
Package: uniquecounter 2011/01/30 v1.2 Provide unlimited unique counter (HO)
)
Package hobsub Info: Skipping package `hobsub' (already loaded).
Package: letltxmacro 2010/09/02 v1.4 Let assignment for LaTeX macros (HO)
Package: hopatch 2012/05/28 v1.2 Wrapper for package hooks (HO)
Package: xcolor-patch 2011/01/30 xcolor patch
Package: atveryend 2011/06/30 v1.8 Hooks at the very end of document (HO)
Package atveryend Info: \enddocument detected (standard20110627).
Package: atbegshi 2011/10/05 v1.16 At begin shipout hook (HO)
Package: refcount 2011/10/16 v3.4 Data extraction from label references (HO)
Package: hycolor 2011/01/30 v1.7 Color options for hyperref/bookmark (HO)
)
(/usr/share/texlive/texmf-dist/tex/latex/graphics/keyval.sty
Package: keyval 1999/03/16 v1.13 key=value parser (DPC)
\KV@toks@=\toks23
)
(/usr/share/texlive/texmf-dist/tex/generic/ifxetex/ifxetex.sty
Package: ifxetex 2010/09/12 v0.6 Provides ifxetex conditional
)
(/usr/share/texlive/texmf-dist/tex/latex/oberdiek/auxhook.sty
Package: auxhook 2011/03/04 v1.3 Hooks for auxiliary files (HO)
)
(/usr/share/texlive/texmf-dist/tex/latex/oberdiek/kvoptions.sty
Package: kvoptions 2011/06/30 v3.11 Key value format for package options (HO)
)
\@linkdim=\dimen115
\Hy@linkcounter=\count100
\Hy@pagecounter=\count101

(/usr/share/texlive/texmf-dist/tex/latex/hyperref/pd1enc.def
File: pd1enc.def 2012/11/06 v6.83m Hyperref: PDFDocEncoding definition (HO)
)
\Hy@SavedSpaceFactor=\count102

(/usr/share/texlive/texmf-dist/tex/latex/latexconfig/hyperref.cfg
File: hyperref.cfg 2002/06/06 v1.2 hyperref configuration of TeXLive
)
Package hyperref Info: Option `pdfmenubar' set `true' on input line 4319.
Package hyperref Info: Option `plainpages' set `false' on input line 4319.
Package hyperref Info: Option `pdfpagelabels' set `true' on input line 4319.


Package hyperref Warning: Unexpected value for option `pdftex'
(hyperref)                is ignored on input line 4319.


! Package hyperref Error: Wrong driver option `pdftex',
(hyperref)                because pdfTeX in PDF mode is not detected.

See the hyperref package documentation for explanation.
Type  H <return>  for immediate help.
 ...                                              
                                                  
l.4319 \ProcessKeyvalOptions{Hyp}
                                 
Try typing  <return>  to proceed.
If that doesn't work, type  X <return>  to quit.

Package hyperref Info: Option `breaklinks' set `false' on input line 4319.
Package hyperref Info: Option `bookmarks' set `true' on input line 4319.
Package hyperref Info: Option `colorlinks' set `false' on input line 4319.
Package hyperref Info: Hyper figures OFF on input line 4443.
Package hyperref Info: Link nesting OFF on input line 4448.
Package hyperref Info: Hyper index ON on input line 4451.
Package hyperref Info: Plain pages OFF on input line 4458.
Package hyperref Info: Backreferencing OFF on input line 4463.
Package hyperref Info: Implicit mode ON; LaTeX internals redefined.
Package hyperref Info: Bookmarks ON on input line 4688.
\c@Hy@tempcnt=\count103
LaTeX Info: Redefining \url on input line 5041.
\XeTeXLinkMargin=\dimen116
\Fld@menulength=\count104
\Field@Width=\dimen117
\Fld@charsize=\dimen118
Package hyperref Info: Hyper figures OFF on input line 6295.
Package hyperref Info: Link nesting OFF on input line 6300.
Package hyperref Info: Hyper index ON on input line 6303.
Package hyperref Info: backreferencing OFF on input line 6310.
Package hyperref Info: Link coloring OFF on input line 6315.
Package hyperref Info: Link coloring with OCG OFF on input line 6320.
Package hyperref Info: PDF/A mode OFF on input line 6325.
LaTeX Info: Redefining \ref on input line 6365.
LaTeX Info: Redefining \pageref on input line 6369.
\Hy@abspage=\count105
\c@Item=\count106
\c@Hfootnote=\count107
)

Package hyperref Message: Driver (default): hdvips.

(/usr/share/texlive/texmf-dist/tex/latex/hyperref/hdvips.def
File: hdvips.def 2012/11/06 v6.83m Hyperref driver for dvips

(/usr/share/texlive/texmf-dist/tex/latex/hyperref/pdfmark.def
File: pdfmark.def 2012/11/06 v6.83m Hyperref definitions for pdfmark specials
\pdf@docset=\toks24
\pdf@box=\box28
\pdf@toks=\toks25
\pdf@defaulttoks=\toks26
\HyField@AnnotCount=\count108
\Fld@listcount=\count109
\c@bookmark@seq@number=\count110

(/usr/share/texlive/texmf-dist/tex/latex/oberdiek/rerunfilecheck.sty
Package: rerunfilecheck 2011/04/15 v1.7 Rerun checks for auxiliary files (HO)
Package uniquecounter Info: New unique counter `rerunfilecheck' on input line 2
82.
)
\Hy@SectionHShift=\skip46
))
(/usr/share/texlive/texmf-dist/tex/latex/preprint/authblk.sty
Package: authblk 2001/02/27 1.3 (PWD)
\affilsep=\skip47
\@affilsep=\skip48
\c@Maxaffil=\count111
\c@authors=\count112
\c@affil=\count113
)
(/usr/share/texlive/texmf-dist/tex/latex/placeins/placeins.sty
Package: placeins 2005/04/18  v 2.2
)
(./Manual20140326.aux)
\openout1 = `Manual20140326.aux'.

LaTeX Font Info:    Checking defaults for OML/cmm/m/it on input line 37.
LaTeX Font Info:    ... okay on input line 37.
LaTeX Font Info:    Checking defaults for T1/cmr/m/n on input line 37.
LaTeX Font Info:    ... okay on input line 37.
LaTeX Font Info:    Checking defaults for OT1/cmr/m/n on input line 37.
LaTeX Font Info:    ... okay on input line 37.
LaTeX Font Info:    Checking defaults for OMS/cmsy/m/n on input line 37.
LaTeX Font Info:    ... okay on input line 37.
LaTeX Font Info:    Checking defaults for OMX/cmex/m/n on input line 37.
LaTeX Font Info:    ... okay on input line 37.
LaTeX Font Info:    Checking defaults for U/cmr/m/n on input line 37.
LaTeX Font Info:    ... okay on input line 37.
LaTeX Font Info:    Checking defaults for PD1/pdf/m/n on input line 37.
LaTeX Font Info:    ... okay on input line 37.
\AtBeginShipoutBox=\box29
Package hyperref Info: Link coloring OFF on input line 37.

(/usr/share/texlive/texmf-dist/tex/latex/hyperref/nameref.sty
Package: nameref 2012/10/27 v2.43 Cross-referencing by name of section

(/usr/share/texlive/texmf-dist/tex/generic/oberdiek/gettitlestring.sty
Package: gettitlestring 2010/12/03 v1.4 Cleanup title references (HO)
)
\c@section@level=\count114
)
LaTeX Info: Redefining \ref on input line 37.
LaTeX Info: Redefining \pageref on input line 37.
LaTeX Info: Redefining \nameref on input line 37.

(./Manual20140326.out) (./Manual20140326.out)
\@outlinefile=\write3
\openout3 = `Manual20140326.out'.

LaTeX Font Info:    Try loading font information for U+msa on input line 47.

(/usr/share/texlive/texmf-dist/tex/latex/amsfonts/umsa.fd
File: umsa.fd 2013/01/14 v3.01 AMS symbols A
)
LaTeX Font Info:    Try loading font information for U+msb on input line 47.

(/usr/share/texlive/texmf-dist/tex/latex/amsfonts/umsb.fd
File: umsb.fd 2013/01/14 v3.01 AMS symbols B
) [1


] [2

]
(./Manual20140326.toc
LaTeX Font Info:    Try loading font information for T1+cmtt on input line 18.
 (/usr/share/texlive/texmf-dist/tex/latex/base/t1cmtt.fd
File: t1cmtt.fd 1999/05/25 v2.5h Standard LaTeX font definitions
)
[3])
\tf@toc=\write4
\openout4 = `Manual20140326.toc'.

 [4]
Chapter 1.

Underfull \hbox (badness 10000) in paragraph at lines 53--55

 []


LaTeX Warning: Citation `GEANT4' on page 5 undefined on input line 61.


LaTeX Warning: Citation `DALI' on page 5 undefined on input line 62.


Underfull \hbox (badness 10000) in paragraph at lines 61--71

 []

[5

]
LaTeX Font Info:    Try loading font information for OMS+cmr on input line 72.
 (/usr/share/texlive/texmf-dist/tex/latex/base/omscmr.fd
File: omscmr.fd 1999/05/25 v2.5h Standard LaTeX font definitions
)
LaTeX Font Info:    Font shape `OMS/cmr/m/n' in size <12> not available
(Font)              Font shape `OMS/cmsy/m/n' tried instead on input line 72.

Underfull \hbox (badness 10000) in paragraph at lines 81--90

 []


LaTeX Warning: Citation `ROOT' on page 6 undefined on input line 91.


Underfull \hbox (badness 10000) in paragraph at lines 91--95
[][][][]
 []


Underfull \hbox (badness 1122) in paragraph at lines 91--95
\T1/cmr/m/n/12 The sim-u-la-tion code was tested suc-ces-fully with ROOT ver-si
on
 []


Underfull \hbox (badness 10000) in paragraph at lines 100--106
[][][][]
 []

[6]
Overfull \hbox (275.24442pt too wide) in paragraph at lines 107--109
[][][][] 
 []


Underfull \hbox (badness 10000) in paragraph at lines 107--109

 []


Underfull \hbox (badness 10000) in paragraph at lines 121--139

 []


Underfull \hbox (badness 10000) in paragraph at lines 121--139
\T1/cmtt/m/n/12 tar -zxf Geant4Shogun.1.1.tar.gz.
 []


Underfull \hbox (badness 10000) in paragraph at lines 121--139

 []


Underfull \hbox (badness 1609) in paragraph at lines 121--139
\T1/cmr/m/n/12 This will cre-ate the sub-fold-ers \T1/cmtt/m/n/12 EventGenerato
r\T1/cmr/m/n/12 , \T1/cmtt/m/n/12 EventBuilder\T1/cmr/m/n/12 , and
 []

[7] [8

]
Chapter 2.

Underfull \hbox (badness 10000) in paragraph at lines 142--151

 []


Underfull \hbox (badness 10000) in paragraph at lines 142--151
\T1/cmtt/m/n/12 make all
 []


Underfull \hbox (badness 10000) in paragraph at lines 142--151

 []


Underfull \hbox (badness 3098) in paragraph at lines 154--161
\T1/cmr/m/n/12 To change the pa-ram-e-ters of the Event Gen-er-a-tor, open the 
file
 []

[9] [10]
Underfull \hbox (badness 1436) in paragraph at lines 230--233
\T1/cmr/m/n/12 An-gu-lar Broad-en-ing caused by the re-ac-tion in the tar-get. 
If
 []


Underfull \hbox (badness 10000) in paragraph at lines 233--234

 []


LaTeX Warning: Citation `BORREL' on page 11 undefined on input line 236.

[11] [12]
Underfull \hbox (badness 10000) in paragraph at lines 272--274
[]\T1/cmr/m/n/12 BETAPLUSDECAY
 []


Underfull \hbox (badness 10000) in paragraph at lines 294--311

 []


Underfull \hbox (badness 10000) in paragraph at lines 294--311
\T1/cmtt/m/n/12 LEVEL 0 0. 0. 0.
 []


Underfull \hbox (badness 10000) in paragraph at lines 294--311
\T1/cmtt/m/n/12 LEVEL 1 67. 1000. 10.
 []


Underfull \hbox (badness 10000) in paragraph at lines 294--311
\T1/cmtt/m/n/12 LEVEL 2 33. 1500. 20.
 []


Underfull \hbox (badness 10000) in paragraph at lines 294--311
\T1/cmtt/m/n/12 DECAY 1 0 100.
 []


Underfull \hbox (badness 10000) in paragraph at lines 294--311
\T1/cmtt/m/n/12 DECAY 2 1 100.
 []


Underfull \hbox (badness 10000) in paragraph at lines 294--311
\T1/cmtt/m/n/12 DECAY 2 0 1.
 []


Underfull \hbox (badness 10000) in paragraph at lines 294--311

 []


Underfull \hbox (badness 10000) in paragraph at lines 294--311

 []

[13]
Underfull \hbox (badness 10000) in paragraph at lines 314--319

 []


Underfull \hbox (badness 10000) in paragraph at lines 314--319

 []


Underfull \hbox (badness 3189) in paragraph at lines 314--319
[][][][] \T1/cmr/m/n/12 can be used by
 []

[14]
Underfull \hbox (badness 10000) in paragraph at lines 339--347

 []


Underfull \hbox (badness 10000) in paragraph at lines 339--347
\T1/cmtt/m/n/12 EventGenerator run_nothing.mac 
 []


Underfull \hbox (badness 10000) in paragraph at lines 339--347

 []


Underfull \hbox (badness 1389) in paragraph at lines 339--347
\T1/cmr/m/n/12 Omit-ting a file-name will bring the Event Gen-er-a-tor into the
 ``stan-
 []


Underfull \hbox (badness 10000) in paragraph at lines 339--347

 []


Underfull \hbox (badness 10000) in paragraph at lines 348--349

 []


Underfull \hbox (badness 10000) in paragraph at lines 350--363

 []


Underfull \hbox (badness 10000) in paragraph at lines 350--363
\T1/cmtt/m/n/12 EventGenerator run_nothing.mac $\OML/cmm/m/it/12 >$ \T1/cmtt/m/
n/12 console_output/sim_001.txt& 
 []


Underfull \hbox (badness 10000) in paragraph at lines 350--363

 []


Underfull \hbox (badness 10000) in paragraph at lines 350--363

 []


Underfull \hbox (badness 10000) in paragraph at lines 350--363
\T1/cmtt/m/n/12 less console_output/sim_001.txt 
 []


Underfull \hbox (badness 10000) in paragraph at lines 350--363

 []

[15] [16]
Chapter 3.

Underfull \hbox (badness 10000) in paragraph at lines 399--408

 []


Underfull \hbox (badness 10000) in paragraph at lines 399--408
\T1/cmtt/m/n/12 make all
 []


Underfull \hbox (badness 10000) in paragraph at lines 399--408

 []


Underfull \hbox (badness 10000) in paragraph at lines 399--408

 []


Underfull \hbox (badness 5637) in paragraph at lines 411--417
\T1/cmr/m/n/12 To change the pa-ram-e-ters of the Event Builder, open the file
 []


LaTeX Warning: Float too large for page by 49.19936pt on input line 470.

[17

] [18]
Underfull \hbox (badness 10000) in paragraph at lines 481--482

 []

[19

]

LaTeX Warning: Citation `Giaz2013910' on page 20 undefined on input line 511.


Underfull \hbox (badness 10000) in paragraph at lines 533--536

 []

[20] [21]
Underfull \hbox (badness 10000) in paragraph at lines 552--573

 []


Underfull \hbox (badness 10000) in paragraph at lines 552--573
\T1/cmtt/m/n/12 ./input/TargetHolder.in
 []


Underfull \hbox (badness 10000) in paragraph at lines 552--573

 []


Underfull \hbox (badness 10000) in paragraph at lines 552--573

 []


Underfull \hbox (badness 10000) in paragraph at lines 552--573
\T1/cmtt/m/n/12 0 SetTargetPosition X
 []


Underfull \hbox (badness 10000) in paragraph at lines 552--573
\T1/cmtt/m/n/12 P MATERIAL THICKNESS
 []


Underfull \hbox (badness 10000) in paragraph at lines 552--573
\T1/cmtt/m/n/12 .
 []


Underfull \hbox (badness 10000) in paragraph at lines 552--573
\T1/cmtt/m/n/12 .
 []


Underfull \hbox (badness 10000) in paragraph at lines 552--573
\T1/cmtt/m/n/12 .
 []


Underfull \hbox (badness 10000) in paragraph at lines 552--573

 []


Underfull \hbox (badness 10000) in paragraph at lines 552--573

 []


Underfull \vbox (badness 2582) has occurred while \output is active []

 [22]
Underfull \hbox (badness 10000) in paragraph at lines 588--598

 []


Underfull \hbox (badness 10000) in paragraph at lines 588--598
\T1/cmtt/m/n/12 ./geometry/dali2_geometry_in.txt
 []


Underfull \hbox (badness 10000) in paragraph at lines 588--598
\T1/cmtt/m/n/12 ./geometry/LaBr3_geometry_in.txt
 []


Underfull \hbox (badness 10000) in paragraph at lines 588--598
\T1/cmtt/m/n/12 ./geometry/shogun_geometry_in.txt
 []


Underfull \hbox (badness 10000) in paragraph at lines 588--598
\T1/cmtt/m/n/12 ./geometry/grape_geometry_in.txt
 []


Underfull \hbox (badness 10000) in paragraph at lines 588--598
\T1/cmtt/m/n/12 ./geometry/sgt_geometry_in.txt
 []


Underfull \hbox (badness 10000) in paragraph at lines 588--598

 []


Underfull \hbox (badness 10000) in paragraph at lines 588--598

 []


Underfull \hbox (badness 10000) in paragraph at lines 588--598

 []


Underfull \hbox (badness 10000) in paragraph at lines 599--608

 []


Underfull \hbox (badness 10000) in paragraph at lines 599--608
\T1/cmtt/m/n/12 ID (TYPE) THETA PHY RADIUS
 []


Underfull \hbox (badness 10000) in paragraph at lines 599--608

 []


Underfull \hbox (badness 10000) in paragraph at lines 599--608

 []


LaTeX Warning: Reference `ch:DALI2' on page 23 undefined on input line 623.


Underfull \hbox (badness 10000) in paragraph at lines 611--625

 []


Underfull \hbox (badness 10000) in paragraph at lines 611--625
\T1/cmtt/m/n/12 POSX POSY POSZ PSI THETA PHI ROTSIGN DETTYPE
 []


Underfull \hbox (badness 10000) in paragraph at lines 611--625
\T1/cmtt/m/n/12 .
 []


Underfull \hbox (badness 10000) in paragraph at lines 611--625
\T1/cmtt/m/n/12 .
 []


Underfull \hbox (badness 10000) in paragraph at lines 611--625
\T1/cmtt/m/n/12 .
 []


Underfull \hbox (badness 10000) in paragraph at lines 611--625

 []


Underfull \hbox (badness 10000) in paragraph at lines 611--625

 []


Underfull \hbox (badness 1708) in paragraph at lines 611--625
\T1/cmr/m/n/12 The crys-tals' po-si-tions are not cen-tered within their outer 
hous-ing,
 []

[23]
Underfull \hbox (badness 10000) in paragraph at lines 628--638

 []


Underfull \hbox (badness 10000) in paragraph at lines 628--638
\T1/cmtt/m/n/12 ID POSX POSY POSZ PSI THETA PHI CRYSTALDIAMETER CRYSTALLENGTH
 []


Underfull \hbox (badness 10000) in paragraph at lines 628--638
\T1/cmtt/m/n/12 INSULATIONMATERIAL
 []


Underfull \hbox (badness 10000) in paragraph at lines 628--638
\T1/cmtt/m/n/12 .
 []


Underfull \hbox (badness 10000) in paragraph at lines 628--638
\T1/cmtt/m/n/12 .
 []


Underfull \hbox (badness 10000) in paragraph at lines 628--638
\T1/cmtt/m/n/12 .
 []


Underfull \hbox (badness 10000) in paragraph at lines 628--638

 []


Underfull \hbox (badness 10000) in paragraph at lines 628--638

 []


Underfull \hbox (badness 10000) in paragraph at lines 641--656

 []


Underfull \hbox (badness 10000) in paragraph at lines 641--656
\T1/cmtt/m/n/12 g++ create_file.cc -o create
 []


Underfull \hbox (badness 10000) in paragraph at lines 641--656

 []


Underfull \hbox (badness 10000) in paragraph at lines 641--656

 []


Underfull \hbox (badness 10000) in paragraph at lines 641--656
\T1/cmtt/m/n/12 ./create output.txt 30.0 42.5
 []


Underfull \hbox (badness 10000) in paragraph at lines 641--656

 []

[24]
Underfull \hbox (badness 10000) in paragraph at lines 661--674

 []


Underfull \hbox (badness 10000) in paragraph at lines 661--674
\T1/cmtt/m/n/12 ID RING TYPE X Y Z RADIUS THETA PHI SIZEX2 SIZEX1 SIZEY2 SIZEY1

 []


Underfull \hbox (badness 10000) in paragraph at lines 661--674
\T1/cmtt/m/n/12 SIZEZ
 []


Underfull \hbox (badness 10000) in paragraph at lines 661--674
\T1/cmtt/m/n/12 .
 []


Underfull \hbox (badness 10000) in paragraph at lines 661--674
\T1/cmtt/m/n/12 .
 []


Underfull \hbox (badness 10000) in paragraph at lines 661--674
\T1/cmtt/m/n/12 .
 []


Underfull \hbox (badness 10000) in paragraph at lines 661--674

 []


Underfull \hbox (badness 10000) in paragraph at lines 661--674

 []


Underfull \hbox (badness 4168) in paragraph at lines 661--674
\T1/cmr/m/n/12 The in-put val-ues \T1/cmtt/m/n/12 ID, RING, TYPE, \T1/cmr/m/n/1
2 and \T1/cmtt/m/n/12 RADIUS \T1/cmr/m/n/12 stem from Heiko
 []

LaTeX Font Info:    Font shape `T1/cmtt/bx/n' in size <14.4> not available
(Font)              Font shape `T1/cmtt/m/n' tried instead on input line 675.
[25]
Underfull \hbox (badness 10000) in paragraph at lines 697--706

 []


Underfull \hbox (badness 10000) in paragraph at lines 697--706
\T1/cmtt/m/n/12 X Y Z PSI THETA PHI
 []


Underfull \hbox (badness 10000) in paragraph at lines 697--706
\T1/cmtt/m/n/12 .
 []


Underfull \hbox (badness 10000) in paragraph at lines 697--706
\T1/cmtt/m/n/12 .
 []


Underfull \hbox (badness 10000) in paragraph at lines 697--706
\T1/cmtt/m/n/12 .
 []


Underfull \hbox (badness 10000) in paragraph at lines 697--706

 []


Underfull \hbox (badness 10000) in paragraph at lines 697--706

 []


Underfull \hbox (badness 10000) in paragraph at lines 697--706

 []


Underfull \hbox (badness 10000) in paragraph at lines 711--720

 []


Underfull \hbox (badness 10000) in paragraph at lines 711--720
\T1/cmtt/m/n/12 X Y Z PHI
 []


Underfull \hbox (badness 10000) in paragraph at lines 711--720
\T1/cmtt/m/n/12 .
 []


Underfull \hbox (badness 10000) in paragraph at lines 711--720
\T1/cmtt/m/n/12 .
 []


Underfull \hbox (badness 10000) in paragraph at lines 711--720
\T1/cmtt/m/n/12 .
 []


Underfull \hbox (badness 10000) in paragraph at lines 711--720

 []


Underfull \hbox (badness 10000) in paragraph at lines 711--720

 []


Underfull \hbox (badness 10000) in paragraph at lines 711--720

 []


Underfull \hbox (badness 10000) in paragraph at lines 724--743

 []


Underfull \hbox (badness 10000) in paragraph at lines 724--743
\T1/cmtt/m/n/12 EventBuilder run_noting.mac 
 []


Underfull \hbox (badness 10000) in paragraph at lines 724--743

 []


Underfull \hbox (badness 10000) in paragraph at lines 724--743

 []


Underfull \hbox (badness 10000) in paragraph at lines 724--743
\T1/cmtt/m/n/12 /vis/viewer/flush 
 []


Underfull \hbox (badness 10000) in paragraph at lines 724--743

 []


Underfull \hbox (badness 10000) in paragraph at lines 724--743

 []

[26]
Underfull \hbox (badness 10000) in paragraph at lines 766--767

 []

[27] [28]
Chapter 4.

Underfull \hbox (badness 10000) in paragraph at lines 789--805

 []


Underfull \hbox (badness 10000) in paragraph at lines 789--805
\T1/cmtt/m/n/12 root [0] .L ShogunReconstructorSimple.C+ 
 []


Underfull \hbox (badness 10000) in paragraph at lines 789--805

 []


Underfull \hbox (badness 10000) in paragraph at lines 789--805

 []


Underfull \hbox (badness 10000) in paragraph at lines 789--805
\T1/cmtt/m/n/12 root [1] ShogunReconstructorSimple() 
 []


Underfull \hbox (badness 10000) in paragraph at lines 789--805

 []


Underfull \hbox (badness 10000) in paragraph at lines 789--805

 []

[29

] [30]
Underfull \hbox (badness 10000) in paragraph at lines 865--875

 []


Underfull \hbox (badness 10000) in paragraph at lines 865--875
\T1/cmtt/m/n/12 root [2] TBrowser b; 
 []


Underfull \hbox (badness 10000) in paragraph at lines 865--875

 []


Underfull \hbox (badness 10000) in paragraph at lines 879--881

 []


Underfull \hbox (badness 10000) in paragraph at lines 882--896

 []


Underfull \hbox (badness 10000) in paragraph at lines 882--896
\T1/cmtt/m/n/12 make
 []


Underfull \hbox (badness 10000) in paragraph at lines 882--896

 []


Underfull \hbox (badness 10000) in paragraph at lines 882--896

 []


Underfull \hbox (badness 10000) in paragraph at lines 882--896
\T1/cmtt/m/n/12 ./RikenReconstructorDLB
 []


Underfull \hbox (badness 10000) in paragraph at lines 882--896

 []


Underfull \hbox (badness 10000) in paragraph at lines 882--896

 []

[31]
Underfull \hbox (badness 6032) in paragraph at lines 897--899
[]\T1/cmr/m/n/12 Before run-ning it, the pa-ram-e-ters have to be spec-i-fied i
n the
 []

[32]
Underfull \hbox (badness 10000) in paragraph at lines 979--987
\T1/cmtt/m/n/12 labr3_doppler_gamma_gamma[i]
 []


Underfull \hbox (badness 2689) in paragraph at lines 979--987
\T1/cmr/m/n/12 with the sin-gle $\OML/cmm/m/it/12 ^^M$\T1/cmr/m/n/12 -spectra `
`_gamma[i]'' and the co-in-ci-dence spec-tra
 []


Underfull \hbox (badness 10000) in paragraph at lines 979--987

 []

[33]
Underfull \hbox (badness 10000) in paragraph at lines 988--998
\T1/cmtt/m/n/12 dali2_doppler_gamma_gamma
 []


Underfull \hbox (badness 10000) in paragraph at lines 988--998

 []


Underfull \hbox (badness 10000) in paragraph at lines 999--1007
\T1/cmtt/m/n/12 h_labr3_dali2addback_gamma_gamma
 []


Underfull \hbox (badness 10000) in paragraph at lines 999--1007

 []


Underfull \hbox (badness 10000) in paragraph at lines 1008--1018
\T1/cmtt/m/n/12 RecLaBr3CrystalEnergyDopplerCorrected
 []


Underfull \hbox (badness 10000) in paragraph at lines 1008--1018

 []

[34]
Underfull \hbox (badness 10000) in paragraph at lines 1019--1024
[]\T1/cmr/m/n/12 Not zero sup-pressed en-er-gies for LaBr3 are stored in
 []


Underfull \hbox (badness 10000) in paragraph at lines 1019--1024
\T1/cmtt/m/n/12 RecLaBr3EnergyDopplerCorrected[i]
 []

[35] [36

]
Chapter 5.

Package hyperref Warning: Token not allowed in a PDF string (PDFDocEncoding):
(hyperref)                removing `math shift' on input line 1043.


Package hyperref Warning: Token not allowed in a PDF string (PDFDocEncoding):
(hyperref)                removing `superscript' on input line 1043.


Package hyperref Warning: Token not allowed in a PDF string (PDFDocEncoding):
(hyperref)                removing `math shift' on input line 1043.


Underfull \hbox (badness 10000) in paragraph at lines 1046--1083
\T1/cmtt/m/n/12 Your input file ./EventGenerator/input/EventGenerator.in should

 []


Underfull \hbox (badness 10000) in paragraph at lines 1046--1083

 []


Underfull \hbox (badness 10000) in paragraph at lines 1046--1083
\T1/cmtt/m/n/12 GAMMAINPUT ./input/60Co.in
 []


Underfull \hbox (badness 10000) in paragraph at lines 1046--1083
\T1/cmtt/m/n/12 NUMBEROFEVENTS 100000
 []


Underfull \hbox (badness 10000) in paragraph at lines 1046--1083
\T1/cmtt/m/n/12 OUTPUTFILE ../tutorial/60CoGenerator.root
 []


Underfull \hbox (badness 10000) in paragraph at lines 1046--1083
\T1/cmtt/m/n/12 END 
 []


Underfull \hbox (badness 10000) in paragraph at lines 1046--1083

 []


Underfull \hbox (badness 10000) in paragraph at lines 1046--1083
\T1/cmtt/m/n/12 The $\OML/cmm/m/it/12 ^^M$\T1/cmtt/m/n/12 -ray decay file shoul
d be ./EventGenerator/input/60Co.in
 []


Underfull \hbox (badness 10000) in paragraph at lines 1046--1083

 []


Underfull \hbox (badness 10000) in paragraph at lines 1046--1083
\T1/cmtt/m/n/12 LEVEL 0 00.00 0000.000 0.00
 []


Underfull \hbox (badness 10000) in paragraph at lines 1046--1083
\T1/cmtt/m/n/12 LEVEL 1 00.12 1332.510 0.90
 []


Underfull \hbox (badness 10000) in paragraph at lines 1046--1083
\T1/cmtt/m/n/12 LEVEL 2 00.00 2158.610 0.00
 []


Underfull \hbox (badness 10000) in paragraph at lines 1046--1083
\T1/cmtt/m/n/12 LEVEL 3 99.88 2505.748 0.30
 []


Underfull \hbox (badness 10000) in paragraph at lines 1046--1083
\T1/cmtt/m/n/12 DECAY 1 0 99.9826
 []


Underfull \hbox (badness 10000) in paragraph at lines 1046--1083
\T1/cmtt/m/n/12 DECAY 2 1 00.0076
 []


Underfull \hbox (badness 10000) in paragraph at lines 1046--1083
\T1/cmtt/m/n/12 DECAY 2 0 00.0012
 []


Underfull \hbox (badness 10000) in paragraph at lines 1046--1083
\T1/cmtt/m/n/12 DECAY 3 2 00.0075
 []


Underfull \hbox (badness 10000) in paragraph at lines 1046--1083
\T1/cmtt/m/n/12 DECAY 3 1 99.85
 []


Underfull \hbox (badness 10000) in paragraph at lines 1046--1083
\T1/cmtt/m/n/12 DECAY 2 0 00.0000020
 []


Underfull \hbox (badness 10000) in paragraph at lines 1046--1083

 []


Underfull \hbox (badness 10000) in paragraph at lines 1046--1083

 []


Underfull \hbox (badness 10000) in paragraph at lines 1046--1083
\T1/cmtt/m/n/12 EventGenerator run_nothing.mac 
 []


Underfull \hbox (badness 10000) in paragraph at lines 1046--1083

 []


Underfull \hbox (badness 10000) in paragraph at lines 1046--1083
\T1/cmtt/m/n/12 into the command line. This will start the Event Generator
 []

[37]
Underfull \hbox (badness 10000) in paragraph at lines 1085--1106
\T1/cmtt/m/n/12 Your input file ./EventBuilderRIKEN/input/EventBuilder.in
 []


Underfull \hbox (badness 10000) in paragraph at lines 1085--1106

 []


Underfull \hbox (badness 10000) in paragraph at lines 1085--1106
\T1/cmtt/m/n/12 INPUTFILE ../tutorial/60CoGenerator.root
 []


Underfull \hbox (badness 10000) in paragraph at lines 1085--1106
\T1/cmtt/m/n/12 OUTPUTFILE ../tutorial/60CoBuilder.root
 []


Underfull \hbox (badness 10000) in paragraph at lines 1085--1106
\T1/cmtt/m/n/12 SHOGUNINCLUDE 1
 []


Underfull \hbox (badness 10000) in paragraph at lines 1085--1106
\T1/cmtt/m/n/12 SHOGUNENERGYRESOLUTION 2 0.7 0.5
 []


Underfull \hbox (badness 10000) in paragraph at lines 1085--1106
\T1/cmtt/m/n/12 END 
 []


Underfull \hbox (badness 10000) in paragraph at lines 1085--1106

 []


Underfull \hbox (badness 10000) in paragraph at lines 1085--1106
\T1/cmtt/m/n/12 EventBuilder run_nothing.mac 
 []


Underfull \hbox (badness 10000) in paragraph at lines 1085--1106

 []


Underfull \hbox (badness 10000) in paragraph at lines 1085--1106
\T1/cmtt/m/n/12 into the command line. This will run the Event Builder and
 []


Underfull \hbox (badness 10000) in paragraph at lines 1108--1141
\T1/cmtt/m/n/12 Your input file .Reconstructor/input/Dali2Reconstructor.in
 []


Underfull \hbox (badness 10000) in paragraph at lines 1108--1141

 []


Underfull \hbox (badness 10000) in paragraph at lines 1108--1141
\T1/cmtt/m/n/12 INPUTFILE ../tutorial/60CoBuilder.root
 []


Underfull \hbox (badness 10000) in paragraph at lines 1108--1141
\T1/cmtt/m/n/12 OUTPUTFILE ../tutorial/60CoReconstructor.root
 []


Underfull \hbox (badness 10000) in paragraph at lines 1108--1141
\T1/cmtt/m/n/12 SPECTRABINANDRANGE 400 0. 4000.
 []


Underfull \hbox (badness 10000) in paragraph at lines 1108--1141
\T1/cmtt/m/n/12 END 
 []


Underfull \hbox (badness 10000) in paragraph at lines 1108--1141

 []


Underfull \hbox (badness 10000) in paragraph at lines 1108--1141
\T1/cmtt/m/n/12 Go into the directory Reconstructor and open a ROOT-session
 []


Underfull \hbox (badness 10000) in paragraph at lines 1108--1141
\T1/cmtt/m/n/12 by typing root into the shell. Yuo have to load/compile the
 []


Underfull \hbox (badness 10000) in paragraph at lines 1108--1141

 []


Underfull \hbox (badness 10000) in paragraph at lines 1108--1141
\T1/cmtt/m/n/12 root[].L ShogunReconstructorSimple.C+
 []


Underfull \hbox (badness 10000) in paragraph at lines 1108--1141

 []


Underfull \hbox (badness 10000) in paragraph at lines 1108--1141

 []


Underfull \hbox (badness 10000) in paragraph at lines 1108--1141
\T1/cmtt/m/n/12 root[]ShogunReconstructorSimple()
 []


Underfull \hbox (badness 10000) in paragraph at lines 1108--1141

 []


Underfull \hbox (badness 10000) in paragraph at lines 1108--1141
\T1/cmtt/m/n/12 You can take a look into the created spectra with the TBrowser
 []


Underfull \hbox (badness 10000) in paragraph at lines 1108--1141

 []


Underfull \hbox (badness 10000) in paragraph at lines 1108--1141
\T1/cmtt/m/n/12 root[]TBrowser b;
 []


Underfull \hbox (badness 10000) in paragraph at lines 1108--1141

 []


Underfull \hbox (badness 10000) in paragraph at lines 1108--1141

 []

[38] [39] [40

]
Chapter 6.

Underfull \hbox (badness 10000) in paragraph at lines 1145--1147
\T1/cmtt/m/n/12 It is understood that the simulation has room for improvements.

 []


Underfull \hbox (badness 10000) in paragraph at lines 1145--1147
\T1/cmtt/m/n/12 The subsequent list enumarates objects and features that need
 []

LaTeX Font Info:    Try loading font information for OMS+cmtt on input line 115
0.
LaTeX Font Info:    No file OMScmtt.fd. on input line 1150.

LaTeX Font Warning: Font shape `OMS/cmtt/m/n' undefined
(Font)              using `OMS/cmsy/m/n' instead
(Font)              for symbol `textbullet' on input line 1150.


LaTeX Warning: Citation `GOLDHABER' on page 41 undefined on input line 1150.


Underfull \hbox (badness 10000) in paragraph at lines 1150--1152
[]\T1/cmtt/m/n/12 The longitudinal momentum spread from the fragmentation
 []


Underfull \hbox (badness 10000) in paragraph at lines 1150--1152
\T1/cmtt/m/n/12 is included (Goldhaber formula [[]]), however, the
 []


Underfull \hbox (badness 10000) in paragraph at lines 1150--1152
\T1/cmtt/m/n/12 perpendicular momentum spread is not. Instead, a $\OML/cmm/m/it
/12 #$\T1/cmtt/m/n/12 -spread
 []


Underfull \hbox (badness 10000) in paragraph at lines 1152--1153
[]\T1/cmtt/m/n/12 The Angular straggling from the energy loss of the heavy
 []


Underfull \hbox (badness 10000) in paragraph at lines 1154--1157
[]\T1/cmtt/m/n/12 An important issue for a precise Doppler correction is an
 []


Underfull \hbox (badness 10000) in paragraph at lines 1154--1157
\T1/cmtt/m/n/12 accurate measurement of the heavy ion trajectory. It is
 []


Underfull \hbox (badness 10000) in paragraph at lines 1154--1157
\T1/cmtt/m/n/12 desirable to improve the users options and to enable the
 []


Underfull \hbox (badness 10000) in paragraph at lines 1154--1157
\T1/cmtt/m/n/12 placing of position detectors at different positions along
 []


Underfull \hbox (badness 10000) in paragraph at lines 1157--1158
[]\T1/cmtt/m/n/12 A routine that checks if the detectors overlap has to be
 []


Underfull \hbox (badness 10000) in paragraph at lines 1158--1160
\T1/cmtt/m/n/12 (Note: the routine from Dali2Reconstructor.C works quite
 []

No file Manual20140326.bbl.
Package atveryend Info: Empty hook `BeforeClearDocument' on input line 1165.
[41]
Package atveryend Info: Empty hook `AfterLastShipout' on input line 1165.
 (./Manual20140326.aux)
Package atveryend Info: Empty hook `AtVeryEndDocument' on input line 1165.
Package atveryend Info: Executing hook `AtEndAfterFileList' on input line 1165.

Package rerunfilecheck Info: File `Manual20140326.out' has not changed.
(rerunfilecheck)             Checksum: 5D04DB6E22EDAA4BD3EE8990ED84F630;2257.


LaTeX Font Warning: Some font shapes were not available, defaults substituted.


LaTeX Warning: There were undefined references.

Package atveryend Info: Empty hook `AtVeryVeryEnd' on input line 1165.
 )
(\end occurred inside a group at level 1)

### simple group (level 1) entered at line 1021 ({)
### bottom level 
Here is how much of TeX's memory you used:
 5657 strings out of 493992
 80169 string characters out of 6153591
 170377 words of memory out of 5000000
 9015 multiletter control sequences out of 15000+600000
 26047 words of font info for 72 fonts, out of 8000000 for 9000
 483 hyphenation exceptions out of 8191
 29i,8n,31p,623b,394s stack positions out of 5000i,500n,10000p,200000b,80000s

Output written on Manual20140326.dvi (41 pages, 111940 bytes).
