This is pdfTeX, Version 3.1415926-2.5-1.40.14 (TeX Live 2013/Debian) (format=latex 2016.2.17)  1 MAR 2017 14:28
entering extended mode
 restricted \write18 enabled.
 %&-line parsing enabled.
**Manual.tex
(./Manual.tex
LaTeX2e <2011/06/27>
Babel <3.9h> and hyphenation patterns for 78 languages loaded.
(/usr/share/texlive/texmf-dist/tex/latex/base/book.cls
Document Class: book 2007/10/19 v1.4h Standard LaTeX document class
(/usr/share/texlive/texmf-dist/tex/latex/base/bk12.clo
File: bk12.clo 2007/10/19 v1.4h Standard LaTeX file (size option)
)
\c@part=\count79
\c@chapter=\count80
\c@section=\count81
\c@subsection=\count82
\c@subsubsection=\count83
\c@paragraph=\count84
\c@subparagraph=\count85
\c@figure=\count86
\c@table=\count87
\abovecaptionskip=\skip41
\belowcaptionskip=\skip42
\bibindent=\dimen102
)
(/usr/share/texlive/texmf-dist/tex/latex/amsfonts/amssymb.sty
Package: amssymb 2013/01/14 v3.01 AMS font symbols

(/usr/share/texlive/texmf-dist/tex/latex/amsfonts/amsfonts.sty
Package: amsfonts 2013/01/14 v3.01 Basic AMSFonts support
\@emptytoks=\toks14
\symAMSa=\mathgroup4
\symAMSb=\mathgroup5
LaTeX Font Info:    Overwriting math alphabet `\mathfrak' in version `bold'
(Font)                  U/euf/m/n --> U/euf/b/n on input line 106.
))
(/usr/share/texlive/texmf-dist/tex/latex/amsmath/amscd.sty
Package: amscd 1999/11/29 v2.0

(/usr/share/texlive/texmf-dist/tex/latex/amsmath/amsgen.sty
File: amsgen.sty 1999/11/30 v2.0
\@emptytoks=\toks15
\ex@=\dimen103
)
\athelp@=\toks16
\minaw@=\dimen104
\bigaw@=\dimen105
\minCDarrowwidth=\dimen106
)
(/usr/share/texlive/texmf-dist/tex/latex/base/inputenc.sty
Package: inputenc 2008/03/30 v1.1d Input encoding file
\inpenc@prehook=\toks17
\inpenc@posthook=\toks18

(/usr/share/texlive/texmf-dist/tex/latex/base/latin1.def
File: latin1.def 2008/03/30 v1.1d Input encoding file
))
(/usr/share/texlive/texmf-dist/tex/latex/base/fontenc.sty
Package: fontenc 2005/09/27 v1.99g Standard LaTeX package

(/usr/share/texlive/texmf-dist/tex/latex/base/t1enc.def
File: t1enc.def 2005/09/27 v1.99g Standard LaTeX file
LaTeX Font Info:    Redeclaring font encoding T1 on input line 43.
))
(/usr/share/texlive/texmf-dist/tex/latex/amsmath/amsmath.sty
Package: amsmath 2013/01/14 v2.14 AMS math features
\@mathmargin=\skip43

For additional information on amsmath, use the `?' option.
(/usr/share/texlive/texmf-dist/tex/latex/amsmath/amstext.sty
Package: amstext 2000/06/29 v2.01
)
(/usr/share/texlive/texmf-dist/tex/latex/amsmath/amsbsy.sty
Package: amsbsy 1999/11/29 v1.2d
\pmbraise@=\dimen107
)
(/usr/share/texlive/texmf-dist/tex/latex/amsmath/amsopn.sty
Package: amsopn 1999/12/14 v2.01 operator names
)
\inf@bad=\count88
LaTeX Info: Redefining \frac on input line 210.
\uproot@=\count89
\leftroot@=\count90
LaTeX Info: Redefining \overline on input line 306.
\classnum@=\count91
\DOTSCASE@=\count92
LaTeX Info: Redefining \ldots on input line 378.
LaTeX Info: Redefining \dots on input line 381.
LaTeX Info: Redefining \cdots on input line 466.
\Mathstrutbox@=\box26
\strutbox@=\box27
\big@size=\dimen108
LaTeX Font Info:    Redeclaring font encoding OML on input line 566.
LaTeX Font Info:    Redeclaring font encoding OMS on input line 567.
\macc@depth=\count93
\c@MaxMatrixCols=\count94
\dotsspace@=\muskip10
\c@parentequation=\count95
\dspbrk@lvl=\count96
\tag@help=\toks19
\row@=\count97
\column@=\count98
\maxfields@=\count99
\andhelp@=\toks20
\eqnshift@=\dimen109
\alignsep@=\dimen110
\tagshift@=\dimen111
\tagwidth@=\dimen112
\totwidth@=\dimen113
\lineht@=\dimen114
\@envbody=\toks21
\multlinegap=\skip44
\multlinetaggap=\skip45
\mathdisplay@stack=\toks22
LaTeX Info: Redefining \[ on input line 2665.
LaTeX Info: Redefining \] on input line 2666.
) (./Manual.aux)
\openout1 = `Manual.aux'.

LaTeX Font Info:    Checking defaults for OML/cmm/m/it on input line 14.
LaTeX Font Info:    ... okay on input line 14.
LaTeX Font Info:    Checking defaults for T1/cmr/m/n on input line 14.
LaTeX Font Info:    ... okay on input line 14.
LaTeX Font Info:    Checking defaults for OT1/cmr/m/n on input line 14.
LaTeX Font Info:    ... okay on input line 14.
LaTeX Font Info:    Checking defaults for OMS/cmsy/m/n on input line 14.
LaTeX Font Info:    ... okay on input line 14.
LaTeX Font Info:    Checking defaults for OMX/cmex/m/n on input line 14.
LaTeX Font Info:    ... okay on input line 14.
LaTeX Font Info:    Checking defaults for U/cmr/m/n on input line 14.
LaTeX Font Info:    ... okay on input line 14.
LaTeX Font Info:    Try loading font information for U+msa on input line 23.

(/usr/share/texlive/texmf-dist/tex/latex/amsfonts/umsa.fd
File: umsa.fd 2013/01/14 v3.01 AMS symbols A
)
LaTeX Font Info:    Try loading font information for U+msb on input line 23.

(/usr/share/texlive/texmf-dist/tex/latex/amsfonts/umsb.fd
File: umsb.fd 2013/01/14 v3.01 AMS symbols B
) [1


] [2

]
(./Manual.toc
LaTeX Font Info:    Try loading font information for T1+cmtt on input line 13.
 (/usr/share/texlive/texmf-dist/tex/latex/base/t1cmtt.fd
File: t1cmtt.fd 1999/05/25 v2.5h Standard LaTeX font definitions
))
\tf@toc=\write3
\openout3 = `Manual.toc'.


[3] [4

]
Chapter 1.

Underfull \hbox (badness 10000) in paragraph at lines 28--39

 []

LaTeX Font Info:    Try loading font information for OMS+cmr on input line 40.
(/usr/share/texlive/texmf-dist/tex/latex/base/omscmr.fd
File: omscmr.fd 1999/05/25 v2.5h Standard LaTeX font definitions
)
LaTeX Font Info:    Font shape `OMS/cmr/m/n' in size <12> not available
(Font)              Font shape `OMS/cmsy/m/n' tried instead on input line 40.

Underfull \hbox (badness 10000) in paragraph at lines 49--58

 []

[5]
Underfull \hbox (badness 10000) in paragraph at lines 68--72
\T1/cmtt/m/n/12 http://root.cern.ch/\T1/cmr/m/n/12 .
 []


Underfull \hbox (badness 10000) in paragraph at lines 74--92

 []


Underfull \hbox (badness 10000) in paragraph at lines 74--92
\T1/cmtt/m/n/12 tar -zxf Geant4Shogun.1.1.4.tar.gz.
 []


Underfull \hbox (badness 10000) in paragraph at lines 74--92

 []


Underfull \hbox (badness 1152) in paragraph at lines 74--92
\T1/cmr/m/n/12 This will cre-ate the sub-folders \T1/cmtt/m/n/12 EventGenerator
\T1/cmr/m/n/12 , \T1/cmtt/m/n/12 EventBuilder\T1/cmr/m/n/12 , and
 []

[6]
Chapter 2.

Underfull \hbox (badness 10000) in paragraph at lines 95--104

 []


Underfull \hbox (badness 10000) in paragraph at lines 95--104
\T1/cmtt/m/n/12 make all
 []


Underfull \hbox (badness 10000) in paragraph at lines 95--104

 []


Underfull \hbox (badness 3098) in paragraph at lines 107--114
\T1/cmr/m/n/12 To change the pa-ram-e-ters of the Event Gen-er-a-tor, open the 
file
 []

[7

] [8]
Underfull \hbox (badness 1436) in paragraph at lines 167--170
\T1/cmr/m/n/12 An-gu-lar Broad-en-ing caused by the re-ac-tion in the tar-get. 
If
 []


Underfull \hbox (badness 10000) in paragraph at lines 170--171

 []

[9]
Underfull \hbox (badness 2990) in paragraph at lines 202--215
\T1/cmr/m/n/12 re-sponds to uni-form dis-tri-bu-tion. Only an-gu-lar dis-tri-bu
-tions
 []


Underfull \hbox (badness 1546) in paragraph at lines 202--215
\T1/cmr/m/n/12 of quadrupole tran-si-tions from the $\OT1/cmr/m/n/12 2[]$ \T1/c
mr/m/n/12 state can be sim-u-lated.
 []


Underfull \hbox (badness 10000) in paragraph at lines 202--215

 []


Underfull \hbox (badness 10000) in paragraph at lines 202--215
\T1/cmtt/m/n/12 2200: J,M 2,2-> 0,0
 []


Underfull \hbox (badness 10000) in paragraph at lines 202--215
\T1/cmtt/m/n/12 2100: J,M 2,1->0,0
 []


Underfull \hbox (badness 10000) in paragraph at lines 202--215
\T1/cmtt/m/n/12 2000: J,M 2,0 -> 0,0
 []


Underfull \hbox (badness 10000) in paragraph at lines 202--215

 []


Underfull \hbox (badness 10000) in paragraph at lines 202--215

 []


Underfull \hbox (badness 10000) in paragraph at lines 202--215

 []

[10]
Underfull \hbox (badness 10000) in paragraph at lines 241--258

 []


Underfull \hbox (badness 10000) in paragraph at lines 241--258
\T1/cmtt/m/n/12 LEVEL 0 0. 0. 0.
 []


Underfull \hbox (badness 10000) in paragraph at lines 241--258
\T1/cmtt/m/n/12 LEVEL 1 67. 1000. 10.
 []


Underfull \hbox (badness 10000) in paragraph at lines 241--258
\T1/cmtt/m/n/12 LEVEL 2 33. 1500. 20.
 []


Underfull \hbox (badness 10000) in paragraph at lines 241--258
\T1/cmtt/m/n/12 DECAY 1 0 100.
 []


Underfull \hbox (badness 10000) in paragraph at lines 241--258
\T1/cmtt/m/n/12 DECAY 2 1 100.
 []


Underfull \hbox (badness 10000) in paragraph at lines 241--258
\T1/cmtt/m/n/12 DECAY 2 0 1.
 []


Underfull \hbox (badness 10000) in paragraph at lines 241--258

 []


Underfull \hbox (badness 10000) in paragraph at lines 241--258

 []

[11]
Underfull \hbox (badness 10000) in paragraph at lines 261--265

 []


Underfull \hbox (badness 10000) in paragraph at lines 261--265

 []


Underfull \hbox (badness 10000) in paragraph at lines 285--293

 []


Underfull \hbox (badness 10000) in paragraph at lines 285--293
\T1/cmtt/m/n/12 EventGenerator run_noting.mac 
 []


Underfull \hbox (badness 10000) in paragraph at lines 285--293

 []


Underfull \hbox (badness 1067) in paragraph at lines 285--293
\T1/cmr/m/n/12 Omit-ting a file-name will bring the Event Gen-er-a-tor into the
 ``stan-
 []


Underfull \vbox (badness 1502) has occurred while \output is active []

 [12]
[13] [14

]
Chapter 3.

Underfull \hbox (badness 10000) in paragraph at lines 296--305

 []


Underfull \hbox (badness 10000) in paragraph at lines 296--305
\T1/cmtt/m/n/12 make all
 []


Underfull \hbox (badness 10000) in paragraph at lines 296--305

 []


Underfull \hbox (badness 10000) in paragraph at lines 296--305

 []


Underfull \hbox (badness 5637) in paragraph at lines 308--314
\T1/cmr/m/n/12 To change the pa-ram-e-ters of the Event Builder, open the file
 []


Underfull \hbox (badness 10000) in paragraph at lines 367--368

 []

[15] [16] [17]
Underfull \hbox (badness 7273) in paragraph at lines 398--401
\T1/cmr/m/n/12 If i=1, the en-ergy res-o-lu-tion is read from the file ./in-
 []


Underfull \hbox (badness 10000) in paragraph at lines 398--401
\T1/cmr/m/n/12 put/Dali2Resolution.txt. The global res-o-lu-tion given in
 []


Underfull \hbox (badness 10000) in paragraph at lines 422--443

 []


Underfull \hbox (badness 10000) in paragraph at lines 422--443
\T1/cmtt/m/n/12 ./input/TargetHolder.in
 []


Underfull \hbox (badness 10000) in paragraph at lines 422--443

 []


Underfull \hbox (badness 10000) in paragraph at lines 422--443

 []


Underfull \hbox (badness 10000) in paragraph at lines 422--443
\T1/cmtt/m/n/12 0 SetTargetPosition X
 []


Underfull \hbox (badness 10000) in paragraph at lines 422--443
\T1/cmtt/m/n/12 P MATERIAL THICKNESS
 []


Underfull \hbox (badness 10000) in paragraph at lines 422--443
\T1/cmtt/m/n/12 .
 []


Underfull \hbox (badness 10000) in paragraph at lines 422--443
\T1/cmtt/m/n/12 .
 []


Underfull \hbox (badness 10000) in paragraph at lines 422--443
\T1/cmtt/m/n/12 .
 []


Underfull \hbox (badness 10000) in paragraph at lines 422--443

 []


Underfull \hbox (badness 10000) in paragraph at lines 422--443

 []

[18]
Underfull \hbox (badness 10000) in paragraph at lines 456--465

 []


Underfull \hbox (badness 10000) in paragraph at lines 456--465
\T1/cmtt/m/n/12 ./geometry/dali2_geometry_in.txt
 []


Underfull \hbox (badness 10000) in paragraph at lines 456--465
\T1/cmtt/m/n/12 ./geometry/shogun_geometry_in.txt
 []


Underfull \hbox (badness 10000) in paragraph at lines 456--465
\T1/cmtt/m/n/12 ./geometry/grape_geometry_in.txt
 []


Underfull \hbox (badness 10000) in paragraph at lines 456--465
\T1/cmtt/m/n/12 ./geometry/sgt_geometry_in.txt
 []


Underfull \hbox (badness 10000) in paragraph at lines 456--465

 []


Underfull \hbox (badness 10000) in paragraph at lines 456--465

 []


Underfull \hbox (badness 10000) in paragraph at lines 456--465

 []

[19]
Underfull \hbox (badness 10000) in paragraph at lines 466--475

 []


Underfull \hbox (badness 10000) in paragraph at lines 466--475
\T1/cmtt/m/n/12 ID (TYPE) THETA PHI RADIUS
 []


Underfull \hbox (badness 10000) in paragraph at lines 466--475

 []


Underfull \hbox (badness 10000) in paragraph at lines 466--475

 []


Underfull \hbox (badness 10000) in paragraph at lines 478--492

 []


Underfull \hbox (badness 10000) in paragraph at lines 478--492
\T1/cmtt/m/n/12 POSX POSY POSZ PSI THETA PHI ROTSIGN DETTYPE
 []


Underfull \hbox (badness 10000) in paragraph at lines 478--492
\T1/cmtt/m/n/12 .
 []


Underfull \hbox (badness 10000) in paragraph at lines 478--492
\T1/cmtt/m/n/12 .
 []


Underfull \hbox (badness 10000) in paragraph at lines 478--492
\T1/cmtt/m/n/12 .
 []


Underfull \hbox (badness 10000) in paragraph at lines 478--492

 []


Underfull \hbox (badness 10000) in paragraph at lines 478--492

 []


Underfull \hbox (badness 1708) in paragraph at lines 478--492
\T1/cmr/m/n/12 The crys-tals' po-si-tions are not cen-tered within their outer 
hous-ing,
 []


Underfull \hbox (badness 10000) in paragraph at lines 495--508

 []


Underfull \hbox (badness 10000) in paragraph at lines 495--508
\T1/cmtt/m/n/12 ID RING TYPE X Y Z RADIUS THETA PHI SIZEX2 SIZEX1 SIZEY2 SIZEY1

 []


Underfull \hbox (badness 10000) in paragraph at lines 495--508
\T1/cmtt/m/n/12 SIZEZ
 []


Underfull \hbox (badness 10000) in paragraph at lines 495--508
\T1/cmtt/m/n/12 .
 []


Underfull \hbox (badness 10000) in paragraph at lines 495--508
\T1/cmtt/m/n/12 .
 []


Underfull \hbox (badness 10000) in paragraph at lines 495--508
\T1/cmtt/m/n/12 .
 []


Underfull \hbox (badness 10000) in paragraph at lines 495--508

 []


Underfull \hbox (badness 10000) in paragraph at lines 495--508

 []


Underfull \hbox (badness 4168) in paragraph at lines 495--508
\T1/cmr/m/n/12 The in-put val-ues \T1/cmtt/m/n/12 ID, RING, TYPE, \T1/cmr/m/n/1
2 and \T1/cmtt/m/n/12 RADIUS \T1/cmr/m/n/12 stem from Heiko
 []

[20]
LaTeX Font Info:    Font shape `T1/cmtt/bx/n' in size <14.4> not available
(Font)              Font shape `T1/cmtt/m/n' tried instead on input line 509.

Underfull \hbox (badness 10000) in paragraph at lines 531--540

 []


Underfull \hbox (badness 10000) in paragraph at lines 531--540
\T1/cmtt/m/n/12 X Y Z PSI THETA PHI
 []


Underfull \hbox (badness 10000) in paragraph at lines 531--540
\T1/cmtt/m/n/12 .
 []


Underfull \hbox (badness 10000) in paragraph at lines 531--540
\T1/cmtt/m/n/12 .
 []


Underfull \hbox (badness 10000) in paragraph at lines 531--540
\T1/cmtt/m/n/12 .
 []


Underfull \hbox (badness 10000) in paragraph at lines 531--540

 []


Underfull \hbox (badness 10000) in paragraph at lines 531--540

 []


Underfull \hbox (badness 10000) in paragraph at lines 531--540

 []

[21]
Underfull \hbox (badness 10000) in paragraph at lines 545--554

 []


Underfull \hbox (badness 10000) in paragraph at lines 545--554
\T1/cmtt/m/n/12 X Y Z PHI
 []


Underfull \hbox (badness 10000) in paragraph at lines 545--554
\T1/cmtt/m/n/12 .
 []


Underfull \hbox (badness 10000) in paragraph at lines 545--554
\T1/cmtt/m/n/12 .
 []


Underfull \hbox (badness 10000) in paragraph at lines 545--554
\T1/cmtt/m/n/12 .
 []


Underfull \hbox (badness 10000) in paragraph at lines 545--554

 []


Underfull \hbox (badness 10000) in paragraph at lines 545--554

 []


Underfull \hbox (badness 10000) in paragraph at lines 545--554

 []


Underfull \hbox (badness 10000) in paragraph at lines 558--577

 []


Underfull \hbox (badness 10000) in paragraph at lines 558--577
\T1/cmtt/m/n/12 EventBuilder run_noting.mac 
 []


Underfull \hbox (badness 10000) in paragraph at lines 558--577

 []


Underfull \hbox (badness 10000) in paragraph at lines 558--577

 []


Underfull \hbox (badness 10000) in paragraph at lines 558--577
\T1/cmtt/m/n/12 /vis/viewer/flush 
 []


Underfull \hbox (badness 10000) in paragraph at lines 558--577

 []

[22]
Chapter 4.

Underfull \hbox (badness 5490) in paragraph at lines 581--598
\T1/cmr/m/n/12 The Re-con-struc-tor per-forms the Doppler cor-rec-tion of the s
im-u-
 []


Underfull \hbox (badness 10000) in paragraph at lines 581--598

 []


Underfull \hbox (badness 10000) in paragraph at lines 581--598
\T1/cmtt/m/n/12 root [0] .L ShogunReconstructor.C+ 
 []


Underfull \hbox (badness 10000) in paragraph at lines 581--598

 []


Underfull \hbox (badness 10000) in paragraph at lines 581--598

 []


Underfull \hbox (badness 10000) in paragraph at lines 581--598
\T1/cmtt/m/n/12 root [1] ShogunReconstructor() 
 []


Underfull \hbox (badness 10000) in paragraph at lines 581--598

 []


Underfull \hbox (badness 10000) in paragraph at lines 581--598

 []

[23

] [24]
Underfull \hbox (badness 10000) in paragraph at lines 673--683

 []


Underfull \hbox (badness 10000) in paragraph at lines 673--683
\T1/cmtt/m/n/12 root [2] TBrowser b; 
 []


Underfull \hbox (badness 10000) in paragraph at lines 673--683

 []

[25] [26

]
Chapter 5.

Underfull \hbox (badness 10000) in paragraph at lines 689--726

 []


Underfull \hbox (badness 10000) in paragraph at lines 689--726
\T1/cmtt/m/n/12 GAMMAINPUT ./input/60Co.in
 []


Underfull \hbox (badness 10000) in paragraph at lines 689--726
\T1/cmtt/m/n/12 NUMBEROFEVENTS 100000
 []


Underfull \hbox (badness 10000) in paragraph at lines 689--726
\T1/cmtt/m/n/12 OUTPUTFILE ../tutorial/60CoGenerator.root
 []


Underfull \hbox (badness 10000) in paragraph at lines 689--726
\T1/cmtt/m/n/12 END 
 []


Underfull \hbox (badness 10000) in paragraph at lines 689--726

 []


Underfull \hbox (badness 5592) in paragraph at lines 689--726
\T1/cmr/m/n/12 The $\OML/cmm/m/it/12 ^^M$\T1/cmr/m/n/12 -ray de-cay file should
 be \T1/cmtt/m/n/12 ./EventGenerator/input/60Co.in
 []


Underfull \hbox (badness 10000) in paragraph at lines 689--726

 []


Underfull \hbox (badness 10000) in paragraph at lines 689--726
\T1/cmtt/m/n/12 LEVEL 0 00.00 0000.000 0.00
 []


Underfull \hbox (badness 10000) in paragraph at lines 689--726
\T1/cmtt/m/n/12 LEVEL 1 00.12 1332.510 0.90
 []


Underfull \hbox (badness 10000) in paragraph at lines 689--726
\T1/cmtt/m/n/12 LEVEL 2 00.00 2158.610 0.00
 []


Underfull \hbox (badness 10000) in paragraph at lines 689--726
\T1/cmtt/m/n/12 LEVEL 3 99.88 2505.748 0.30
 []


Underfull \hbox (badness 10000) in paragraph at lines 689--726
\T1/cmtt/m/n/12 DECAY 1 0 99.9826
 []


Underfull \hbox (badness 10000) in paragraph at lines 689--726
\T1/cmtt/m/n/12 DECAY 2 1 00.0076
 []


Underfull \hbox (badness 10000) in paragraph at lines 689--726
\T1/cmtt/m/n/12 DECAY 2 0 00.0012
 []


Underfull \hbox (badness 10000) in paragraph at lines 689--726
\T1/cmtt/m/n/12 DECAY 3 2 00.0075
 []


Underfull \hbox (badness 10000) in paragraph at lines 689--726
\T1/cmtt/m/n/12 DECAY 3 1 99.85
 []


Underfull \hbox (badness 10000) in paragraph at lines 689--726
\T1/cmtt/m/n/12 DECAY 2 0 00.0000020
 []


Underfull \hbox (badness 10000) in paragraph at lines 689--726

 []


Underfull \hbox (badness 10000) in paragraph at lines 689--726

 []


Underfull \hbox (badness 10000) in paragraph at lines 689--726
\T1/cmtt/m/n/12 EventGenerator run_nothing.mac 
 []


Underfull \hbox (badness 10000) in paragraph at lines 689--726

 []

[27]
Underfull \hbox (badness 1831) in paragraph at lines 728--749
\T1/cmr/m/n/12 Your in-put file \T1/cmtt/m/n/12 ./EventBuilderRIKEN/input/Event
Builder.in \T1/cmr/m/n/12 should
 []


Underfull \hbox (badness 10000) in paragraph at lines 728--749

 []


Underfull \hbox (badness 10000) in paragraph at lines 728--749
\T1/cmtt/m/n/12 INPUTFILE ../tutorial/60CoGenerator.root
 []


Underfull \hbox (badness 10000) in paragraph at lines 728--749
\T1/cmtt/m/n/12 OUTPUTFILE ../tutorial/60CoBuilder.root
 []


Underfull \hbox (badness 10000) in paragraph at lines 728--749
\T1/cmtt/m/n/12 SHOGUNINCLUDE 1
 []


Underfull \hbox (badness 10000) in paragraph at lines 728--749
\T1/cmtt/m/n/12 SHOGUNENERGYRESOLUTION 2 0.7 0.5
 []


Underfull \hbox (badness 10000) in paragraph at lines 728--749
\T1/cmtt/m/n/12 END 
 []


Underfull \hbox (badness 10000) in paragraph at lines 728--749

 []


Underfull \hbox (badness 10000) in paragraph at lines 728--749
\T1/cmtt/m/n/12 EventBuilder run_nothing.mac 
 []


Underfull \hbox (badness 10000) in paragraph at lines 728--749

 []


Underfull \hbox (badness 10000) in paragraph at lines 751--784

 []


Underfull \hbox (badness 10000) in paragraph at lines 751--784
\T1/cmtt/m/n/12 INPUTFILE ../tutorial/60CoBuilder.root
 []


Underfull \hbox (badness 10000) in paragraph at lines 751--784
\T1/cmtt/m/n/12 OUTPUTFILE ../tutorial/60CoReconstructor.root
 []


Underfull \hbox (badness 10000) in paragraph at lines 751--784
\T1/cmtt/m/n/12 SPECTRABINANDRANGE 400 0. 4000.
 []


Underfull \hbox (badness 10000) in paragraph at lines 751--784
\T1/cmtt/m/n/12 END 
 []


Underfull \hbox (badness 10000) in paragraph at lines 751--784

 []


Underfull \hbox (badness 1325) in paragraph at lines 751--784
\T1/cmr/m/n/12 Go into the di-rec-tory \T1/cmtt/m/n/12 Reconstructor \T1/cmr/m/
n/12 and open a ROOT-session by
 []


Underfull \hbox (badness 10000) in paragraph at lines 751--784

 []


Underfull \hbox (badness 10000) in paragraph at lines 751--784
\T1/cmtt/m/n/12 root[].L ShogunReconstructorSimple.C+
 []


Underfull \hbox (badness 10000) in paragraph at lines 751--784

 []


Underfull \hbox (badness 10000) in paragraph at lines 751--784

 []


Underfull \hbox (badness 10000) in paragraph at lines 751--784
\T1/cmtt/m/n/12 root[]ShogunReconstructorSimple()
 []


Underfull \hbox (badness 10000) in paragraph at lines 751--784

 []


Underfull \hbox (badness 10000) in paragraph at lines 751--784

 []


Underfull \hbox (badness 10000) in paragraph at lines 751--784
\T1/cmtt/m/n/12 root[]TBrowser b;
 []


Underfull \hbox (badness 10000) in paragraph at lines 751--784

 []


Underfull \hbox (badness 10000) in paragraph at lines 751--784

 []

[28] [29] [30

]
Chapter 6.
(./Manual.bbl [31] [32

]) [33] (./Manual.aux) ) 
Here is how much of TeX's memory you used:
 1524 strings out of 493305
 16947 string characters out of 6139897
 74221 words of memory out of 5000000
 4986 multiletter control sequences out of 15000+600000
 23053 words of font info for 68 fonts, out of 8000000 for 9000
 957 hyphenation exceptions out of 8191
 25i,8n,26p,233b,212s stack positions out of 5000i,500n,10000p,200000b,80000s

Output written on Manual.dvi (33 pages, 51208 bytes).
