   0    0       -nan       -nan       -nan 
   1    0       -nan       -nan       -nan 
   2    0       -nan       -nan       -nan 
   3    0       -nan       -nan       -nan 
   4    0       -nan       -nan       -nan 
   5    0       -nan       -nan       -nan 
   6    0       -nan       -nan       -nan 
   7    0       -nan       -nan       -nan 
   8    0       -nan       -nan       -nan 
   9    0       -nan       -nan       -nan 
  10    0       -nan       -nan       -nan 
  11    0       -nan       -nan       -nan 
  12    0       -nan       -nan       -nan 
  13    0       -nan       -nan       -nan 
  14    0       -nan       -nan       -nan 
  15    0       -nan       -nan       -nan 
  16    0       -nan       -nan       -nan 
  17    0       -nan       -nan       -nan 
  18    0       -nan       -nan       -nan 
  19    0       -nan       -nan       -nan 
  20    0       -nan       -nan       -nan 
  21    0       -nan       -nan       -nan 
  22    0       -nan       -nan       -nan 
  23    0       -nan       -nan       -nan 
  24    0       -nan       -nan       -nan 
  25    0       -nan       -nan       -nan 
  26    0       -nan       -nan       -nan 
  27    0       -nan       -nan       -nan 
  28    0       -nan       -nan       -nan 
  29    0       -nan       -nan       -nan 
  30    0       -nan       -nan       -nan 
  31    0       -nan       -nan       -nan 
  32    0       -nan       -nan       -nan 
  33    0       -nan       -nan       -nan 
  34    0       -nan       -nan       -nan 
  35    0       -nan       -nan       -nan 
  36    0       -nan       -nan       -nan 
  37    0       -nan       -nan       -nan 
  38    0       -nan       -nan       -nan 
  39    0       -nan       -nan       -nan 
  40    0       -nan       -nan       -nan 
  41    0       -nan       -nan       -nan 
  42    0       -nan       -nan       -nan 
  43    0       -nan       -nan       -nan 
  44    0       -nan       -nan       -nan 
  45    0       -nan       -nan       -nan 
  46    0       -nan       -nan       -nan 
  47    0       -nan       -nan       -nan 
  48    0       -nan       -nan       -nan 
  49    0       -nan       -nan       -nan 
  50    0       -nan       -nan       -nan 
  51    0       -nan       -nan       -nan 
  52    0       -nan       -nan       -nan 
  53    0       -nan       -nan       -nan 
  54    0       -nan       -nan       -nan 
  55    0       -nan       -nan       -nan 
  56    0       -nan       -nan       -nan 
  57    0       -nan       -nan       -nan 
  58    0       -nan       -nan       -nan 
  59    0       -nan       -nan       -nan 
  60    0       -nan       -nan       -nan 
  61    0       -nan       -nan       -nan 
  62    0       -nan       -nan       -nan 
  63    0       -nan       -nan       -nan 
  64    0       -nan       -nan       -nan 
  65    0       -nan       -nan       -nan 
  66    0       -nan       -nan       -nan 
  67    0       -nan       -nan       -nan 
  68    0       -nan       -nan       -nan 
  69    0       -nan       -nan       -nan 
  70    0       -nan       -nan       -nan 
  71    0       -nan       -nan       -nan 
  72    0       -nan       -nan       -nan 
  73    0       -nan       -nan       -nan 
  74    0       -nan       -nan       -nan 
  75    0       -nan       -nan       -nan 
  76    0       -nan       -nan       -nan 
  77    0       -nan       -nan       -nan 
  78    0       -nan       -nan       -nan 
  79    0       -nan       -nan       -nan 
  80    0       -nan       -nan       -nan 
  81    0       -nan       -nan       -nan 
  82    0       -nan       -nan       -nan 
  83    0       -nan       -nan       -nan 
  84    0       -nan       -nan       -nan 
  85    0       -nan       -nan       -nan 
  86    0       -nan       -nan       -nan 
  87    0       -nan       -nan       -nan 
  88    0       -nan       -nan       -nan 
  89    0       -nan       -nan       -nan 
  90    0       -nan       -nan       -nan 
  91    0       -nan       -nan       -nan 
  92    0       -nan       -nan       -nan 
  93    0       -nan       -nan       -nan 
  94    0       -nan       -nan       -nan 
  95    0       -nan       -nan       -nan 
  96    0       -nan       -nan       -nan 
  97    0       -nan       -nan       -nan 
  98    0       -nan       -nan       -nan 
  99    0       -nan       -nan       -nan 
 100    0       -nan       -nan       -nan 
 101    0       -nan       -nan       -nan 
 102    0       -nan       -nan       -nan 
 103    0       -nan       -nan       -nan 
 104    0       -nan       -nan       -nan 
 105    0       -nan       -nan       -nan 
 106    0       -nan       -nan       -nan 
 107    0       -nan       -nan       -nan 
 108    0       -nan       -nan       -nan 
 109    0       -nan       -nan       -nan 
 110    0       -nan       -nan       -nan 
 111    0       -nan       -nan       -nan 
 112    0       -nan       -nan       -nan 
 113    0       -nan       -nan       -nan 
 114    0       -nan       -nan       -nan 
 115    0       -nan       -nan       -nan 
 116    0       -nan       -nan       -nan 
 117    0       -nan       -nan       -nan 
 118    0       -nan       -nan       -nan 
 119    0       -nan       -nan       -nan 
 120    0       -nan       -nan       -nan 
 121    0       -nan       -nan       -nan 
 122    0       -nan       -nan       -nan 
 123    0       -nan       -nan       -nan 
 124    0       -nan       -nan       -nan 
 125    0       -nan       -nan       -nan 
 126    0       -nan       -nan       -nan 
 127    0       -nan       -nan       -nan 
 128    0       -nan       -nan       -nan 
 129    0       -nan       -nan       -nan 
 130    0       -nan       -nan       -nan 
 131    0       -nan       -nan       -nan 
 132    0       -nan       -nan       -nan 
 133    0       -nan       -nan       -nan 
 134    0       -nan       -nan       -nan 
 135    0       -nan       -nan       -nan 
 136    0       -nan       -nan       -nan 
 137    0       -nan       -nan       -nan 
 138    0       -nan       -nan       -nan 
 139    0       -nan       -nan       -nan 
 140    0       -nan       -nan       -nan 
 141    0       -nan       -nan       -nan 
 142    0       -nan       -nan       -nan 
 143    0       -nan       -nan       -nan 
 144    0       -nan       -nan       -nan 
 145    0       -nan       -nan       -nan 
 146    0       -nan       -nan       -nan 
 147    0       -nan       -nan       -nan 
 148    0       -nan       -nan       -nan 
 149    0       -nan       -nan       -nan 
 150    0       -nan       -nan       -nan 
 151    0       -nan       -nan       -nan 
 152    0       -nan       -nan       -nan 
 153    0       -nan       -nan       -nan 
 154    0       -nan       -nan       -nan 
 155    0       -nan       -nan       -nan 
 156    0       -nan       -nan       -nan 
 157    0       -nan       -nan       -nan 
 158    0       -nan       -nan       -nan 
 159    0       -nan       -nan       -nan 
 160    0       -nan       -nan       -nan 
 161    0       -nan       -nan       -nan 
 162    0       -nan       -nan       -nan 
 163    0       -nan       -nan       -nan 
 164    0       -nan       -nan       -nan 
 165    0       -nan       -nan       -nan 
 166    0       -nan       -nan       -nan 
 167    0       -nan       -nan       -nan 
 168    0       -nan       -nan       -nan 
 169    0       -nan       -nan       -nan 
 170    0       -nan       -nan       -nan 
 171    0       -nan       -nan       -nan 
 172    0       -nan       -nan       -nan 
 173    0       -nan       -nan       -nan 
 174    0       -nan       -nan       -nan 
 175    0       -nan       -nan       -nan 
 176    0       -nan       -nan       -nan 
 177    0       -nan       -nan       -nan 
 178    0       -nan       -nan       -nan 
 179    0       -nan       -nan       -nan 
 180    0       -nan       -nan       -nan 
 181    0       -nan       -nan       -nan 
 182    0       -nan       -nan       -nan 
 183    0       -nan       -nan       -nan 
 184    0       -nan       -nan       -nan 
 185 1004     -11.70       5.49       7.74 
 186 1328      -7.74      10.66       3.90 
 187 1333      -3.86      16.10      -0.05 
 188 1315      -0.01     -11.57      -3.93 
 189 1722       3.89      -7.72      -7.80 
 190 2076       7.73      -3.83     -11.74 
 191 2105      11.65       0.01     -15.76 
 192 1328      15.69       3.88     -19.68 
 193  656      19.44       7.69     -18.30 
 194 2272      17.92      11.60     -19.90 
 195 2209      19.77      15.75     -21.86 
 196 1894      21.55      19.57     -23.75 
 197 1555      23.39      17.49     -22.04 
 198 1876      21.54      19.58     -19.98 
 199 2184      19.70      21.31     -17.92 
 200 2140      17.88      23.26     -17.53 
 201 1344      17.46      21.63     -18.12 
 202  638      17.70      19.63     -11.72 
 203 2031      11.61      17.62      -7.78 
 204 1809       7.68      17.19      -3.89 
 205 1408       3.91      17.43      -0.01 
 206  988       0.03      11.69       3.86 
 207 1081      -3.90       7.73       7.79 
 208   67      -7.77       3.82      11.93 
 209    0       -nan       -nan       -nan 
 210    0       -nan       -nan       -nan 
 211    0       -nan       -nan       -nan 
 212    0       -nan       -nan       -nan 
 213    0       -nan       -nan       -nan 
 214    0       -nan       -nan       -nan 
 215    0       -nan       -nan       -nan 
 216    0       -nan       -nan       -nan 
 217    0       -nan       -nan       -nan 
 218    0       -nan       -nan       -nan 
 219    0       -nan       -nan       -nan 
 220   85     -17.18     -11.76      11.75 
 221 1252     -11.67      -7.77       7.75 
 222 1435      -7.68      -3.82       3.90 
 223 1522      -3.87      -0.10       0.01 
 224 1414      -0.04       3.79      -3.86 
 225 1728       3.83       7.76      -7.82 
 226 2072       7.76      11.75     -11.73 
 227 2229      11.66      15.80     -15.84 
 228 1424      15.73      19.52     -19.56 
 229  750      19.51      17.89     -18.17 
 230 2252      17.91      19.66     -19.88 
 231 2181      19.81      21.73     -21.90 
 232 2006      21.57      23.20     -23.53 
 233 1656      23.31      21.57     -21.85 
