 0 1 2 3 4 32 33 34 35 36 37 38 39 40 66 67 68 69 70 71 72 73 74 75 76 102 103 104 105 106 107 108 109 110 111 112 143 144 145 179 180 
 1 0 2 3 4 32 33 34 35 36 37 38 39 40 65 66 67 68 69 70 71 72 73 74 75 76 101 102 103 104 105 106 107 108 109 110 111 112 143 144 145 179 180 
 2 0 1 3 4 5 32 33 34 35 36 37 38 39 40 65 66 67 68 69 70 71 72 73 74 75 76 101 102 103 104 105 106 107 108 109 110 111 112 143 144 145 178 179 180 
 3 0 1 2 4 5 32 33 34 35 36 37 38 39 40 66 67 68 69 70 71 72 73 74 75 76 102 103 104 105 106 107 108 109 110 111 112 143 144 145 178 179 180 
 4 0 1 2 3 5 6 32 33 34 35 36 37 38 39 40 41 65 66 67 68 69 70 71 72 73 74 75 76 77 101 102 103 104 105 106 107 108 109 110 111 112 113 144 145 179 180 
 5 2 3 4 6 7 38 39 40 41 65 66 67 74 75 76 77 101 102 103 110 111 112 113 144 149 150 184 185 186 
 6 4 5 7 8 40 41 42 64 65 76 77 78 100 101 112 113 114 149 150 184 185 186 208 
 7 5 6 8 9 41 42 77 78 113 114 149 184 185 186 222 
 8 6 7 9 222 
 9 7 8 10 11 43 44 79 80 115 116 188 222 223 224 
 10 9 11 12 44 45 80 81 116 117 188 189 223 
 11 9 10 12 13 45 46 81 82 117 118 153 154 188 189 190 
 12 10 11 13 14 15 46 47 82 83 118 119 153 154 189 
 13 11 12 14 15 16 46 47 48 82 83 84 118 119 120 153 154 
 14 12 13 15 16 17 18 19 47 48 49 50 51 55 56 57 83 84 85 86 87 91 92 93 119 120 121 122 129 153 154 158 164 165 
 15 12 13 14 16 17 18 19 20 21 47 48 49 50 51 52 53 54 55 56 57 58 83 84 85 86 87 88 89 90 91 92 93 94 119 120 121 122 123 129 158 159 164 165 
 16 13 14 15 17 18 19 20 21 48 49 50 51 52 53 54 55 56 57 84 85 86 87 88 89 90 91 92 93 120 121 122 123 129 158 159 164 165 
 17 14 15 16 18 19 20 21 22 48 49 50 51 52 53 54 55 56 57 58 84 85 86 87 88 89 90 91 92 93 94 120 121 122 129 158 159 164 165 
 18 14 15 16 17 19 20 21 22 48 49 50 51 52 53 54 55 56 57 58 84 85 86 87 88 89 90 91 92 93 94 120 121 122 123 129 130 158 159 164 165 
 19 14 15 16 17 18 20 21 22 47 48 49 50 51 52 53 54 55 56 57 58 83 84 85 86 87 88 89 90 91 92 93 94 119 120 121 122 123 129 130 158 159 164 165 166 
 20 15 16 17 18 19 21 22 23 47 48 49 50 51 52 53 54 55 56 57 58 83 84 85 86 87 88 89 90 91 92 93 94 119 120 121 122 123 129 130 158 159 160 164 165 166 
 21 15 16 17 18 19 20 22 23 48 49 50 51 52 53 54 55 56 57 58 84 85 86 87 88 89 90 91 92 93 94 120 121 122 123 129 130 158 159 160 164 165 166 
 22 17 18 19 20 21 23 24 47 48 49 50 51 52 53 54 55 56 57 58 59 83 84 85 86 87 88 89 90 91 92 93 94 95 119 120 121 122 129 130 158 159 164 165 166 
 23 20 21 22 24 25 47 48 49 56 57 58 59 83 84 85 92 93 94 95 119 120 121 122 129 130 131 154 165 166 167 
 24 22 23 25 26 46 47 58 59 60 82 83 94 95 96 118 119 130 131 132 154 166 167 168 190 
 25 23 24 26 27 59 60 95 96 131 132 166 167 168 
 26 24 25 27 132 168 
 27 25 26 28 29 61 62 97 98 132 133 134 168 169 170 206 
 28 27 29 30 62 63 98 99 133 134 135 169 170 206 207 
 29 27 28 30 31 63 64 99 100 134 135 136 170 171 206 207 208 
 30 28 29 31 64 65 100 101 135 136 171 172 207 
 31 29 30 64 65 66 100 101 102 135 136 171 172 
 32 0 1 2 3 4 33 34 35 36 37 38 39 40 65 66 67 68 69 70 71 72 73 74 75 76 101 102 103 104 105 106 107 108 109 110 111 112 143 144 145 178 179 180 
 33 0 1 2 3 4 32 34 35 36 37 38 39 40 66 67 68 69 70 71 72 73 74 75 76 102 103 104 105 106 107 108 109 110 111 112 143 144 145 178 179 180 
 34 0 1 2 3 4 32 33 35 36 37 38 39 66 67 68 69 70 71 72 73 74 75 102 103 104 105 106 107 108 109 110 111 143 144 145 179 180 
 35 0 1 2 3 4 32 33 34 36 37 38 39 40 66 67 68 69 70 71 72 73 74 75 76 102 103 104 105 106 107 108 109 110 111 112 143 144 145 179 180 
 36 0 1 2 3 4 32 33 34 35 37 38 39 40 66 67 68 69 70 71 72 73 74 75 76 102 103 104 105 106 107 108 109 110 111 112 143 144 145 179 180 
 37 0 1 2 3 4 32 33 34 35 36 38 39 40 65 66 67 68 69 70 71 72 73 74 75 76 101 102 103 104 105 106 107 108 109 110 111 112 143 144 145 179 180 
 38 0 1 2 3 4 5 32 33 34 35 36 37 39 40 65 66 67 68 69 70 71 72 73 74 75 76 101 102 103 104 105 106 107 108 109 110 111 112 136 143 144 145 172 178 179 180 
 39 0 1 2 3 4 5 32 33 34 35 36 37 38 40 65 66 67 68 69 70 71 72 73 74 75 76 101 102 103 104 105 106 107 108 109 110 111 112 136 143 144 145 172 178 179 180 
 40 0 1 2 3 4 5 6 32 33 35 36 37 38 39 41 65 66 67 68 69 71 72 73 74 75 76 77 101 102 103 104 105 107 108 109 110 111 112 113 136 144 145 149 172 179 180 
 41 4 5 6 7 40 42 43 63 64 65 66 76 77 78 79 99 100 101 102 112 113 114 115 134 135 136 149 150 151 170 171 172 184 185 186 187 206 207 208 209 
 42 6 7 41 43 44 62 63 64 65 77 78 79 80 98 99 100 101 113 114 115 116 133 134 135 136 149 150 151 169 170 171 185 186 187 206 207 208 209 222 223 224 
 43 9 41 42 44 45 61 62 63 64 77 78 79 80 81 97 98 99 100 113 114 115 116 117 132 133 134 135 149 150 168 169 170 171 185 186 187 206 207 208 222 223 224 225 
 44 9 10 42 43 45 46 60 61 62 63 78 79 80 81 82 96 97 98 99 114 115 116 117 118 132 133 134 167 168 169 170 188 189 190 206 207 222 223 224 225 
 45 10 11 43 44 46 47 59 60 61 62 79 80 81 82 83 95 96 97 98 115 116 117 118 119 131 132 133 153 154 167 168 169 188 189 190 191 223 224 225 
 46 11 12 13 24 44 45 47 48 59 60 61 80 81 82 83 84 95 96 97 116 117 118 119 120 130 131 132 153 154 166 167 168 188 189 190 191 
 47 12 13 14 15 19 20 22 23 24 45 46 48 49 50 55 56 57 58 59 60 81 82 83 84 85 86 91 92 93 94 95 96 117 118 119 120 121 122 123 129 130 131 153 154 158 159 164 165 166 167 189 190 191 
 48 13 14 15 16 17 18 19 20 21 22 23 46 47 49 50 51 52 53 54 55 56 57 58 59 82 83 84 85 86 87 88 89 90 91 92 93 94 95 118 119 120 121 122 123 124 129 130 131 154 158 159 160 164 165 166 
 49 14 15 16 17 18 19 20 21 22 23 47 48 50 51 52 53 54 55 56 57 58 83 84 85 86 87 88 89 90 91 92 93 94 119 120 121 122 123 129 130 158 159 160 164 165 166 
 50 14 15 16 17 18 19 20 21 22 47 48 49 51 52 53 54 55 56 57 58 83 84 85 86 87 88 89 90 91 92 93 94 119 120 121 122 123 129 130 158 159 160 164 165 166 
 51 14 15 16 17 18 19 20 21 22 48 49 50 52 53 54 55 56 57 58 84 85 86 87 88 89 90 91 92 93 94 120 121 122 123 129 130 158 159 160 164 165 
 52 15 16 17 18 19 20 21 22 48 49 50 51 53 54 55 56 57 84 85 86 87 88 89 90 91 92 93 120 121 122 123 129 158 159 164 165 
 53 15 16 17 18 19 20 21 22 48 49 50 51 52 54 55 56 57 58 84 85 86 87 88 89 90 91 92 93 94 120 121 122 129 158 159 164 165 
 54 15 16 17 18 19 20 21 22 48 49 50 51 52 53 55 56 57 58 84 85 86 87 88 89 90 91 92 93 94 120 121 122 123 129 130 158 159 164 165 
 55 14 15 16 17 18 19 20 21 22 47 48 49 50 51 52 53 54 56 57 58 83 84 85 86 87 88 89 90 91 92 93 94 119 120 121 122 123 129 130 158 159 164 165 166 
 56 14 15 16 17 18 19 20 21 22 23 47 48 49 50 51 52 53 54 55 57 58 83 84 85 86 87 88 89 90 91 92 93 94 119 120 121 122 123 129 130 158 159 160 164 165 166 
 57 14 15 16 17 18 19 20 21 22 23 47 48 49 50 51 52 53 54 55 56 58 83 84 85 86 87 88 89 90 91 92 93 94 119 120 121 122 123 129 130 158 159 160 164 165 166 
 58 15 17 18 19 20 21 22 23 24 47 48 49 50 51 53 54 55 56 57 59 83 84 85 86 87 89 90 91 92 93 94 95 119 120 121 122 129 130 131 154 158 159 164 165 166 
 59 22 23 24 25 45 46 47 48 58 60 61 81 82 83 84 94 95 96 97 117 118 119 120 130 131 132 153 154 166 167 168 188 189 190 191 
 60 24 25 44 45 46 47 59 61 62 80 81 82 83 95 96 97 98 116 117 118 119 131 132 133 153 154 166 167 168 169 188 189 190 191 223 224 
 61 27 43 44 45 46 59 60 62 63 79 80 81 82 95 96 97 98 99 115 116 117 118 131 132 133 134 153 154 167 168 169 188 189 190 222 223 224 225 
 62 27 28 42 43 44 45 60 61 63 64 78 79 80 81 96 97 98 99 100 114 115 116 117 132 133 134 135 168 169 170 185 186 188 189 206 207 208 221 222 223 224 225 
 63 28 29 41 42 43 44 61 62 64 65 77 78 79 80 97 98 99 100 101 113 114 115 116 133 134 135 149 150 169 170 171 185 186 187 206 207 208 209 221 222 223 224 
 64 6 29 30 31 41 42 43 62 63 65 66 77 78 79 98 99 100 101 102 113 114 115 134 135 136 149 150 170 171 172 184 185 186 206 207 208 209 222 223 
 65 1 2 4 5 6 30 31 32 37 38 39 40 41 42 63 64 66 67 68 73 74 75 76 77 78 99 100 101 102 103 104 109 110 111 112 113 114 135 136 144 145 149 150 171 172 184 185 186 207 208 209 
 66 0 1 2 3 4 5 31 32 33 34 35 36 37 38 39 40 41 64 65 67 68 69 70 71 72 73 74 75 76 77 100 101 102 103 104 105 106 107 108 109 110 111 112 113 136 142 143 144 145 149 172 178 179 180 
 67 0 1 2 3 4 5 32 33 34 35 36 37 38 39 40 65 66 68 69 70 71 72 73 74 75 76 101 102 103 104 105 106 107 108 109 110 111 112 136 143 144 145 172 178 179 180 
 68 0 1 2 3 4 32 33 34 35 36 37 38 39 40 65 66 67 69 70 71 72 73 74 75 76 101 102 103 104 105 106 107 108 109 110 111 112 143 144 145 178 179 180 
 69 0 1 2 3 4 32 33 34 35 36 37 38 39 40 66 67 68 70 71 72 73 74 75 76 102 103 104 105 106 107 108 109 110 111 112 143 144 145 178 179 180 
 70 0 1 2 3 4 32 33 34 35 36 37 38 39 66 67 68 69 71 72 73 74 75 102 103 104 105 106 107 108 109 110 111 143 144 145 179 180 
 71 0 1 2 3 4 32 33 34 35 36 37 38 39 40 66 67 68 69 70 72 73 74 75 76 102 103 104 105 106 107 108 109 110 111 112 143 144 145 179 180 
 72 0 1 2 3 4 32 33 34 35 36 37 38 39 40 66 67 68 69 70 71 73 74 75 76 102 103 104 105 106 107 108 109 110 111 112 143 144 145 179 180 
 73 0 1 2 3 4 32 33 34 35 36 37 38 39 40 65 66 67 68 69 70 71 72 74 75 76 101 102 103 104 105 106 107 108 109 110 111 112 143 144 145 179 180 
 74 0 1 2 3 4 5 32 33 34 35 36 37 38 39 40 65 66 67 68 69 70 71 72 73 75 76 101 102 103 104 105 106 107 108 109 110 111 112 136 143 144 145 172 178 179 180 
 75 0 1 2 3 4 5 32 33 34 35 36 37 38 39 40 65 66 67 68 69 70 71 72 73 74 76 101 102 103 104 105 106 107 108 109 110 111 112 136 143 144 145 172 178 179 180 
 76 0 1 2 3 4 5 6 32 33 35 36 37 38 39 40 41 65 66 67 68 69 71 72 73 74 75 77 101 102 103 104 105 107 108 109 110 111 112 113 136 144 145 149 172 179 180 
 77 4 5 6 7 40 41 42 43 63 64 65 66 76 78 79 99 100 101 102 112 113 114 115 134 135 136 149 150 151 170 171 172 184 185 186 187 206 207 208 209 
 78 6 7 41 42 43 44 62 63 64 65 77 79 80 98 99 100 101 113 114 115 116 133 134 135 136 149 150 151 169 170 171 185 186 187 206 207 208 209 222 223 224 
 79 9 41 42 43 44 45 61 62 63 64 77 78 80 81 97 98 99 100 113 114 115 116 117 132 133 134 135 149 150 168 169 170 171 185 186 187 206 207 208 222 223 224 225 
 80 9 10 42 43 44 45 46 60 61 62 63 78 79 81 82 96 97 98 99 114 115 116 117 118 132 133 134 167 168 169 170 188 189 190 206 207 222 223 224 225 
 81 10 11 43 44 45 46 47 59 60 61 62 79 80 82 83 95 96 97 98 115 116 117 118 119 131 132 133 153 154 167 168 169 188 189 190 191 223 224 225 
 82 11 12 13 24 44 45 46 47 48 59 60 61 80 81 83 84 95 96 97 116 117 118 119 120 130 131 132 153 154 166 167 168 188 189 190 191 
 83 12 13 14 15 19 20 22 23 24 45 46 47 48 49 50 55 56 57 58 59 60 81 82 84 85 86 91 92 93 94 95 96 117 118 119 120 121 122 123 129 130 131 153 154 158 159 164 165 166 167 189 190 191 
 84 13 14 15 16 17 18 19 20 21 22 23 46 47 48 49 50 51 52 53 54 55 56 57 58 59 82 83 85 86 87 88 89 90 91 92 93 94 95 118 119 120 121 122 123 124 129 130 131 154 158 159 160 164 165 166 
 85 14 15 16 17 18 19 20 21 22 23 47 48 49 50 51 52 53 54 55 56 57 58 83 84 86 87 88 89 90 91 92 93 94 119 120 121 122 123 129 130 158 159 160 164 165 166 
 86 14 15 16 17 18 19 20 21 22 47 48 49 50 51 52 53 54 55 56 57 58 83 84 85 87 88 89 90 91 92 93 94 119 120 121 122 123 129 130 158 159 160 164 165 166 
 87 14 15 16 17 18 19 20 21 22 48 49 50 51 52 53 54 55 56 57 58 84 85 86 88 89 90 91 92 93 94 120 121 122 123 129 130 158 159 160 164 165 
 88 15 16 17 18 19 20 21 22 48 49 50 51 52 53 54 55 56 57 84 85 86 87 89 90 91 92 93 120 121 122 123 129 158 159 164 165 
 89 15 16 17 18 19 20 21 22 48 49 50 51 52 53 54 55 56 57 58 84 85 86 87 88 90 91 92 93 94 120 121 122 129 158 159 164 165 
 90 15 16 17 18 19 20 21 22 48 49 50 51 52 53 54 55 56 57 58 84 85 86 87 88 89 91 92 93 94 120 121 122 123 129 130 158 159 164 165 
 91 14 15 16 17 18 19 20 21 22 47 48 49 50 51 52 53 54 55 56 57 58 83 84 85 86 87 88 89 90 92 93 94 119 120 121 122 123 129 130 158 159 164 165 166 
 92 14 15 16 17 18 19 20 21 22 23 47 48 49 50 51 52 53 54 55 56 57 58 83 84 85 86 87 88 89 90 91 93 94 119 120 121 122 123 129 130 158 159 160 164 165 166 
 93 14 15 16 17 18 19 20 21 22 23 47 48 49 50 51 52 53 54 55 56 57 58 83 84 85 86 87 88 89 90 91 92 94 119 120 121 122 123 129 130 158 159 160 164 165 166 
 94 15 17 18 19 20 21 22 23 24 47 48 49 50 51 53 54 55 56 57 58 59 83 84 85 86 87 89 90 91 92 93 95 119 120 121 122 129 130 131 154 158 159 164 165 166 
 95 22 23 24 25 45 46 47 48 58 59 60 61 81 82 83 84 94 96 97 117 118 119 120 130 131 132 153 154 166 167 168 188 189 190 191 
 96 24 25 44 45 46 47 59 60 61 62 80 81 82 83 95 97 98 116 117 118 119 131 132 133 153 154 166 167 168 169 188 189 190 191 223 224 
 97 27 43 44 45 46 59 60 61 62 63 79 80 81 82 95 96 98 99 115 116 117 118 131 132 133 134 153 154 167 168 169 188 189 190 222 223 224 225 
 98 27 28 42 43 44 45 60 61 62 63 64 78 79 80 81 96 97 99 100 114 115 116 117 132 133 134 135 168 169 170 185 186 188 189 206 207 208 221 222 223 224 225 
 99 28 29 41 42 43 44 61 62 63 64 65 77 78 79 80 97 98 100 101 113 114 115 116 133 134 135 149 150 169 170 171 185 186 187 206 207 208 209 221 222 223 224 
 100 6 29 30 31 41 42 43 62 63 64 65 66 77 78 79 98 99 101 102 113 114 115 134 135 136 149 150 170 171 172 184 185 186 206 207 208 209 222 223 
 101 1 2 4 5 6 30 31 32 37 38 39 40 41 42 63 64 65 66 67 68 73 74 75 76 77 78 99 100 102 103 104 109 110 111 112 113 114 135 136 144 145 149 150 171 172 184 185 186 207 208 209 
 102 0 1 2 3 4 5 31 32 33 34 35 36 37 38 39 40 41 64 65 66 67 68 69 70 71 72 73 74 75 76 77 100 101 103 104 105 106 107 108 109 110 111 112 113 136 142 143 144 145 149 172 178 179 180 
 103 0 1 2 3 4 5 32 33 34 35 36 37 38 39 40 65 66 67 68 69 70 71 72 73 74 75 76 101 102 104 105 106 107 108 109 110 111 112 136 143 144 145 172 178 179 180 
 104 0 1 2 3 4 32 33 34 35 36 37 38 39 40 65 66 67 68 69 70 71 72 73 74 75 76 101 102 103 105 106 107 108 109 110 111 112 143 144 145 178 179 180 
 105 0 1 2 3 4 32 33 34 35 36 37 38 39 40 66 67 68 69 70 71 72 73 74 75 76 102 103 104 106 107 108 109 110 111 112 143 144 145 178 179 180 
 106 0 1 2 3 4 32 33 34 35 36 37 38 39 66 67 68 69 70 71 72 73 74 75 102 103 104 105 107 108 109 110 111 143 144 145 179 180 
 107 0 1 2 3 4 32 33 34 35 36 37 38 39 40 66 67 68 69 70 71 72 73 74 75 76 102 103 104 105 106 108 109 110 111 112 143 144 145 179 180 
 108 0 1 2 3 4 32 33 34 35 36 37 38 39 40 66 67 68 69 70 71 72 73 74 75 76 102 103 104 105 106 107 109 110 111 112 143 144 145 179 180 
 109 0 1 2 3 4 32 33 34 35 36 37 38 39 40 65 66 67 68 69 70 71 72 73 74 75 76 101 102 103 104 105 106 107 108 110 111 112 143 144 145 179 180 
 110 0 1 2 3 4 5 32 33 34 35 36 37 38 39 40 65 66 67 68 69 70 71 72 73 74 75 76 101 102 103 104 105 106 107 108 109 111 112 136 143 144 145 172 178 179 180 
 111 0 1 2 3 4 5 32 33 34 35 36 37 38 39 40 65 66 67 68 69 70 71 72 73 74 75 76 101 102 103 104 105 106 107 108 109 110 112 136 143 144 145 172 178 179 180 
 112 0 1 2 3 4 5 6 32 33 35 36 37 38 39 40 41 65 66 67 68 69 71 72 73 74 75 76 77 101 102 103 104 105 107 108 109 110 111 113 136 144 145 149 172 179 180 
 113 4 5 6 7 40 41 42 43 63 64 65 66 76 77 78 79 99 100 101 102 112 114 115 134 135 136 149 150 151 170 171 172 184 185 186 187 206 207 208 209 
 114 6 7 41 42 43 44 62 63 64 65 77 78 79 80 98 99 100 101 113 115 116 133 134 135 136 149 150 151 169 170 171 185 186 187 206 207 208 209 222 223 224 
 115 9 41 42 43 44 45 61 62 63 64 77 78 79 80 81 97 98 99 100 113 114 116 117 132 133 134 135 149 150 168 169 170 171 185 186 187 206 207 208 222 223 224 225 
 116 9 10 42 43 44 45 46 60 61 62 63 78 79 80 81 82 96 97 98 99 114 115 117 118 132 133 134 167 168 169 170 188 189 190 206 207 222 223 224 225 
 117 10 11 43 44 45 46 47 59 60 61 62 79 80 81 82 83 95 96 97 98 115 116 118 119 131 132 133 153 154 167 168 169 188 189 190 191 223 224 225 
 118 11 12 13 24 44 45 46 47 48 59 60 61 80 81 82 83 84 95 96 97 116 117 119 120 130 131 132 153 154 166 167 168 188 189 190 191 
 119 12 13 14 15 19 20 22 23 24 45 46 47 48 49 50 55 56 57 58 59 60 81 82 83 84 85 86 91 92 93 94 95 96 117 118 120 121 122 123 129 130 131 153 154 158 159 164 165 166 167 189 190 191 
 120 13 14 15 16 17 18 19 20 21 22 23 46 47 48 49 50 51 52 53 54 55 56 57 58 59 82 83 84 85 86 87 88 89 90 91 92 93 94 95 118 119 121 122 123 124 129 130 131 154 158 159 160 164 165 166 
 121 14 15 16 17 18 19 20 21 22 23 47 48 49 50 51 52 53 54 55 56 57 58 83 84 85 86 87 88 89 90 91 92 93 94 119 120 122 123 129 130 158 159 160 164 165 166 
 122 14 15 16 17 18 19 20 21 22 23 47 48 49 50 51 52 53 54 55 56 57 58 83 84 85 86 87 88 89 90 91 92 93 94 119 120 121 123 124 129 130 158 159 160 164 165 166 
 123 15 16 18 19 20 21 47 48 49 50 51 52 54 55 56 57 83 84 85 86 87 88 90 91 92 93 119 120 121 122 124 125 129 130 158 159 160 164 165 166 
 124 48 84 120 122 123 125 126 158 159 160 161 165 192 
 125 123 124 126 127 159 160 161 162 192 193 194 
 126 124 125 127 128 155 156 160 161 162 163 191 192 193 194 195 197 
 127 125 126 128 155 156 157 161 162 163 192 193 194 195 196 197 198 199 201 202 227 228 229 230 231 233 
 128 126 127 155 156 157 161 162 163 192 193 194 195 196 197 198 199 200 201 202 203 227 228 229 230 231 232 233 
 129 14 15 16 17 18 19 20 21 22 23 47 48 49 50 51 52 53 54 55 56 57 58 83 84 85 86 87 88 89 90 91 92 93 94 119 120 121 122 123 130 158 159 160 164 165 166 
 130 18 19 20 21 22 23 24 46 47 48 49 50 51 54 55 56 57 58 59 82 83 84 85 86 87 90 91 92 93 94 95 118 119 120 121 122 123 129 131 154 158 159 164 165 166 167 
 131 23 24 25 45 46 47 48 58 59 60 61 81 82 83 84 94 95 96 97 117 118 119 120 130 132 153 154 166 167 168 188 189 190 191 
 132 24 25 26 27 43 44 45 46 59 60 61 62 79 80 81 82 95 96 97 98 115 116 117 118 131 133 153 154 167 168 169 188 189 190 191 223 224 225 
 133 27 28 42 43 44 45 60 61 62 63 78 79 80 81 96 97 98 99 114 115 116 117 132 134 167 168 169 170 189 190 206 207 222 223 224 225 
 134 27 28 29 41 42 43 44 61 62 63 64 77 78 79 80 97 98 99 100 113 114 115 116 133 135 149 150 151 168 169 170 171 185 186 187 205 206 207 208 222 223 224 225 
 135 28 29 30 31 41 42 43 62 63 64 65 77 78 79 98 99 100 101 113 114 115 134 136 149 150 151 169 170 171 172 185 186 187 205 206 207 208 
 136 29 30 31 38 39 40 41 42 64 65 66 67 74 75 76 77 78 100 101 102 103 110 111 112 113 114 135 149 150 151 170 171 172 185 186 187 206 207 
 137 138 139 146 147 173 174 181 182 212 213 216 217 218 219 220 
 138 137 139 140 146 147 148 173 174 175 176 181 182 183 210 211 212 213 214 215 216 217 218 219 220 
 139 137 138 140 141 146 147 148 173 174 175 176 177 181 182 183 184 209 210 211 212 213 214 215 216 217 218 219 220 221 
 140 138 139 141 142 146 147 148 174 175 176 177 178 181 182 183 184 209 210 211 212 213 220 
 141 139 140 142 143 147 148 175 176 177 178 179 182 183 184 209 210 211 212 
 142 66 102 140 141 143 144 176 177 178 179 180 183 210 
 143 0 1 2 3 32 33 34 35 36 37 38 39 66 67 68 69 70 71 72 73 74 75 102 103 104 105 106 107 108 109 110 111 141 142 144 145 177 178 179 180 
 144 0 1 2 3 4 5 32 33 34 35 36 37 38 39 40 65 66 67 68 69 70 71 72 73 74 75 76 101 102 103 104 105 106 107 108 109 110 111 112 142 143 145 177 178 179 180 
 145 0 1 2 3 4 32 33 34 35 36 37 38 39 40 65 66 67 68 69 70 71 72 73 74 75 76 101 102 103 104 105 106 107 108 109 110 111 112 143 144 179 180 
 146 137 138 139 140 147 148 173 174 175 181 182 183 211 212 213 214 215 216 217 218 219 220 
 147 137 138 139 140 141 146 148 173 174 175 176 181 182 183 210 211 212 213 214 215 216 217 218 219 220 
 148 138 139 140 141 146 147 173 174 175 176 181 182 183 184 209 210 211 212 213 220 221 
 149 5 6 7 40 41 42 43 63 64 65 66 76 77 78 79 99 100 101 102 112 113 114 115 134 135 136 150 170 171 172 184 185 186 187 206 207 208 209 222 223 
 150 5 6 41 42 43 63 64 65 77 78 79 99 100 101 113 114 115 134 135 136 149 151 170 171 172 185 186 187 205 206 207 208 223 224 
 151 41 42 77 78 113 114 134 135 136 150 170 171 172 186 187 204 205 206 207 
 152 153 188 
 153 11 12 13 14 45 46 47 59 60 61 81 82 83 95 96 97 117 118 119 131 132 152 154 167 188 189 190 
 154 11 12 13 14 23 24 45 46 47 48 58 59 60 61 81 82 83 84 94 95 96 97 117 118 119 120 130 131 132 153 166 167 168 188 189 190 191 
 155 126 127 128 156 157 162 163 191 192 193 194 195 202 203 225 226 227 228 229 230 
 156 126 127 128 155 157 161 162 163 192 193 194 195 196 197 198 199 200 201 202 203 226 227 228 229 230 231 232 233 
 157 127 128 155 156 162 163 193 194 195 196 197 198 199 200 201 202 203 227 228 229 230 231 232 233 
 158 14 15 16 17 18 19 20 21 22 47 48 49 50 51 52 53 54 55 56 57 58 83 84 85 86 87 88 89 90 91 92 93 94 119 120 121 122 123 124 129 130 159 160 164 165 166 
 159 15 16 17 18 19 20 21 22 47 48 49 50 51 52 53 54 55 56 57 58 83 84 85 86 87 88 89 90 91 92 93 94 119 120 121 122 123 124 125 129 130 158 160 164 165 166 
 160 20 21 48 49 50 51 56 57 84 85 86 87 92 93 120 121 122 123 124 125 126 129 158 159 165 166 
 161 124 125 126 127 128 156 162 163 192 193 194 195 196 197 198 229 
 162 125 126 127 128 155 156 157 161 163 192 193 194 195 196 197 198 199 200 201 202 227 228 229 230 231 232 233 
 163 126 127 128 155 156 157 161 162 193 194 195 196 197 198 199 200 201 202 227 228 229 230 231 232 233 
 164 14 15 16 17 18 19 20 21 22 47 48 49 50 51 52 53 54 55 56 57 58 83 84 85 86 87 88 89 90 91 92 93 94 119 120 121 122 123 129 130 158 159 165 166 
 165 14 15 16 17 18 19 20 21 22 23 47 48 49 50 51 52 53 54 55 56 57 58 83 84 85 86 87 88 89 90 91 92 93 94 119 120 121 122 123 124 129 130 158 159 160 164 166 
 166 19 20 21 22 23 24 25 46 47 48 49 50 55 56 57 58 59 60 82 83 84 85 86 91 92 93 94 95 96 118 119 120 121 122 123 129 130 131 154 158 159 160 164 165 167 190 191 
 167 23 24 25 44 45 46 47 59 60 61 80 81 82 83 95 96 97 116 117 118 119 130 131 132 133 153 154 166 168 188 189 190 191 
 168 24 25 26 27 43 44 45 46 59 60 61 62 79 80 81 82 95 96 97 98 115 116 117 118 131 132 133 134 154 167 169 188 189 190 191 223 224 225 226 
 169 27 28 42 43 44 45 60 61 62 63 78 79 80 81 96 97 98 99 114 115 116 117 132 133 134 135 168 170 186 187 205 206 207 223 224 225 226 
 170 27 28 29 41 42 43 44 62 63 64 77 78 79 80 98 99 100 113 114 115 116 133 134 135 136 149 150 151 169 171 185 186 187 204 205 206 207 208 223 224 225 
 171 29 30 31 41 42 43 63 64 65 77 78 79 99 100 101 113 114 115 134 135 136 149 150 151 170 172 185 186 187 205 206 207 208 
 172 30 31 38 39 40 41 64 65 66 67 74 75 76 77 100 101 102 103 110 111 112 113 135 136 149 150 151 171 186 187 
 173 137 138 139 146 147 148 174 175 181 182 211 212 213 216 217 218 219 220 221 
 174 137 138 139 140 146 147 148 173 175 176 181 182 183 209 210 211 212 213 214 215 216 217 218 219 220 221 
 175 138 139 140 141 146 147 148 173 174 176 177 181 182 183 184 209 210 211 212 213 214 215 216 220 221 
 176 138 139 140 141 142 147 148 174 175 177 178 181 182 183 184 209 210 211 212 213 220 
 177 139 140 141 142 143 144 175 176 178 179 182 183 184 209 210 211 
 178 2 3 32 33 38 39 66 67 68 69 74 75 102 103 104 105 110 111 140 141 142 143 144 176 177 179 180 
 179 0 1 2 3 4 32 33 34 35 36 37 38 39 40 66 67 68 69 70 71 72 73 74 75 76 102 103 104 105 106 107 108 109 110 111 112 141 142 143 144 145 177 178 180 
 180 0 1 2 3 4 32 33 34 35 36 37 38 39 40 66 67 68 69 70 71 72 73 74 75 76 102 103 104 105 106 107 108 109 110 111 112 142 143 144 145 178 179 
 181 137 138 139 140 146 147 148 173 174 175 176 182 183 210 211 212 213 214 215 216 217 218 219 220 
 182 137 138 139 140 141 146 147 148 173 174 175 176 177 181 183 184 209 210 211 212 213 214 215 216 217 218 219 220 221 
 183 138 139 140 141 142 146 147 148 174 175 176 177 181 182 184 209 210 211 212 213 220 221 
 184 5 6 7 41 64 65 77 100 101 113 139 140 141 148 149 175 176 177 182 183 185 208 209 210 211 220 221 222 
 185 5 6 7 41 42 43 62 63 64 65 77 78 79 98 99 100 101 113 114 115 134 135 136 149 150 170 171 184 186 206 207 208 209 221 222 223 
 186 5 6 7 41 42 43 62 63 64 65 77 78 79 98 99 100 101 113 114 115 134 135 136 149 150 151 169 170 171 172 185 187 206 207 208 222 223 224 
 187 41 42 43 63 77 78 79 99 113 114 115 134 135 136 149 150 151 169 170 171 172 186 204 205 206 207 224 225 
 188 9 10 11 44 45 46 59 60 61 62 80 81 82 95 96 97 98 116 117 118 131 132 152 153 154 167 168 189 190 222 223 
 189 10 11 12 44 45 46 47 59 60 61 62 80 81 82 83 95 96 97 98 116 117 118 119 131 132 133 153 154 167 168 188 190 191 223 224 
 190 11 24 44 45 46 47 59 60 61 80 81 82 83 95 96 97 116 117 118 119 131 132 133 153 154 166 167 168 188 189 191 192 224 225 
 191 45 46 47 59 60 81 82 83 95 96 117 118 119 126 131 132 154 155 166 167 168 189 190 192 193 225 226 
 192 124 125 126 127 128 155 156 161 162 190 191 193 194 195 226 227 
 193 125 126 127 128 155 156 157 161 162 163 191 192 194 195 196 197 198 226 227 228 229 230 
 194 125 126 127 128 155 156 157 161 162 163 192 193 195 196 197 198 199 200 201 202 227 228 229 230 231 233 
 195 126 127 128 155 156 157 161 162 163 192 193 194 196 197 198 199 200 201 202 227 228 229 230 231 232 233 
 196 127 128 156 157 161 162 163 193 194 195 197 198 199 200 201 202 228 229 230 231 232 233 
 197 126 127 128 156 157 161 162 163 193 194 195 196 198 199 200 201 202 228 229 230 231 232 233 
 198 127 128 156 157 161 162 163 193 194 195 196 197 199 200 201 202 227 228 229 230 231 232 233 
 199 127 128 156 157 162 163 194 195 196 197 198 200 201 202 227 228 229 230 231 232 233 
 200 128 156 157 162 163 194 195 196 197 198 199 201 202 227 228 229 230 231 232 233 
 201 127 128 156 157 162 163 194 195 196 197 198 199 200 202 203 227 228 229 230 231 232 233 
 202 127 128 155 156 157 162 163 194 195 196 197 198 199 200 201 203 204 227 228 229 230 231 233 
 203 128 155 156 157 201 202 204 205 225 226 227 228 229 
 204 151 170 187 202 203 205 206 225 226 227 
 205 134 135 150 151 169 170 171 187 203 204 206 225 226 
 206 27 28 29 41 42 43 44 62 63 64 77 78 79 80 98 99 100 113 114 115 116 133 134 135 136 149 150 151 169 170 171 185 186 187 204 205 207 208 223 224 225 
 207 28 29 30 41 42 43 44 62 63 64 65 77 78 79 80 98 99 100 101 113 114 115 116 133 134 135 136 149 150 151 169 170 171 185 186 187 206 208 209 222 223 224 
 208 6 29 41 42 43 62 63 64 65 77 78 79 98 99 100 101 113 114 115 134 135 149 150 170 171 184 185 186 206 207 209 210 221 222 223 
 209 41 42 63 64 65 77 78 99 100 101 113 114 139 140 141 148 149 174 175 176 177 182 183 184 185 207 208 210 211 220 221 222 
 210 138 139 140 141 142 147 148 174 175 176 177 181 182 183 184 208 209 211 212 213 220 221 
 211 138 139 140 141 146 147 148 173 174 175 176 177 181 182 183 184 209 210 212 213 214 215 216 220 221 
 212 137 138 139 140 141 146 147 148 173 174 175 176 181 182 183 210 211 213 214 215 216 217 218 219 220 
 213 137 138 139 140 146 147 148 173 174 175 176 181 182 183 210 211 212 214 215 216 217 218 219 220 
 214 138 139 146 147 174 175 181 182 211 212 213 215 216 217 218 219 
 215 138 139 146 147 174 175 181 182 211 212 213 214 216 217 218 219 
 216 137 138 139 146 147 173 174 175 181 182 211 212 213 214 215 217 218 219 220 
 217 137 138 139 146 147 173 174 181 182 212 213 214 215 216 218 219 220 
 218 137 138 139 146 147 173 174 181 182 212 213 214 215 216 217 219 
 219 137 138 139 146 147 173 174 181 182 212 213 214 215 216 217 218 220 
 220 137 138 139 140 146 147 148 173 174 175 176 181 182 183 184 209 210 211 212 213 216 217 219 221 
 221 62 63 98 99 139 148 173 174 175 182 183 184 185 208 209 210 211 220 222 223 
 222 7 8 9 42 43 44 61 62 63 64 78 79 80 97 98 99 100 114 115 116 133 134 149 184 185 186 188 207 208 209 221 223 224 
 223 9 10 42 43 44 45 60 61 62 63 64 78 79 80 81 96 97 98 99 100 114 115 116 117 132 133 134 149 150 168 169 170 185 186 188 189 206 207 208 221 222 224 225 
 224 9 42 43 44 45 60 61 62 63 78 79 80 81 96 97 98 99 114 115 116 117 132 133 134 150 168 169 170 186 187 189 190 206 207 222 223 225 226 
 225 43 44 45 61 62 79 80 81 97 98 115 116 117 132 133 134 155 168 169 170 187 190 191 203 204 205 206 223 224 226 227 
 226 155 156 168 169 191 192 193 203 204 205 224 225 227 228 
 227 127 128 155 156 157 162 163 192 193 194 195 198 199 200 201 202 203 204 225 226 228 229 230 
 228 127 128 155 156 157 162 163 193 194 195 196 197 198 199 200 201 202 203 226 227 229 230 231 232 233 
 229 127 128 155 156 157 161 162 163 193 194 195 196 197 198 199 200 201 202 203 227 228 230 231 232 233 
 230 127 128 155 156 157 162 163 193 194 195 196 197 198 199 200 201 202 227 228 229 231 232 233 
 231 127 128 156 157 162 163 194 195 196 197 198 199 200 201 202 228 229 230 232 233 
 232 128 156 157 162 163 195 196 197 198 199 200 201 228 229 230 231 233 
 233 127 128 156 157 162 163 194 195 196 197 198 199 200 201 202 228 229 230 231 232 
