    -14.49      -5.70     -24.60    0   45     147.66 0 0
    -12.70       9.51     -24.71    1   43     147.29 0 0
      2.31      15.73     -24.62    2   46     147.15 0 0
     14.84       6.09     -24.34    3   46     146.61 0 0
     12.38      -9.07     -24.43    4   46     147.87 0 0
     -1.83     -15.68     -24.72    5   53     147.43 0 0
     -9.64     -12.62     -19.57    6   93     140.93 0 0
    -15.20       1.99     -19.53    7   83     141.87 0 0
     -5.33      14.68     -19.82    8   89     141.77 0 0
     10.32      11.87     -19.70    9   91     141.40 0 0
     15.67      -2.57     -19.69   10   80     141.12 0 0
      5.47     -15.06     -19.58   11   84     140.72 0 0
    -15.85     -11.55     -14.57   12  112     126.61 0 0
    -19.93       2.97     -14.62   13  127     125.96 0 0
    -12.49      15.65     -14.71   14   95     126.31 0 0
      3.40      19.03     -14.62   15  100     127.09 0 0
     15.96      12.14     -14.68   16  108     126.20 0 0
     18.91      -3.14     -14.73   17  109     127.54 0 0
     11.44     -15.78     -14.51   18  122     126.67 0 0
     -3.38     -19.32     -14.62   19  114     126.70 0 0
    -17.67     -17.64      -9.80   20  117     111.43 0 0
    -24.18      -3.77      -9.89   21  105     112.01 0 0
    -22.37      11.41      -9.72   22  120     111.15 0 0
    -12.04      22.08      -9.80   23   98     111.29 0 0
      3.76      24.37      -9.82   24   98     111.71 0 0
     17.37      18.25      -9.89   25  115     111.43 0 0
     24.29       3.99      -9.93   26   86     111.97 0 0
     21.97     -11.06      -9.75   27  112     111.63 0 0
     12.27     -22.21     -10.07   28  103     111.66 0 0
     -3.76     -24.74     -10.10   29  103     111.98 0 0
    -10.83     -22.69      -5.03   30  145     101.31 0 0
    -22.07     -11.48      -4.77   31  137     100.84 0 0
    -24.50       3.68      -4.99   32  133     101.40 0 0
    -18.70      16.92      -4.91   33  121     101.03 0 0
     -4.20      24.64      -4.93   34  120     101.16 0 0
     11.02      22.74      -4.80   35  133     100.76 0 0
     21.85      11.72      -4.90   36  133     101.18 0 0
     24.18      -3.90      -4.69   37  112     100.85 0 0
     17.91     -17.67      -4.63   38  136     100.43 0 0
      3.82     -24.35      -4.87   39  118     101.18 0 0
    -15.57     -25.22       0.12   40  106      89.77 0 0
    -26.58     -13.97       0.01   41  117      89.98 0 0
    -29.84       1.09       0.05   42  102      89.91 0 0
    -24.94      16.33       0.17   43  120      89.67 0 0
    -14.20      26.24       0.12   44  104      89.77 0 0
      1.03      30.09       0.08   45  119      89.85 0 0
     15.47      25.51       0.12   46  104      89.77 0 0
     26.39      13.74       0.32   47  103      89.38 0 0
     29.71      -1.20       0.14   48  119      89.72 0 0
     25.92     -15.72       0.20   49   90      89.63 0 0
     14.28     -26.04       0.12   50  109      89.77 0 0
     -0.87     -29.93       0.09   51  106      89.83 0 0
    -15.29     -29.30       4.98   52   89      81.43 0 0
    -26.81     -19.44       5.04   53  107      81.35 0 0
    -32.49      -6.00       5.09   54   98      81.24 0 0
    -32.46       8.15       4.99   55   95      81.52 0 0
    -25.51      21.29       5.27   56   91      80.99 0 0
    -13.08      30.45       5.06   57   94      81.31 0 0
      1.51      33.10       5.11   58  109      81.23 0 0
     15.74      29.18       5.13   59  100      81.20 0 0
     26.84      19.77       5.11   60  105      81.29 0 0
     32.64       6.28       5.39   61   85      80.80 0 0
     32.06      -8.22       5.00   62   90      81.42 0 0
     25.56     -21.70       5.13   63   85      81.31 0 0
     13.69     -30.60       5.14   64   96      81.29 0 0
     -0.98     -33.63       4.96   65   90      81.61 0 0
    -18.92     -28.16      10.35   66  121      73.03 0 0
    -28.92     -17.28      10.17   67  118      73.20 0 0
    -33.31      -1.88      10.21   68  156      72.99 0 0
    -30.76      12.80      10.33   69  139      72.78 0 0
    -23.12      24.83      10.27   70  141      73.16 0 0
    -10.16      32.14      10.53   71  123      72.65 0 0
      5.18      33.34      10.34   72  127      72.96 0 0
     19.06      27.97      10.49   73  123      72.78 0 0
     29.25      16.56      10.22   74  145      73.09 0 0
     33.82       2.47      10.23   75  158      73.22 0 0
     31.23     -12.40      10.43   76  147      72.75 0 0
     23.03     -24.38      10.42   77  129      72.74 0 0
      9.74     -32.05      10.47   78  115      72.64 0 0
     -5.01     -33.17      10.28   79  131      72.95 0 0
    -11.87     -29.78      15.63   80  155      64.01 0 0
    -23.36     -20.98      15.78   81  168      63.32 0 0
    -30.27      -9.11      15.75   82  149      63.51 0 0
    -31.17       5.20      15.60   83  166      63.72 0 0
    -25.87      18.32      15.71   84  137      63.64 0 0
    -15.12      27.52      15.72   85  154      63.40 0 0
     -1.85      31.41      15.78   86  177      63.36 0 0
     11.87      29.05      15.62   87  153      63.55 0 0
     23.60      20.96      15.88   88  182      63.29 0 0
     30.40       9.06      15.89   89  168      63.38 0 0
     30.93      -5.54      15.81   90  178      63.29 0 0
     25.65     -18.11      15.73   91  175      63.39 0 0
     15.61     -27.86      15.59   92  153      63.99 0 0
      2.24     -31.77      15.63   93  163      63.86 0 0
    -16.49     -23.69      21.18   94  201      53.73 0 0
    -25.40     -14.39      21.17   95  166      54.05 0 0
    -28.90      -1.90      21.11   96  171      53.92 0 0
    -27.11      10.69      21.11   97  222      54.08 0 0
    -19.38      21.58      21.10   98  194      53.96 0 0
     -8.13      27.70      21.23   99  190      53.67 0 0
      4.47      28.98      21.39  100  196      53.90 0 0
     16.70      24.36      21.13  101  195      54.43 0 0
     25.70      14.04      21.20  102  165      54.09 0 0
     28.96       1.69      21.28  103  226      53.74 0 0
     27.41     -10.94      21.17  104  188      54.35 0 0
     19.61     -21.55      21.05  105  188      54.15 0 0
      8.23     -28.07      21.30  106  198      53.94 0 0
     -4.84     -28.49      21.28  107  205      53.63 0 0
    -10.86     -25.46      26.69  108  182      46.05 0 0
    -20.60     -18.77      26.62  109  226      46.31 0 0
    -26.85      -7.74      26.54  110  201      46.47 0 0
    -27.42       4.51      26.68  111  219      46.16 0 0
    -22.30      16.00      26.51  112  190      46.00 0 0
    -13.70      24.28      26.69  113  213      46.25 0 0
     -1.53      27.65      26.58  114  205      46.17 0 0
     10.71      25.38      26.60  115  236      46.00 0 0
     20.70      18.46      26.69  116  194      46.10 0 0
     26.62       7.81      26.68  117  192      46.11 0 0
     27.24      -4.71      26.66  118  195      46.04 0 0
     22.66     -15.91      26.61  119  206      46.14 0 0
     13.55     -24.42      26.70  120  222      46.29 0 0
      1.28     -27.63      26.63  121  175      46.08 0 0
    -18.91     -25.77      36.77  122   77      41.01 0 0
    -25.90     -18.88      37.00  123   64      40.90 0 0
    -25.99      18.81      37.40  124   68      40.62 0 0
    -18.82      25.41      36.71  125   76      40.74 0 0
     18.92      25.81      36.85  126   66      40.97 0 0
     25.41      18.85      36.76  127   58      40.73 0 0
     25.90     -18.51      37.23  128   68      40.54 0 0
     19.17     -25.61      37.03  129   82      40.82 0 0
     -4.13     -27.05      37.81  130  112      35.89 0 0
    -11.90     -25.67      37.00  131   83      37.40 0 0
    -18.63     -18.76      36.42  132  103      35.97 0 0
    -25.85     -12.14      36.30  133  128      38.19 0 0
    -27.07      -4.02      38.51  134   80      35.39 0 0
    -27.08       4.30      38.24  135   95      35.64 0 0
    -25.97      12.06      35.89  136  101      38.58 0 0
    -18.91      18.82      35.89  137  129      36.62 0 0
    -11.56      25.88      36.97  138   84      37.48 0 0
     -4.25      26.88      37.12  139  108      36.25 0 0
      4.51      27.09      37.83  140   96      35.97 0 0
     11.98      25.78      36.83  141   61      37.66 0 0
     18.82      18.85      36.15  142  115      36.39 0 0
     26.02      12.11      36.00  143   88      38.56 0 0
     26.70       4.42      37.49  144   72      35.82 0 0
     26.92      -4.49      38.31  145   86      35.47 0 0
     25.80     -12.07      36.33  146   82      38.09 0 0
     18.71     -19.05      36.30  147  116      36.34 0 0
     11.78     -25.71      36.49  148   93      37.77 0 0
      4.74     -26.87      37.45  149  100      36.08 0 0
     -4.26     -21.76      37.25  150  119      30.77 0 0
    -11.95     -18.80      36.14  151  163      31.66 0 0
    -18.70     -11.89      35.97  152  151      31.64 0 0
    -21.67      -4.44      37.57  153  124      30.49 0 0
    -21.63       4.16      37.19  154  146      30.64 0 0
    -18.94      12.27      36.36  155  136      31.83 0 0
    -12.03      18.64      36.12  156  142      31.56 0 0
     -4.29      21.56      37.43  157  133      30.43 0 0
      4.33      21.77      37.75  158  125      30.45 0 0
     11.80      18.67      36.10  159  119      31.46 0 0
     18.98      11.93      35.96  160  152      31.93 0 0
     21.64       4.06      37.70  161  130      30.29 0 0
     21.54      -4.30      37.01  162  143      30.69 0 0
     18.70     -11.88      36.00  163  144      31.61 0 0
     12.01     -18.85      35.79  164  142      31.99 0 0
      4.41     -21.86      37.39  165  168      30.81 0 0
     -4.34     -16.31      37.20  166  165      24.40 0 0
    -11.92     -11.82      35.60  167  202      25.24 0 0
    -16.58      -4.23      37.00  168  189      24.81 0 0
    -16.39       4.38      37.11  169  219      24.57 0 0
    -12.06      11.79      35.78  170  206      25.24 0 0
     -4.43      16.35      36.45  171  186      24.93 0 0
      4.14      16.41      36.81  172  195      24.69 0 0
     11.93      11.84      36.11  173  200      24.97 0 0
     16.26       4.15      37.23  174  187      24.26 0 0
     16.34      -3.99      36.71  175  190      24.62 0 0
     11.83     -11.94      35.64  176  190      25.25 0 0
      4.32     -16.46      37.69  177  182      24.30 0 0
     -4.02     -11.05      37.48  178  266      17.43 0 0
    -11.03      -4.18      37.33  179  281      17.53 0 0
    -11.01       4.32      37.23  180  297      17.63 0 0
     -4.24      10.89      37.77  181  271      17.19 0 0
      3.97      11.18      37.17  182  295      17.71 0 0
     10.96       4.11      36.97  183  291      17.57 0 0
     10.83      -4.34      37.38  184  287      17.34 0 0
      4.09     -10.90      36.71  185  295      17.60 0 0
