   0       0.23       2.10       0.40        nan
   1       1.42       0.66       0.29        nan
   2       1.70      -0.92       0.38        nan
   3       0.12      -1.71       0.66        nan
   4      -1.74      -0.22       0.57        nan
   5      -1.22       0.97       0.28        nan
   6       0.64       0.49       0.43        nan
   7       1.30      -0.35       0.47        nan
   8       0.89      -0.78       0.18        nan
   9       0.04      -1.24       0.30        nan
  10      -0.83      -0.23       0.31        nan
  11      -0.75       0.40       0.42        nan
  12       0.56       1.02       0.43        nan
  13       0.56       0.25       0.38        nan
  14       0.08      -0.76       0.29        nan
  15       0.68      -1.46       0.38        nan
  16      -0.45      -0.43       0.32        nan
  17      -1.58      -0.42       0.27        nan
  18      -1.13       0.63       0.49        nan
  19      -0.66       1.17       0.38        nan
  20       0.49       1.68       0.20        nan
  21       1.87       1.18       0.11        nan
  22       1.61       0.10       0.28        nan
  23       0.72      -1.16       0.20        nan
  24       0.42      -1.93       0.18        nan
  25      -0.79      -1.07       0.11        nan
  26      -1.76      -0.96       0.07        nan
  27      -2.01       0.25       0.25        nan
  28      -0.49       1.03      -0.07        nan
  29      -0.42       1.56      -0.10        nan
  30       0.48       1.29      -0.03        nan
  31       1.17       1.28       0.23        nan
  32       1.80       0.34       0.01        nan
  33       0.62      -1.24       0.09        nan
  34       0.75      -1.41       0.07        nan
  35      -0.29      -1.24       0.20        nan
  36      -1.39      -1.04       0.10        nan
  37      -2.12      -0.56       0.31        nan
  38      -1.41       0.49       0.37        nan
  39      -1.13       1.70       0.13        nan
  40       0.73       1.86       0.12        nan
  41       1.07       1.33       0.01        nan
  42       1.76       0.52       0.05        nan
  43       2.14       0.03       0.17        nan
  44       1.10      -1.41       0.12        nan
  45       0.46      -1.51       0.08        nan
  46      -0.83      -1.57       0.12        nan
  47      -1.26      -1.56       0.32        nan
  48      -1.89      -0.63       0.14        nan
  49      -1.16       0.58       0.20        nan
  50      -1.02       1.61       0.12        nan
  51      -0.30       1.67       0.09        nan
  52       0.43       2.06      -0.02        nan
  53       0.96       1.99       0.04        nan
  54       1.83       1.26       0.09        nan
  55       1.61      -0.20      -0.01        nan
  56       1.57      -1.02       0.27        nan
  57       1.64      -1.40       0.06        nan
  58       0.95      -1.98       0.11        nan
  59       0.02      -2.18       0.13        nan
  60      -0.93      -1.66       0.11        nan
  61      -1.68      -0.98       0.39        nan
  62      -2.01       0.13      -0.00        nan
  63      -1.52       0.61       0.13        nan
  64      -1.03       1.25       0.14        nan
  65      -0.42       1.45      -0.04        nan
  66       0.55       1.57       0.10        nan
  67       1.51       1.06      -0.08        nan
  68       2.07       1.43      -0.04        nan
  69       2.55       0.44       0.08        nan
  70       1.53      -0.76       0.02        nan
  71       0.94      -1.61       0.28        nan
  72       0.54      -1.89       0.09        nan
  73      -0.41      -1.76       0.24        nan
  74      -1.18      -1.78      -0.03        nan
  75      -1.56      -0.84      -0.02        nan
  76      -2.08      -0.04       0.18        nan
  77      -1.62       1.21       0.17        nan
  78      -1.36       1.70       0.22        nan
  79      -0.37       2.06       0.03        nan
  80      -0.10       1.94      -0.12        nan
  81       1.01       2.49       0.03        nan
  82       1.87       1.46       0.00        nan
  83       2.37       0.78      -0.15        nan
  84       2.43      -0.21      -0.04        nan
  85       2.34      -1.46      -0.03        nan
  86       1.31      -2.27       0.03        nan
  87       0.10      -2.67      -0.13        nan
  88      -0.77      -2.51       0.13        nan
  89      -1.74      -1.51       0.14        nan
  90      -2.61      -1.12       0.06        nan
  91      -2.65       0.42      -0.02        nan
  92      -1.85       1.12      -0.16        nan
  93      -0.92       1.91      -0.12        nan
  94       0.49       3.26      -0.07        nan
  95       1.59       2.52      -0.08        nan
  96       2.75       1.63      -0.14        nan
  97       2.94       0.14      -0.14        nan
  98       3.11      -0.97      -0.15        nan
  99       2.35      -2.37      -0.02        nan
 100       0.87      -2.66       0.14        nan
 101      -0.28      -2.59      -0.12        nan
 102      -1.29      -2.87      -0.05        nan
 103      -2.69      -1.84       0.03        nan
 104      -2.64      -0.39      -0.08        nan
 105      -2.88       1.00      -0.20        nan
 106      -2.25       2.00       0.05        nan
 107      -1.24       3.15       0.03        nan
 108      -0.73       3.44      -0.06        nan
 109       1.06       2.87      -0.13        nan
 110       2.06       2.36      -0.21        nan
 111       3.00       1.07      -0.07        nan
 112       3.62      -0.30      -0.24        nan
 113       2.58      -1.65      -0.06        nan
 114       1.88      -2.78      -0.17        nan
 115       0.58      -3.52      -0.15        nan
 116      -0.96      -3.18      -0.06        nan
 117      -2.29      -2.29      -0.07        nan
 118      -3.18      -1.27      -0.09        nan
 119      -3.26       0.39      -0.14        nan
 120      -2.73       1.51      -0.05        nan
 121      -2.13       2.80      -0.12        nan
 122       0.54       0.68       0.03        nan
 123       0.55       0.57       0.26        nan
 124       0.46      -0.64       0.66        nan
 125       0.63      -1.04      -0.03        nan
 126      -0.53      -0.64       0.11        nan
 127      -1.04      -0.60       0.02        nan
 128      -0.55       0.94       0.49        nan
 129      -0.28       0.84       0.29        nan
 130       0.37       0.36      -0.93        nan
 131       0.55       0.78       0.26        nan
 132       0.82       0.69      -0.32        nan
 133       0.60       0.31      -0.44        nan
 134       0.34       0.48      -0.23        nan
 135       0.33      -0.20      -0.50        nan
 136       0.48      -0.39      -0.85        nan
 137       0.54      -0.63      -0.85        nan
 138       0.89      -0.57       0.23        nan
 139       0.25      -0.53      -1.62        nan
 140       0.01      -0.32      -0.91        nan
 141      -0.47      -0.67       0.09        nan
 142      -0.63      -0.60      -0.59        nan
 143      -0.43      -0.34      -0.74        nan
 144      -0.71      -0.08      -1.25        nan
 145      -0.49       0.01      -0.43        nan
 146      -0.65       0.38      -0.41        nan
 147      -0.74       0.40      -0.44        nan
 148      -0.67       0.74      -0.25        nan
 149       0.24       0.54      -1.29        nan
 150       0.24       0.35      -1.49        nan
 151       0.50       0.65      -0.60        nan
 152       0.75       0.56      -0.77        nan
 153       0.44       0.06      -1.17        nan
 154       0.48      -0.34      -1.55        nan
 155       0.51      -0.18      -0.38        nan
 156       0.42      -0.81      -0.62        nan
 157       0.21      -0.55      -1.31        nan
 158      -0.17      -0.34      -0.99        nan
 159      -0.65      -0.78      -0.64        nan
 160      -0.47      -0.52      -0.78        nan
 161      -0.47      -0.44      -1.04        nan
 162      -0.57       0.20      -1.73        nan
 163      -0.75       0.57      -0.74        nan
 164      -0.44       0.60      -0.95        nan
 165      -0.09       0.25      -1.35        nan
 166       0.16       0.50      -1.54        nan
 167       0.53       0.63      -1.14        nan
 168       0.23       0.27      -1.74        nan
 169       0.42      -0.12      -1.63        nan
 170       0.39      -0.66      -0.96        nan
 171       0.07      -0.46      -2.29        nan
 172      -0.36      -0.40      -1.93        nan
 173      -0.52      -0.61      -0.63        nan
 174      -0.55      -0.35      -1.51        nan
 175      -0.47       0.51      -2.03        nan
 176      -0.62       0.51      -1.10        nan
 177      -0.18       0.35      -1.05        nan
 178       0.48       0.46      -1.26        nan
 179       0.48       0.32      -1.41        nan
 180       0.50      -0.18      -1.51        nan
 181       0.26      -0.62      -0.97        nan
 182      -0.53      -0.33      -1.57        nan
 183      -0.55      -0.39      -1.77        nan
 184      -0.68       0.16      -1.36        nan
 185      -0.41       0.61      -2.03        nan
